INFO - 2023-12-18 07:44:31 --> Session: Class initialized using 'CodeIgniter\Session\Handlers\FileHandler' driver.
INFO - 2023-12-18 07:44:31 --> Session: Class initialized using 'CodeIgniter\Session\Handlers\FileHandler' driver.
INFO - 2023-12-18 07:53:06 --> Session: Class initialized using 'CodeIgniter\Session\Handlers\FileHandler' driver.
INFO - 2023-12-18 07:53:06 --> Session: Class initialized using 'CodeIgniter\Session\Handlers\FileHandler' driver.
INFO - 2023-12-18 07:58:46 --> Session: Class initialized using 'CodeIgniter\Session\Handlers\FileHandler' driver.
INFO - 2023-12-18 07:58:46 --> Session: Class initialized using 'CodeIgniter\Session\Handlers\FileHandler' driver.
ERROR - 2023-12-18 08:01:30 --> mysqli_sql_exception: Unknown table 'tsttokomaterial.data_penilaian_kayu_dari_perusahaan' in D:\TST-toko-material-toko-furnitur\system\Database\MySQLi\Connection.php:306
Stack trace:
#0 D:\TST-toko-material-toko-furnitur\system\Database\MySQLi\Connection.php(306): mysqli->query('DROP TABLE `dat...', 0)
#1 D:\TST-toko-material-toko-furnitur\system\Database\BaseConnection.php(693): CodeIgniter\Database\MySQLi\Connection->execute('DROP TABLE `dat...')
#2 D:\TST-toko-material-toko-furnitur\system\Database\BaseConnection.php(607): CodeIgniter\Database\BaseConnection->simpleQuery('DROP TABLE `dat...')
#3 D:\TST-toko-material-toko-furnitur\system\Database\Forge.php(637): CodeIgniter\Database\BaseConnection->query('DROP TABLE `dat...')
#4 D:\TST-toko-material-toko-furnitur\app\Database\Migrations\2023-12-16-063522_DataPenilaianKayuDariPerusahaan.php(70): CodeIgniter\Database\Forge->dropTable('data_penilaian_...')
#5 D:\TST-toko-material-toko-furnitur\system\Database\MigrationRunner.php(873): App\Database\Migrations\DataPenilaianKayuDariPerusahaan->down()
#6 D:\TST-toko-material-toko-furnitur\system\Database\MigrationRunner.php(295): CodeIgniter\Database\MigrationRunner->migrate('down', Object(stdClass))
#7 D:\TST-toko-material-toko-furnitur\system\Commands\Database\MigrateRollback.php(86): CodeIgniter\Database\MigrationRunner->regress(0)
#8 D:\TST-toko-material-toko-furnitur\system\CLI\Commands.php(65): CodeIgniter\Commands\Database\MigrateRollback->run(Array)
#9 D:\TST-toko-material-toko-furnitur\system\CLI\BaseCommand.php(115): CodeIgniter\CLI\Commands->run('migrate:rollbac...', Array)
#10 D:\TST-toko-material-toko-furnitur\system\Commands\Database\MigrateRefresh.php(84): CodeIgniter\CLI\BaseCommand->call('migrate:rollbac...', Array)
#11 D:\TST-toko-material-toko-furnitur\system\CLI\Commands.php(65): CodeIgniter\Commands\Database\MigrateRefresh->run(Array)
#12 D:\TST-toko-material-toko-furnitur\system\CLI\Console.php(46): CodeIgniter\CLI\Commands->run('migrate:refresh', Array)
#13 D:\TST-toko-material-toko-furnitur\spark(102): CodeIgniter\CLI\Console->run()
#14 {main}
INFO - 2023-12-18 08:02:56 --> Session: Class initialized using 'CodeIgniter\Session\Handlers\FileHandler' driver.
INFO - 2023-12-18 08:02:56 --> Session: Class initialized using 'CodeIgniter\Session\Handlers\FileHandler' driver.
INFO - 2023-12-18 08:03:42 --> Session: Class initialized using 'CodeIgniter\Session\Handlers\FileHandler' driver.
INFO - 2023-12-18 08:03:42 --> Session: Class initialized using 'CodeIgniter\Session\Handlers\FileHandler' driver.
INFO - 2023-12-18 08:03:59 --> Session: Class initialized using 'CodeIgniter\Session\Handlers\FileHandler' driver.
INFO - 2023-12-18 08:04:06 --> Session: Class initialized using 'CodeIgniter\Session\Handlers\FileHandler' driver.
INFO - 2023-12-18 08:04:07 --> Session: Class initialized using 'CodeIgniter\Session\Handlers\FileHandler' driver.
INFO - 2023-12-18 08:04:21 --> Session: Class initialized using 'CodeIgniter\Session\Handlers\FileHandler' driver.
INFO - 2023-12-18 08:04:21 --> Session: Class initialized using 'CodeIgniter\Session\Handlers\FileHandler' driver.
INFO - 2023-12-18 08:04:22 --> Session: Class initialized using 'CodeIgniter\Session\Handlers\FileHandler' driver.
INFO - 2023-12-18 08:04:22 --> Session: Class initialized using 'CodeIgniter\Session\Handlers\FileHandler' driver.
INFO - 2023-12-18 08:04:23 --> Session: Class initialized using 'CodeIgniter\Session\Handlers\FileHandler' driver.
INFO - 2023-12-18 08:04:23 --> Session: Class initialized using 'CodeIgniter\Session\Handlers\FileHandler' driver.
INFO - 2023-12-18 08:04:26 --> Session: Class initialized using 'CodeIgniter\Session\Handlers\FileHandler' driver.
INFO - 2023-12-18 08:04:26 --> Session: Class initialized using 'CodeIgniter\Session\Handlers\FileHandler' driver.
INFO - 2023-12-18 08:04:42 --> Session: Class initialized using 'CodeIgniter\Session\Handlers\FileHandler' driver.
INFO - 2023-12-18 08:04:42 --> Session: Class initialized using 'CodeIgniter\Session\Handlers\FileHandler' driver.
INFO - 2023-12-18 08:05:54 --> Session: Class initialized using 'CodeIgniter\Session\Handlers\FileHandler' driver.
INFO - 2023-12-18 08:05:54 --> Session: Class initialized using 'CodeIgniter\Session\Handlers\FileHandler' driver.
INFO - 2023-12-18 08:05:57 --> Session: Class initialized using 'CodeIgniter\Session\Handlers\FileHandler' driver.
INFO - 2023-12-18 08:05:57 --> Session: Class initialized using 'CodeIgniter\Session\Handlers\FileHandler' driver.
INFO - 2023-12-18 08:06:03 --> Session: Class initialized using 'CodeIgniter\Session\Handlers\FileHandler' driver.
ERROR - 2023-12-18 08:09:20 --> mysqli_sql_exception: Column 'jenis_kayu' cannot be null in D:\TST-toko-material-toko-furnitur\system\Database\MySQLi\Connection.php:306
Stack trace:
#0 D:\TST-toko-material-toko-furnitur\system\Database\MySQLi\Connection.php(306): mysqli->query('INSERT INTO `pe...', 0)
#1 D:\TST-toko-material-toko-furnitur\system\Database\BaseConnection.php(693): CodeIgniter\Database\MySQLi\Connection->execute('INSERT INTO `pe...')
#2 D:\TST-toko-material-toko-furnitur\system\Database\BaseConnection.php(607): CodeIgniter\Database\BaseConnection->simpleQuery('INSERT INTO `pe...')
#3 D:\TST-toko-material-toko-furnitur\system\Database\BaseBuilder.php(2301): CodeIgniter\Database\BaseConnection->query('INSERT INTO `pe...', Array, false)
#4 D:\TST-toko-material-toko-furnitur\system\Model.php(319): CodeIgniter\Database\BaseBuilder->insert()
#5 D:\TST-toko-material-toko-furnitur\system\BaseModel.php(787): CodeIgniter\Model->doInsert(Array)
#6 D:\TST-toko-material-toko-furnitur\system\Model.php(715): CodeIgniter\BaseModel->insert(Array, false)
#7 D:\TST-toko-material-toko-furnitur\system\BaseModel.php(697): CodeIgniter\Model->insert(Array, false)
#8 D:\TST-toko-material-toko-furnitur\app\Controllers\PenilaianPelanggan.php(40): CodeIgniter\BaseModel->save(Array)
#9 D:\TST-toko-material-toko-furnitur\system\CodeIgniter.php(942): App\Controllers\PenilaianPelanggan->save()
#10 D:\TST-toko-material-toko-furnitur\system\CodeIgniter.php(502): CodeIgniter\CodeIgniter->runController(Object(App\Controllers\PenilaianPelanggan))
#11 D:\TST-toko-material-toko-furnitur\system\CodeIgniter.php(361): CodeIgniter\CodeIgniter->handleRequest(NULL, Object(Config\Cache), false)
#12 D:\TST-toko-material-toko-furnitur\public\index.php(79): CodeIgniter\CodeIgniter->run()
#13 D:\TST-toko-material-toko-furnitur\system\Commands\Server\rewrite.php(47): require_once('D:\\TST-toko-mat...')
#14 {main}
CRITICAL - 2023-12-18 08:09:20 --> Column 'jenis_kayu' cannot be null
in SYSTEMPATH\Database\BaseConnection.php on line 647.
 1 SYSTEMPATH\Database\BaseBuilder.php(2301): CodeIgniter\Database\BaseConnection->query('INSERT INTO `penilaian_pelanggan` (`jenis_kayu`, `merek_kayu`, `tekstur`, `ketahanan`, `keperawatan`) VALUES (:jenis_kayu:, :merek_kayu:, :tekstur:, :ketahanan:, :keperawatan:)', [...], false)
 2 SYSTEMPATH\Model.php(319): CodeIgniter\Database\BaseBuilder->insert()
 3 SYSTEMPATH\BaseModel.php(787): CodeIgniter\Model->doInsert([...])
 4 SYSTEMPATH\Model.php(715): CodeIgniter\BaseModel->insert([...], false)
 5 SYSTEMPATH\BaseModel.php(697): CodeIgniter\Model->insert([...], false)
 6 APPPATH\Controllers\PenilaianPelanggan.php(40): CodeIgniter\BaseModel->save([...])
 7 SYSTEMPATH\CodeIgniter.php(942): App\Controllers\PenilaianPelanggan->save()
 8 SYSTEMPATH\CodeIgniter.php(502): CodeIgniter\CodeIgniter->runController(Object(App\Controllers\PenilaianPelanggan))
 9 SYSTEMPATH\CodeIgniter.php(361): CodeIgniter\CodeIgniter->handleRequest(null, Object(Config\Cache), false)
10 FCPATH\index.php(79): CodeIgniter\CodeIgniter->run()
11 SYSTEMPATH\Commands\Server\rewrite.php(47): require_once('D:\\TST-toko-material-toko-furnitur\\public\\index.php')
ERROR - 2023-12-18 08:09:55 --> mysqli_sql_exception: Column 'jenis_kayu' cannot be null in D:\TST-toko-material-toko-furnitur\system\Database\MySQLi\Connection.php:306
Stack trace:
#0 D:\TST-toko-material-toko-furnitur\system\Database\MySQLi\Connection.php(306): mysqli->query('INSERT INTO `pe...', 0)
#1 D:\TST-toko-material-toko-furnitur\system\Database\BaseConnection.php(693): CodeIgniter\Database\MySQLi\Connection->execute('INSERT INTO `pe...')
#2 D:\TST-toko-material-toko-furnitur\system\Database\BaseConnection.php(607): CodeIgniter\Database\BaseConnection->simpleQuery('INSERT INTO `pe...')
#3 D:\TST-toko-material-toko-furnitur\system\Database\BaseBuilder.php(2301): CodeIgniter\Database\BaseConnection->query('INSERT INTO `pe...', Array, false)
#4 D:\TST-toko-material-toko-furnitur\system\Model.php(319): CodeIgniter\Database\BaseBuilder->insert()
#5 D:\TST-toko-material-toko-furnitur\system\BaseModel.php(787): CodeIgniter\Model->doInsert(Array)
#6 D:\TST-toko-material-toko-furnitur\system\Model.php(715): CodeIgniter\BaseModel->insert(Array, false)
#7 D:\TST-toko-material-toko-furnitur\system\BaseModel.php(697): CodeIgniter\Model->insert(Array, false)
#8 D:\TST-toko-material-toko-furnitur\app\Controllers\PenilaianPelanggan.php(40): CodeIgniter\BaseModel->save(Array)
#9 D:\TST-toko-material-toko-furnitur\system\CodeIgniter.php(942): App\Controllers\PenilaianPelanggan->save()
#10 D:\TST-toko-material-toko-furnitur\system\CodeIgniter.php(502): CodeIgniter\CodeIgniter->runController(Object(App\Controllers\PenilaianPelanggan))
#11 D:\TST-toko-material-toko-furnitur\system\CodeIgniter.php(361): CodeIgniter\CodeIgniter->handleRequest(NULL, Object(Config\Cache), false)
#12 D:\TST-toko-material-toko-furnitur\public\index.php(79): CodeIgniter\CodeIgniter->run()
#13 D:\TST-toko-material-toko-furnitur\system\Commands\Server\rewrite.php(47): require_once('D:\\TST-toko-mat...')
#14 {main}
CRITICAL - 2023-12-18 08:09:55 --> Column 'jenis_kayu' cannot be null
in SYSTEMPATH\Database\BaseConnection.php on line 647.
 1 SYSTEMPATH\Database\BaseBuilder.php(2301): CodeIgniter\Database\BaseConnection->query('INSERT INTO `penilaian_pelanggan` (`jenis_kayu`, `merek_kayu`, `tekstur`, `ketahanan`, `keperawatan`) VALUES (:jenis_kayu:, :merek_kayu:, :tekstur:, :ketahanan:, :keperawatan:)', [...], false)
 2 SYSTEMPATH\Model.php(319): CodeIgniter\Database\BaseBuilder->insert()
 3 SYSTEMPATH\BaseModel.php(787): CodeIgniter\Model->doInsert([...])
 4 SYSTEMPATH\Model.php(715): CodeIgniter\BaseModel->insert([...], false)
 5 SYSTEMPATH\BaseModel.php(697): CodeIgniter\Model->insert([...], false)
 6 APPPATH\Controllers\PenilaianPelanggan.php(40): CodeIgniter\BaseModel->save([...])
 7 SYSTEMPATH\CodeIgniter.php(942): App\Controllers\PenilaianPelanggan->save()
 8 SYSTEMPATH\CodeIgniter.php(502): CodeIgniter\CodeIgniter->runController(Object(App\Controllers\PenilaianPelanggan))
 9 SYSTEMPATH\CodeIgniter.php(361): CodeIgniter\CodeIgniter->handleRequest(null, Object(Config\Cache), false)
10 FCPATH\index.php(79): CodeIgniter\CodeIgniter->run()
11 SYSTEMPATH\Commands\Server\rewrite.php(47): require_once('D:\\TST-toko-material-toko-furnitur\\public\\index.php')
ERROR - 2023-12-18 08:09:57 --> mysqli_sql_exception: Column 'jenis_kayu' cannot be null in D:\TST-toko-material-toko-furnitur\system\Database\MySQLi\Connection.php:306
Stack trace:
#0 D:\TST-toko-material-toko-furnitur\system\Database\MySQLi\Connection.php(306): mysqli->query('INSERT INTO `pe...', 0)
#1 D:\TST-toko-material-toko-furnitur\system\Database\BaseConnection.php(693): CodeIgniter\Database\MySQLi\Connection->execute('INSERT INTO `pe...')
#2 D:\TST-toko-material-toko-furnitur\system\Database\BaseConnection.php(607): CodeIgniter\Database\BaseConnection->simpleQuery('INSERT INTO `pe...')
#3 D:\TST-toko-material-toko-furnitur\system\Database\BaseBuilder.php(2301): CodeIgniter\Database\BaseConnection->query('INSERT INTO `pe...', Array, false)
#4 D:\TST-toko-material-toko-furnitur\system\Model.php(319): CodeIgniter\Database\BaseBuilder->insert()
#5 D:\TST-toko-material-toko-furnitur\system\BaseModel.php(787): CodeIgniter\Model->doInsert(Array)
#6 D:\TST-toko-material-toko-furnitur\system\Model.php(715): CodeIgniter\BaseModel->insert(Array, false)
#7 D:\TST-toko-material-toko-furnitur\system\BaseModel.php(697): CodeIgniter\Model->insert(Array, false)
#8 D:\TST-toko-material-toko-furnitur\app\Controllers\PenilaianPelanggan.php(40): CodeIgniter\BaseModel->save(Array)
#9 D:\TST-toko-material-toko-furnitur\system\CodeIgniter.php(942): App\Controllers\PenilaianPelanggan->save()
#10 D:\TST-toko-material-toko-furnitur\system\CodeIgniter.php(502): CodeIgniter\CodeIgniter->runController(Object(App\Controllers\PenilaianPelanggan))
#11 D:\TST-toko-material-toko-furnitur\system\CodeIgniter.php(361): CodeIgniter\CodeIgniter->handleRequest(NULL, Object(Config\Cache), false)
#12 D:\TST-toko-material-toko-furnitur\public\index.php(79): CodeIgniter\CodeIgniter->run()
#13 D:\TST-toko-material-toko-furnitur\system\Commands\Server\rewrite.php(47): require_once('D:\\TST-toko-mat...')
#14 {main}
CRITICAL - 2023-12-18 08:09:57 --> Column 'jenis_kayu' cannot be null
in SYSTEMPATH\Database\BaseConnection.php on line 647.
 1 SYSTEMPATH\Database\BaseBuilder.php(2301): CodeIgniter\Database\BaseConnection->query('INSERT INTO `penilaian_pelanggan` (`jenis_kayu`, `merek_kayu`, `tekstur`, `ketahanan`, `keperawatan`) VALUES (:jenis_kayu:, :merek_kayu:, :tekstur:, :ketahanan:, :keperawatan:)', [...], false)
 2 SYSTEMPATH\Model.php(319): CodeIgniter\Database\BaseBuilder->insert()
 3 SYSTEMPATH\BaseModel.php(787): CodeIgniter\Model->doInsert([...])
 4 SYSTEMPATH\Model.php(715): CodeIgniter\BaseModel->insert([...], false)
 5 SYSTEMPATH\BaseModel.php(697): CodeIgniter\Model->insert([...], false)
 6 APPPATH\Controllers\PenilaianPelanggan.php(40): CodeIgniter\BaseModel->save([...])
 7 SYSTEMPATH\CodeIgniter.php(942): App\Controllers\PenilaianPelanggan->save()
 8 SYSTEMPATH\CodeIgniter.php(502): CodeIgniter\CodeIgniter->runController(Object(App\Controllers\PenilaianPelanggan))
 9 SYSTEMPATH\CodeIgniter.php(361): CodeIgniter\CodeIgniter->handleRequest(null, Object(Config\Cache), false)
10 FCPATH\index.php(79): CodeIgniter\CodeIgniter->run()
11 SYSTEMPATH\Commands\Server\rewrite.php(47): require_once('D:\\TST-toko-material-toko-furnitur\\public\\index.php')
ERROR - 2023-12-18 08:09:58 --> mysqli_sql_exception: Column 'jenis_kayu' cannot be null in D:\TST-toko-material-toko-furnitur\system\Database\MySQLi\Connection.php:306
Stack trace:
#0 D:\TST-toko-material-toko-furnitur\system\Database\MySQLi\Connection.php(306): mysqli->query('INSERT INTO `pe...', 0)
#1 D:\TST-toko-material-toko-furnitur\system\Database\BaseConnection.php(693): CodeIgniter\Database\MySQLi\Connection->execute('INSERT INTO `pe...')
#2 D:\TST-toko-material-toko-furnitur\system\Database\BaseConnection.php(607): CodeIgniter\Database\BaseConnection->simpleQuery('INSERT INTO `pe...')
#3 D:\TST-toko-material-toko-furnitur\system\Database\BaseBuilder.php(2301): CodeIgniter\Database\BaseConnection->query('INSERT INTO `pe...', Array, false)
#4 D:\TST-toko-material-toko-furnitur\system\Model.php(319): CodeIgniter\Database\BaseBuilder->insert()
#5 D:\TST-toko-material-toko-furnitur\system\BaseModel.php(787): CodeIgniter\Model->doInsert(Array)
#6 D:\TST-toko-material-toko-furnitur\system\Model.php(715): CodeIgniter\BaseModel->insert(Array, false)
#7 D:\TST-toko-material-toko-furnitur\system\BaseModel.php(697): CodeIgniter\Model->insert(Array, false)
#8 D:\TST-toko-material-toko-furnitur\app\Controllers\PenilaianPelanggan.php(40): CodeIgniter\BaseModel->save(Array)
#9 D:\TST-toko-material-toko-furnitur\system\CodeIgniter.php(942): App\Controllers\PenilaianPelanggan->save()
#10 D:\TST-toko-material-toko-furnitur\system\CodeIgniter.php(502): CodeIgniter\CodeIgniter->runController(Object(App\Controllers\PenilaianPelanggan))
#11 D:\TST-toko-material-toko-furnitur\system\CodeIgniter.php(361): CodeIgniter\CodeIgniter->handleRequest(NULL, Object(Config\Cache), false)
#12 D:\TST-toko-material-toko-furnitur\public\index.php(79): CodeIgniter\CodeIgniter->run()
#13 D:\TST-toko-material-toko-furnitur\system\Commands\Server\rewrite.php(47): require_once('D:\\TST-toko-mat...')
#14 {main}
CRITICAL - 2023-12-18 08:09:58 --> Column 'jenis_kayu' cannot be null
in SYSTEMPATH\Database\BaseConnection.php on line 647.
 1 SYSTEMPATH\Database\BaseBuilder.php(2301): CodeIgniter\Database\BaseConnection->query('INSERT INTO `penilaian_pelanggan` (`jenis_kayu`, `merek_kayu`, `tekstur`, `ketahanan`, `keperawatan`) VALUES (:jenis_kayu:, :merek_kayu:, :tekstur:, :ketahanan:, :keperawatan:)', [...], false)
 2 SYSTEMPATH\Model.php(319): CodeIgniter\Database\BaseBuilder->insert()
 3 SYSTEMPATH\BaseModel.php(787): CodeIgniter\Model->doInsert([...])
 4 SYSTEMPATH\Model.php(715): CodeIgniter\BaseModel->insert([...], false)
 5 SYSTEMPATH\BaseModel.php(697): CodeIgniter\Model->insert([...], false)
 6 APPPATH\Controllers\PenilaianPelanggan.php(40): CodeIgniter\BaseModel->save([...])
 7 SYSTEMPATH\CodeIgniter.php(942): App\Controllers\PenilaianPelanggan->save()
 8 SYSTEMPATH\CodeIgniter.php(502): CodeIgniter\CodeIgniter->runController(Object(App\Controllers\PenilaianPelanggan))
 9 SYSTEMPATH\CodeIgniter.php(361): CodeIgniter\CodeIgniter->handleRequest(null, Object(Config\Cache), false)
10 FCPATH\index.php(79): CodeIgniter\CodeIgniter->run()
11 SYSTEMPATH\Commands\Server\rewrite.php(47): require_once('D:\\TST-toko-material-toko-furnitur\\public\\index.php')
ERROR - 2023-12-18 08:09:58 --> mysqli_sql_exception: Column 'jenis_kayu' cannot be null in D:\TST-toko-material-toko-furnitur\system\Database\MySQLi\Connection.php:306
Stack trace:
#0 D:\TST-toko-material-toko-furnitur\system\Database\MySQLi\Connection.php(306): mysqli->query('INSERT INTO `pe...', 0)
#1 D:\TST-toko-material-toko-furnitur\system\Database\BaseConnection.php(693): CodeIgniter\Database\MySQLi\Connection->execute('INSERT INTO `pe...')
#2 D:\TST-toko-material-toko-furnitur\system\Database\BaseConnection.php(607): CodeIgniter\Database\BaseConnection->simpleQuery('INSERT INTO `pe...')
#3 D:\TST-toko-material-toko-furnitur\system\Database\BaseBuilder.php(2301): CodeIgniter\Database\BaseConnection->query('INSERT INTO `pe...', Array, false)
#4 D:\TST-toko-material-toko-furnitur\system\Model.php(319): CodeIgniter\Database\BaseBuilder->insert()
#5 D:\TST-toko-material-toko-furnitur\system\BaseModel.php(787): CodeIgniter\Model->doInsert(Array)
#6 D:\TST-toko-material-toko-furnitur\system\Model.php(715): CodeIgniter\BaseModel->insert(Array, false)
#7 D:\TST-toko-material-toko-furnitur\system\BaseModel.php(697): CodeIgniter\Model->insert(Array, false)
#8 D:\TST-toko-material-toko-furnitur\app\Controllers\PenilaianPelanggan.php(40): CodeIgniter\BaseModel->save(Array)
#9 D:\TST-toko-material-toko-furnitur\system\CodeIgniter.php(942): App\Controllers\PenilaianPelanggan->save()
#10 D:\TST-toko-material-toko-furnitur\system\CodeIgniter.php(502): CodeIgniter\CodeIgniter->runController(Object(App\Controllers\PenilaianPelanggan))
#11 D:\TST-toko-material-toko-furnitur\system\CodeIgniter.php(361): CodeIgniter\CodeIgniter->handleRequest(NULL, Object(Config\Cache), false)
#12 D:\TST-toko-material-toko-furnitur\public\index.php(79): CodeIgniter\CodeIgniter->run()
#13 D:\TST-toko-material-toko-furnitur\system\Commands\Server\rewrite.php(47): require_once('D:\\TST-toko-mat...')
#14 {main}
CRITICAL - 2023-12-18 08:09:58 --> Column 'jenis_kayu' cannot be null
in SYSTEMPATH\Database\BaseConnection.php on line 647.
 1 SYSTEMPATH\Database\BaseBuilder.php(2301): CodeIgniter\Database\BaseConnection->query('INSERT INTO `penilaian_pelanggan` (`jenis_kayu`, `merek_kayu`, `tekstur`, `ketahanan`, `keperawatan`) VALUES (:jenis_kayu:, :merek_kayu:, :tekstur:, :ketahanan:, :keperawatan:)', [...], false)
 2 SYSTEMPATH\Model.php(319): CodeIgniter\Database\BaseBuilder->insert()
 3 SYSTEMPATH\BaseModel.php(787): CodeIgniter\Model->doInsert([...])
 4 SYSTEMPATH\Model.php(715): CodeIgniter\BaseModel->insert([...], false)
 5 SYSTEMPATH\BaseModel.php(697): CodeIgniter\Model->insert([...], false)
 6 APPPATH\Controllers\PenilaianPelanggan.php(40): CodeIgniter\BaseModel->save([...])
 7 SYSTEMPATH\CodeIgniter.php(942): App\Controllers\PenilaianPelanggan->save()
 8 SYSTEMPATH\CodeIgniter.php(502): CodeIgniter\CodeIgniter->runController(Object(App\Controllers\PenilaianPelanggan))
 9 SYSTEMPATH\CodeIgniter.php(361): CodeIgniter\CodeIgniter->handleRequest(null, Object(Config\Cache), false)
10 FCPATH\index.php(79): CodeIgniter\CodeIgniter->run()
11 SYSTEMPATH\Commands\Server\rewrite.php(47): require_once('D:\\TST-toko-material-toko-furnitur\\public\\index.php')
ERROR - 2023-12-18 08:09:59 --> mysqli_sql_exception: Column 'jenis_kayu' cannot be null in D:\TST-toko-material-toko-furnitur\system\Database\MySQLi\Connection.php:306
Stack trace:
#0 D:\TST-toko-material-toko-furnitur\system\Database\MySQLi\Connection.php(306): mysqli->query('INSERT INTO `pe...', 0)
#1 D:\TST-toko-material-toko-furnitur\system\Database\BaseConnection.php(693): CodeIgniter\Database\MySQLi\Connection->execute('INSERT INTO `pe...')
#2 D:\TST-toko-material-toko-furnitur\system\Database\BaseConnection.php(607): CodeIgniter\Database\BaseConnection->simpleQuery('INSERT INTO `pe...')
#3 D:\TST-toko-material-toko-furnitur\system\Database\BaseBuilder.php(2301): CodeIgniter\Database\BaseConnection->query('INSERT INTO `pe...', Array, false)
#4 D:\TST-toko-material-toko-furnitur\system\Model.php(319): CodeIgniter\Database\BaseBuilder->insert()
#5 D:\TST-toko-material-toko-furnitur\system\BaseModel.php(787): CodeIgniter\Model->doInsert(Array)
#6 D:\TST-toko-material-toko-furnitur\system\Model.php(715): CodeIgniter\BaseModel->insert(Array, false)
#7 D:\TST-toko-material-toko-furnitur\system\BaseModel.php(697): CodeIgniter\Model->insert(Array, false)
#8 D:\TST-toko-material-toko-furnitur\app\Controllers\PenilaianPelanggan.php(40): CodeIgniter\BaseModel->save(Array)
#9 D:\TST-toko-material-toko-furnitur\system\CodeIgniter.php(942): App\Controllers\PenilaianPelanggan->save()
#10 D:\TST-toko-material-toko-furnitur\system\CodeIgniter.php(502): CodeIgniter\CodeIgniter->runController(Object(App\Controllers\PenilaianPelanggan))
#11 D:\TST-toko-material-toko-furnitur\system\CodeIgniter.php(361): CodeIgniter\CodeIgniter->handleRequest(NULL, Object(Config\Cache), false)
#12 D:\TST-toko-material-toko-furnitur\public\index.php(79): CodeIgniter\CodeIgniter->run()
#13 D:\TST-toko-material-toko-furnitur\system\Commands\Server\rewrite.php(47): require_once('D:\\TST-toko-mat...')
#14 {main}
CRITICAL - 2023-12-18 08:09:59 --> Column 'jenis_kayu' cannot be null
in SYSTEMPATH\Database\BaseConnection.php on line 647.
 1 SYSTEMPATH\Database\BaseBuilder.php(2301): CodeIgniter\Database\BaseConnection->query('INSERT INTO `penilaian_pelanggan` (`jenis_kayu`, `merek_kayu`, `tekstur`, `ketahanan`, `keperawatan`) VALUES (:jenis_kayu:, :merek_kayu:, :tekstur:, :ketahanan:, :keperawatan:)', [...], false)
 2 SYSTEMPATH\Model.php(319): CodeIgniter\Database\BaseBuilder->insert()
 3 SYSTEMPATH\BaseModel.php(787): CodeIgniter\Model->doInsert([...])
 4 SYSTEMPATH\Model.php(715): CodeIgniter\BaseModel->insert([...], false)
 5 SYSTEMPATH\BaseModel.php(697): CodeIgniter\Model->insert([...], false)
 6 APPPATH\Controllers\PenilaianPelanggan.php(40): CodeIgniter\BaseModel->save([...])
 7 SYSTEMPATH\CodeIgniter.php(942): App\Controllers\PenilaianPelanggan->save()
 8 SYSTEMPATH\CodeIgniter.php(502): CodeIgniter\CodeIgniter->runController(Object(App\Controllers\PenilaianPelanggan))
 9 SYSTEMPATH\CodeIgniter.php(361): CodeIgniter\CodeIgniter->handleRequest(null, Object(Config\Cache), false)
10 FCPATH\index.php(79): CodeIgniter\CodeIgniter->run()
11 SYSTEMPATH\Commands\Server\rewrite.php(47): require_once('D:\\TST-toko-material-toko-furnitur\\public\\index.php')
ERROR - 2023-12-18 08:10:00 --> mysqli_sql_exception: Column 'jenis_kayu' cannot be null in D:\TST-toko-material-toko-furnitur\system\Database\MySQLi\Connection.php:306
Stack trace:
#0 D:\TST-toko-material-toko-furnitur\system\Database\MySQLi\Connection.php(306): mysqli->query('INSERT INTO `pe...', 0)
#1 D:\TST-toko-material-toko-furnitur\system\Database\BaseConnection.php(693): CodeIgniter\Database\MySQLi\Connection->execute('INSERT INTO `pe...')
#2 D:\TST-toko-material-toko-furnitur\system\Database\BaseConnection.php(607): CodeIgniter\Database\BaseConnection->simpleQuery('INSERT INTO `pe...')
#3 D:\TST-toko-material-toko-furnitur\system\Database\BaseBuilder.php(2301): CodeIgniter\Database\BaseConnection->query('INSERT INTO `pe...', Array, false)
#4 D:\TST-toko-material-toko-furnitur\system\Model.php(319): CodeIgniter\Database\BaseBuilder->insert()
#5 D:\TST-toko-material-toko-furnitur\system\BaseModel.php(787): CodeIgniter\Model->doInsert(Array)
#6 D:\TST-toko-material-toko-furnitur\system\Model.php(715): CodeIgniter\BaseModel->insert(Array, false)
#7 D:\TST-toko-material-toko-furnitur\system\BaseModel.php(697): CodeIgniter\Model->insert(Array, false)
#8 D:\TST-toko-material-toko-furnitur\app\Controllers\PenilaianPelanggan.php(40): CodeIgniter\BaseModel->save(Array)
#9 D:\TST-toko-material-toko-furnitur\system\CodeIgniter.php(942): App\Controllers\PenilaianPelanggan->save()
#10 D:\TST-toko-material-toko-furnitur\system\CodeIgniter.php(502): CodeIgniter\CodeIgniter->runController(Object(App\Controllers\PenilaianPelanggan))
#11 D:\TST-toko-material-toko-furnitur\system\CodeIgniter.php(361): CodeIgniter\CodeIgniter->handleRequest(NULL, Object(Config\Cache), false)
#12 D:\TST-toko-material-toko-furnitur\public\index.php(79): CodeIgniter\CodeIgniter->run()
#13 D:\TST-toko-material-toko-furnitur\system\Commands\Server\rewrite.php(47): require_once('D:\\TST-toko-mat...')
#14 {main}
CRITICAL - 2023-12-18 08:10:00 --> Column 'jenis_kayu' cannot be null
in SYSTEMPATH\Database\BaseConnection.php on line 647.
 1 SYSTEMPATH\Database\BaseBuilder.php(2301): CodeIgniter\Database\BaseConnection->query('INSERT INTO `penilaian_pelanggan` (`jenis_kayu`, `merek_kayu`, `tekstur`, `ketahanan`, `keperawatan`) VALUES (:jenis_kayu:, :merek_kayu:, :tekstur:, :ketahanan:, :keperawatan:)', [...], false)
 2 SYSTEMPATH\Model.php(319): CodeIgniter\Database\BaseBuilder->insert()
 3 SYSTEMPATH\BaseModel.php(787): CodeIgniter\Model->doInsert([...])
 4 SYSTEMPATH\Model.php(715): CodeIgniter\BaseModel->insert([...], false)
 5 SYSTEMPATH\BaseModel.php(697): CodeIgniter\Model->insert([...], false)
 6 APPPATH\Controllers\PenilaianPelanggan.php(40): CodeIgniter\BaseModel->save([...])
 7 SYSTEMPATH\CodeIgniter.php(942): App\Controllers\PenilaianPelanggan->save()
 8 SYSTEMPATH\CodeIgniter.php(502): CodeIgniter\CodeIgniter->runController(Object(App\Controllers\PenilaianPelanggan))
 9 SYSTEMPATH\CodeIgniter.php(361): CodeIgniter\CodeIgniter->handleRequest(null, Object(Config\Cache), false)
10 FCPATH\index.php(79): CodeIgniter\CodeIgniter->run()
11 SYSTEMPATH\Commands\Server\rewrite.php(47): require_once('D:\\TST-toko-material-toko-furnitur\\public\\index.php')
ERROR - 2023-12-18 08:10:01 --> mysqli_sql_exception: Column 'jenis_kayu' cannot be null in D:\TST-toko-material-toko-furnitur\system\Database\MySQLi\Connection.php:306
Stack trace:
#0 D:\TST-toko-material-toko-furnitur\system\Database\MySQLi\Connection.php(306): mysqli->query('INSERT INTO `pe...', 0)
#1 D:\TST-toko-material-toko-furnitur\system\Database\BaseConnection.php(693): CodeIgniter\Database\MySQLi\Connection->execute('INSERT INTO `pe...')
#2 D:\TST-toko-material-toko-furnitur\system\Database\BaseConnection.php(607): CodeIgniter\Database\BaseConnection->simpleQuery('INSERT INTO `pe...')
#3 D:\TST-toko-material-toko-furnitur\system\Database\BaseBuilder.php(2301): CodeIgniter\Database\BaseConnection->query('INSERT INTO `pe...', Array, false)
#4 D:\TST-toko-material-toko-furnitur\system\Model.php(319): CodeIgniter\Database\BaseBuilder->insert()
#5 D:\TST-toko-material-toko-furnitur\system\BaseModel.php(787): CodeIgniter\Model->doInsert(Array)
#6 D:\TST-toko-material-toko-furnitur\system\Model.php(715): CodeIgniter\BaseModel->insert(Array, false)
#7 D:\TST-toko-material-toko-furnitur\system\BaseModel.php(697): CodeIgniter\Model->insert(Array, false)
#8 D:\TST-toko-material-toko-furnitur\app\Controllers\PenilaianPelanggan.php(40): CodeIgniter\BaseModel->save(Array)
#9 D:\TST-toko-material-toko-furnitur\system\CodeIgniter.php(942): App\Controllers\PenilaianPelanggan->save()
#10 D:\TST-toko-material-toko-furnitur\system\CodeIgniter.php(502): CodeIgniter\CodeIgniter->runController(Object(App\Controllers\PenilaianPelanggan))
#11 D:\TST-toko-material-toko-furnitur\system\CodeIgniter.php(361): CodeIgniter\CodeIgniter->handleRequest(NULL, Object(Config\Cache), false)
#12 D:\TST-toko-material-toko-furnitur\public\index.php(79): CodeIgniter\CodeIgniter->run()
#13 D:\TST-toko-material-toko-furnitur\system\Commands\Server\rewrite.php(47): require_once('D:\\TST-toko-mat...')
#14 {main}
CRITICAL - 2023-12-18 08:10:01 --> Column 'jenis_kayu' cannot be null
in SYSTEMPATH\Database\BaseConnection.php on line 647.
 1 SYSTEMPATH\Database\BaseBuilder.php(2301): CodeIgniter\Database\BaseConnection->query('INSERT INTO `penilaian_pelanggan` (`jenis_kayu`, `merek_kayu`, `tekstur`, `ketahanan`, `keperawatan`) VALUES (:jenis_kayu:, :merek_kayu:, :tekstur:, :ketahanan:, :keperawatan:)', [...], false)
 2 SYSTEMPATH\Model.php(319): CodeIgniter\Database\BaseBuilder->insert()
 3 SYSTEMPATH\BaseModel.php(787): CodeIgniter\Model->doInsert([...])
 4 SYSTEMPATH\Model.php(715): CodeIgniter\BaseModel->insert([...], false)
 5 SYSTEMPATH\BaseModel.php(697): CodeIgniter\Model->insert([...], false)
 6 APPPATH\Controllers\PenilaianPelanggan.php(40): CodeIgniter\BaseModel->save([...])
 7 SYSTEMPATH\CodeIgniter.php(942): App\Controllers\PenilaianPelanggan->save()
 8 SYSTEMPATH\CodeIgniter.php(502): CodeIgniter\CodeIgniter->runController(Object(App\Controllers\PenilaianPelanggan))
 9 SYSTEMPATH\CodeIgniter.php(361): CodeIgniter\CodeIgniter->handleRequest(null, Object(Config\Cache), false)
10 FCPATH\index.php(79): CodeIgniter\CodeIgniter->run()
11 SYSTEMPATH\Commands\Server\rewrite.php(47): require_once('D:\\TST-toko-material-toko-furnitur\\public\\index.php')
ERROR - 2023-12-18 08:10:20 --> mysqli_sql_exception: Column 'jenis_kayu' cannot be null in D:\TST-toko-material-toko-furnitur\system\Database\MySQLi\Connection.php:306
Stack trace:
#0 D:\TST-toko-material-toko-furnitur\system\Database\MySQLi\Connection.php(306): mysqli->query('INSERT INTO `pe...', 0)
#1 D:\TST-toko-material-toko-furnitur\system\Database\BaseConnection.php(693): CodeIgniter\Database\MySQLi\Connection->execute('INSERT INTO `pe...')
#2 D:\TST-toko-material-toko-furnitur\system\Database\BaseConnection.php(607): CodeIgniter\Database\BaseConnection->simpleQuery('INSERT INTO `pe...')
#3 D:\TST-toko-material-toko-furnitur\system\Database\BaseBuilder.php(2301): CodeIgniter\Database\BaseConnection->query('INSERT INTO `pe...', Array, false)
#4 D:\TST-toko-material-toko-furnitur\system\Model.php(319): CodeIgniter\Database\BaseBuilder->insert()
#5 D:\TST-toko-material-toko-furnitur\system\BaseModel.php(787): CodeIgniter\Model->doInsert(Array)
#6 D:\TST-toko-material-toko-furnitur\system\Model.php(715): CodeIgniter\BaseModel->insert(Array, false)
#7 D:\TST-toko-material-toko-furnitur\system\BaseModel.php(697): CodeIgniter\Model->insert(Array, false)
#8 D:\TST-toko-material-toko-furnitur\app\Controllers\PenilaianPelanggan.php(39): CodeIgniter\BaseModel->save(Array)
#9 D:\TST-toko-material-toko-furnitur\system\CodeIgniter.php(942): App\Controllers\PenilaianPelanggan->save()
#10 D:\TST-toko-material-toko-furnitur\system\CodeIgniter.php(502): CodeIgniter\CodeIgniter->runController(Object(App\Controllers\PenilaianPelanggan))
#11 D:\TST-toko-material-toko-furnitur\system\CodeIgniter.php(361): CodeIgniter\CodeIgniter->handleRequest(NULL, Object(Config\Cache), false)
#12 D:\TST-toko-material-toko-furnitur\public\index.php(79): CodeIgniter\CodeIgniter->run()
#13 D:\TST-toko-material-toko-furnitur\system\Commands\Server\rewrite.php(47): require_once('D:\\TST-toko-mat...')
#14 {main}
CRITICAL - 2023-12-18 08:10:20 --> Column 'jenis_kayu' cannot be null
in SYSTEMPATH\Database\BaseConnection.php on line 647.
 1 SYSTEMPATH\Database\BaseBuilder.php(2301): CodeIgniter\Database\BaseConnection->query('INSERT INTO `penilaian_pelanggan` (`jenis_kayu`, `merek_kayu`, `tekstur`, `ketahanan`, `keperawatan`) VALUES (:jenis_kayu:, :merek_kayu:, :tekstur:, :ketahanan:, :keperawatan:)', [...], false)
 2 SYSTEMPATH\Model.php(319): CodeIgniter\Database\BaseBuilder->insert()
 3 SYSTEMPATH\BaseModel.php(787): CodeIgniter\Model->doInsert([...])
 4 SYSTEMPATH\Model.php(715): CodeIgniter\BaseModel->insert([...], false)
 5 SYSTEMPATH\BaseModel.php(697): CodeIgniter\Model->insert([...], false)
 6 APPPATH\Controllers\PenilaianPelanggan.php(39): CodeIgniter\BaseModel->save([...])
 7 SYSTEMPATH\CodeIgniter.php(942): App\Controllers\PenilaianPelanggan->save()
 8 SYSTEMPATH\CodeIgniter.php(502): CodeIgniter\CodeIgniter->runController(Object(App\Controllers\PenilaianPelanggan))
 9 SYSTEMPATH\CodeIgniter.php(361): CodeIgniter\CodeIgniter->handleRequest(null, Object(Config\Cache), false)
10 FCPATH\index.php(79): CodeIgniter\CodeIgniter->run()
11 SYSTEMPATH\Commands\Server\rewrite.php(47): require_once('D:\\TST-toko-material-toko-furnitur\\public\\index.php')
ERROR - 2023-12-18 08:10:45 --> mysqli_sql_exception: Column 'jenis_kayu' cannot be null in D:\TST-toko-material-toko-furnitur\system\Database\MySQLi\Connection.php:306
Stack trace:
#0 D:\TST-toko-material-toko-furnitur\system\Database\MySQLi\Connection.php(306): mysqli->query('INSERT INTO `pe...', 0)
#1 D:\TST-toko-material-toko-furnitur\system\Database\BaseConnection.php(693): CodeIgniter\Database\MySQLi\Connection->execute('INSERT INTO `pe...')
#2 D:\TST-toko-material-toko-furnitur\system\Database\BaseConnection.php(607): CodeIgniter\Database\BaseConnection->simpleQuery('INSERT INTO `pe...')
#3 D:\TST-toko-material-toko-furnitur\system\Database\BaseBuilder.php(2301): CodeIgniter\Database\BaseConnection->query('INSERT INTO `pe...', Array, false)
#4 D:\TST-toko-material-toko-furnitur\system\Model.php(319): CodeIgniter\Database\BaseBuilder->insert()
#5 D:\TST-toko-material-toko-furnitur\system\BaseModel.php(787): CodeIgniter\Model->doInsert(Array)
#6 D:\TST-toko-material-toko-furnitur\system\Model.php(715): CodeIgniter\BaseModel->insert(Array, false)
#7 D:\TST-toko-material-toko-furnitur\system\BaseModel.php(697): CodeIgniter\Model->insert(Array, false)
#8 D:\TST-toko-material-toko-furnitur\app\Controllers\PenilaianPelanggan.php(39): CodeIgniter\BaseModel->save(Array)
#9 D:\TST-toko-material-toko-furnitur\system\CodeIgniter.php(942): App\Controllers\PenilaianPelanggan->save()
#10 D:\TST-toko-material-toko-furnitur\system\CodeIgniter.php(502): CodeIgniter\CodeIgniter->runController(Object(App\Controllers\PenilaianPelanggan))
#11 D:\TST-toko-material-toko-furnitur\system\CodeIgniter.php(361): CodeIgniter\CodeIgniter->handleRequest(NULL, Object(Config\Cache), false)
#12 D:\TST-toko-material-toko-furnitur\public\index.php(79): CodeIgniter\CodeIgniter->run()
#13 D:\TST-toko-material-toko-furnitur\system\Commands\Server\rewrite.php(47): require_once('D:\\TST-toko-mat...')
#14 {main}
CRITICAL - 2023-12-18 08:10:45 --> Column 'jenis_kayu' cannot be null
in SYSTEMPATH\Database\BaseConnection.php on line 647.
 1 SYSTEMPATH\Database\BaseBuilder.php(2301): CodeIgniter\Database\BaseConnection->query('INSERT INTO `penilaian_pelanggan` (`jenis_kayu`, `merek_kayu`, `tekstur`, `ketahanan`, `keperawatan`) VALUES (:jenis_kayu:, :merek_kayu:, :tekstur:, :ketahanan:, :keperawatan:)', [...], false)
 2 SYSTEMPATH\Model.php(319): CodeIgniter\Database\BaseBuilder->insert()
 3 SYSTEMPATH\BaseModel.php(787): CodeIgniter\Model->doInsert([...])
 4 SYSTEMPATH\Model.php(715): CodeIgniter\BaseModel->insert([...], false)
 5 SYSTEMPATH\BaseModel.php(697): CodeIgniter\Model->insert([...], false)
 6 APPPATH\Controllers\PenilaianPelanggan.php(39): CodeIgniter\BaseModel->save([...])
 7 SYSTEMPATH\CodeIgniter.php(942): App\Controllers\PenilaianPelanggan->save()
 8 SYSTEMPATH\CodeIgniter.php(502): CodeIgniter\CodeIgniter->runController(Object(App\Controllers\PenilaianPelanggan))
 9 SYSTEMPATH\CodeIgniter.php(361): CodeIgniter\CodeIgniter->handleRequest(null, Object(Config\Cache), false)
10 FCPATH\index.php(79): CodeIgniter\CodeIgniter->run()
11 SYSTEMPATH\Commands\Server\rewrite.php(47): require_once('D:\\TST-toko-material-toko-furnitur\\public\\index.php')
ERROR - 2023-12-18 08:11:09 --> mysqli_sql_exception: Column 'jenis_kayu' cannot be null in D:\TST-toko-material-toko-furnitur\system\Database\MySQLi\Connection.php:306
Stack trace:
#0 D:\TST-toko-material-toko-furnitur\system\Database\MySQLi\Connection.php(306): mysqli->query('INSERT INTO `pe...', 0)
#1 D:\TST-toko-material-toko-furnitur\system\Database\BaseConnection.php(693): CodeIgniter\Database\MySQLi\Connection->execute('INSERT INTO `pe...')
#2 D:\TST-toko-material-toko-furnitur\system\Database\BaseConnection.php(607): CodeIgniter\Database\BaseConnection->simpleQuery('INSERT INTO `pe...')
#3 D:\TST-toko-material-toko-furnitur\system\Database\BaseBuilder.php(2301): CodeIgniter\Database\BaseConnection->query('INSERT INTO `pe...', Array, false)
#4 D:\TST-toko-material-toko-furnitur\system\Model.php(319): CodeIgniter\Database\BaseBuilder->insert()
#5 D:\TST-toko-material-toko-furnitur\system\BaseModel.php(787): CodeIgniter\Model->doInsert(Array)
#6 D:\TST-toko-material-toko-furnitur\system\Model.php(715): CodeIgniter\BaseModel->insert(Array, false)
#7 D:\TST-toko-material-toko-furnitur\system\BaseModel.php(697): CodeIgniter\Model->insert(Array, false)
#8 D:\TST-toko-material-toko-furnitur\app\Controllers\PenilaianPelanggan.php(39): CodeIgniter\BaseModel->save(Array)
#9 D:\TST-toko-material-toko-furnitur\system\CodeIgniter.php(942): App\Controllers\PenilaianPelanggan->save()
#10 D:\TST-toko-material-toko-furnitur\system\CodeIgniter.php(502): CodeIgniter\CodeIgniter->runController(Object(App\Controllers\PenilaianPelanggan))
#11 D:\TST-toko-material-toko-furnitur\system\CodeIgniter.php(361): CodeIgniter\CodeIgniter->handleRequest(NULL, Object(Config\Cache), false)
#12 D:\TST-toko-material-toko-furnitur\public\index.php(79): CodeIgniter\CodeIgniter->run()
#13 D:\TST-toko-material-toko-furnitur\system\Commands\Server\rewrite.php(47): require_once('D:\\TST-toko-mat...')
#14 {main}
CRITICAL - 2023-12-18 08:11:09 --> Column 'jenis_kayu' cannot be null
in SYSTEMPATH\Database\BaseConnection.php on line 647.
 1 SYSTEMPATH\Database\BaseBuilder.php(2301): CodeIgniter\Database\BaseConnection->query('INSERT INTO `penilaian_pelanggan` (`jenis_kayu`, `merek_kayu`, `tekstur`, `ketahanan`, `keperawatan`) VALUES (:jenis_kayu:, :merek_kayu:, :tekstur:, :ketahanan:, :keperawatan:)', [...], false)
 2 SYSTEMPATH\Model.php(319): CodeIgniter\Database\BaseBuilder->insert()
 3 SYSTEMPATH\BaseModel.php(787): CodeIgniter\Model->doInsert([...])
 4 SYSTEMPATH\Model.php(715): CodeIgniter\BaseModel->insert([...], false)
 5 SYSTEMPATH\BaseModel.php(697): CodeIgniter\Model->insert([...], false)
 6 APPPATH\Controllers\PenilaianPelanggan.php(39): CodeIgniter\BaseModel->save([...])
 7 SYSTEMPATH\CodeIgniter.php(942): App\Controllers\PenilaianPelanggan->save()
 8 SYSTEMPATH\CodeIgniter.php(502): CodeIgniter\CodeIgniter->runController(Object(App\Controllers\PenilaianPelanggan))
 9 SYSTEMPATH\CodeIgniter.php(361): CodeIgniter\CodeIgniter->handleRequest(null, Object(Config\Cache), false)
10 FCPATH\index.php(79): CodeIgniter\CodeIgniter->run()
11 SYSTEMPATH\Commands\Server\rewrite.php(47): require_once('D:\\TST-toko-material-toko-furnitur\\public\\index.php')
ERROR - 2023-12-18 08:11:28 --> mysqli_sql_exception: Column 'jenis_kayu' cannot be null in D:\TST-toko-material-toko-furnitur\system\Database\MySQLi\Connection.php:306
Stack trace:
#0 D:\TST-toko-material-toko-furnitur\system\Database\MySQLi\Connection.php(306): mysqli->query('INSERT INTO `pe...', 0)
#1 D:\TST-toko-material-toko-furnitur\system\Database\BaseConnection.php(693): CodeIgniter\Database\MySQLi\Connection->execute('INSERT INTO `pe...')
#2 D:\TST-toko-material-toko-furnitur\system\Database\BaseConnection.php(607): CodeIgniter\Database\BaseConnection->simpleQuery('INSERT INTO `pe...')
#3 D:\TST-toko-material-toko-furnitur\system\Database\BaseBuilder.php(2301): CodeIgniter\Database\BaseConnection->query('INSERT INTO `pe...', Array, false)
#4 D:\TST-toko-material-toko-furnitur\system\Model.php(319): CodeIgniter\Database\BaseBuilder->insert()
#5 D:\TST-toko-material-toko-furnitur\system\BaseModel.php(787): CodeIgniter\Model->doInsert(Array)
#6 D:\TST-toko-material-toko-furnitur\system\Model.php(715): CodeIgniter\BaseModel->insert(Array, false)
#7 D:\TST-toko-material-toko-furnitur\system\BaseModel.php(697): CodeIgniter\Model->insert(Array, false)
#8 D:\TST-toko-material-toko-furnitur\app\Controllers\PenilaianPelanggan.php(39): CodeIgniter\BaseModel->save(Array)
#9 D:\TST-toko-material-toko-furnitur\system\CodeIgniter.php(942): App\Controllers\PenilaianPelanggan->save()
#10 D:\TST-toko-material-toko-furnitur\system\CodeIgniter.php(502): CodeIgniter\CodeIgniter->runController(Object(App\Controllers\PenilaianPelanggan))
#11 D:\TST-toko-material-toko-furnitur\system\CodeIgniter.php(361): CodeIgniter\CodeIgniter->handleRequest(NULL, Object(Config\Cache), false)
#12 D:\TST-toko-material-toko-furnitur\public\index.php(79): CodeIgniter\CodeIgniter->run()
#13 D:\TST-toko-material-toko-furnitur\system\Commands\Server\rewrite.php(47): require_once('D:\\TST-toko-mat...')
#14 {main}
CRITICAL - 2023-12-18 08:11:28 --> Column 'jenis_kayu' cannot be null
in SYSTEMPATH\Database\BaseConnection.php on line 647.
 1 SYSTEMPATH\Database\BaseBuilder.php(2301): CodeIgniter\Database\BaseConnection->query('INSERT INTO `penilaian_pelanggan` (`jenis_kayu`, `merek_kayu`, `tekstur`, `ketahanan`, `keperawatan`) VALUES (:jenis_kayu:, :merek_kayu:, :tekstur:, :ketahanan:, :keperawatan:)', [...], false)
 2 SYSTEMPATH\Model.php(319): CodeIgniter\Database\BaseBuilder->insert()
 3 SYSTEMPATH\BaseModel.php(787): CodeIgniter\Model->doInsert([...])
 4 SYSTEMPATH\Model.php(715): CodeIgniter\BaseModel->insert([...], false)
 5 SYSTEMPATH\BaseModel.php(697): CodeIgniter\Model->insert([...], false)
 6 APPPATH\Controllers\PenilaianPelanggan.php(39): CodeIgniter\BaseModel->save([...])
 7 SYSTEMPATH\CodeIgniter.php(942): App\Controllers\PenilaianPelanggan->save()
 8 SYSTEMPATH\CodeIgniter.php(502): CodeIgniter\CodeIgniter->runController(Object(App\Controllers\PenilaianPelanggan))
 9 SYSTEMPATH\CodeIgniter.php(361): CodeIgniter\CodeIgniter->handleRequest(null, Object(Config\Cache), false)
10 FCPATH\index.php(79): CodeIgniter\CodeIgniter->run()
11 SYSTEMPATH\Commands\Server\rewrite.php(47): require_once('D:\\TST-toko-material-toko-furnitur\\public\\index.php')
ERROR - 2023-12-18 08:11:54 --> mysqli_sql_exception: Column 'jenis_kayu' cannot be null in D:\TST-toko-material-toko-furnitur\system\Database\MySQLi\Connection.php:306
Stack trace:
#0 D:\TST-toko-material-toko-furnitur\system\Database\MySQLi\Connection.php(306): mysqli->query('INSERT INTO `pe...', 0)
#1 D:\TST-toko-material-toko-furnitur\system\Database\BaseConnection.php(693): CodeIgniter\Database\MySQLi\Connection->execute('INSERT INTO `pe...')
#2 D:\TST-toko-material-toko-furnitur\system\Database\BaseConnection.php(607): CodeIgniter\Database\BaseConnection->simpleQuery('INSERT INTO `pe...')
#3 D:\TST-toko-material-toko-furnitur\system\Database\BaseBuilder.php(2301): CodeIgniter\Database\BaseConnection->query('INSERT INTO `pe...', Array, false)
#4 D:\TST-toko-material-toko-furnitur\system\Model.php(319): CodeIgniter\Database\BaseBuilder->insert()
#5 D:\TST-toko-material-toko-furnitur\system\BaseModel.php(787): CodeIgniter\Model->doInsert(Array)
#6 D:\TST-toko-material-toko-furnitur\system\Model.php(715): CodeIgniter\BaseModel->insert(Array, false)
#7 D:\TST-toko-material-toko-furnitur\system\BaseModel.php(697): CodeIgniter\Model->insert(Array, false)
#8 D:\TST-toko-material-toko-furnitur\app\Controllers\PenilaianPelanggan.php(39): CodeIgniter\BaseModel->save(Array)
#9 D:\TST-toko-material-toko-furnitur\system\CodeIgniter.php(942): App\Controllers\PenilaianPelanggan->save()
#10 D:\TST-toko-material-toko-furnitur\system\CodeIgniter.php(502): CodeIgniter\CodeIgniter->runController(Object(App\Controllers\PenilaianPelanggan))
#11 D:\TST-toko-material-toko-furnitur\system\CodeIgniter.php(361): CodeIgniter\CodeIgniter->handleRequest(NULL, Object(Config\Cache), false)
#12 D:\TST-toko-material-toko-furnitur\public\index.php(79): CodeIgniter\CodeIgniter->run()
#13 D:\TST-toko-material-toko-furnitur\system\Commands\Server\rewrite.php(47): require_once('D:\\TST-toko-mat...')
#14 {main}
CRITICAL - 2023-12-18 08:11:54 --> Column 'jenis_kayu' cannot be null
in SYSTEMPATH\Database\BaseConnection.php on line 647.
 1 SYSTEMPATH\Database\BaseBuilder.php(2301): CodeIgniter\Database\BaseConnection->query('INSERT INTO `penilaian_pelanggan` (`jenis_kayu`, `merek_kayu`, `tekstur`, `ketahanan`, `keperawatan`) VALUES (:jenis_kayu:, :merek_kayu:, :tekstur:, :ketahanan:, :keperawatan:)', [...], false)
 2 SYSTEMPATH\Model.php(319): CodeIgniter\Database\BaseBuilder->insert()
 3 SYSTEMPATH\BaseModel.php(787): CodeIgniter\Model->doInsert([...])
 4 SYSTEMPATH\Model.php(715): CodeIgniter\BaseModel->insert([...], false)
 5 SYSTEMPATH\BaseModel.php(697): CodeIgniter\Model->insert([...], false)
 6 APPPATH\Controllers\PenilaianPelanggan.php(39): CodeIgniter\BaseModel->save([...])
 7 SYSTEMPATH\CodeIgniter.php(942): App\Controllers\PenilaianPelanggan->save()
 8 SYSTEMPATH\CodeIgniter.php(502): CodeIgniter\CodeIgniter->runController(Object(App\Controllers\PenilaianPelanggan))
 9 SYSTEMPATH\CodeIgniter.php(361): CodeIgniter\CodeIgniter->handleRequest(null, Object(Config\Cache), false)
10 FCPATH\index.php(79): CodeIgniter\CodeIgniter->run()
11 SYSTEMPATH\Commands\Server\rewrite.php(47): require_once('D:\\TST-toko-material-toko-furnitur\\public\\index.php')
ERROR - 2023-12-18 08:12:02 --> mysqli_sql_exception: Column 'jenis_kayu' cannot be null in D:\TST-toko-material-toko-furnitur\system\Database\MySQLi\Connection.php:306
Stack trace:
#0 D:\TST-toko-material-toko-furnitur\system\Database\MySQLi\Connection.php(306): mysqli->query('INSERT INTO `pe...', 0)
#1 D:\TST-toko-material-toko-furnitur\system\Database\BaseConnection.php(693): CodeIgniter\Database\MySQLi\Connection->execute('INSERT INTO `pe...')
#2 D:\TST-toko-material-toko-furnitur\system\Database\BaseConnection.php(607): CodeIgniter\Database\BaseConnection->simpleQuery('INSERT INTO `pe...')
#3 D:\TST-toko-material-toko-furnitur\system\Database\BaseBuilder.php(2301): CodeIgniter\Database\BaseConnection->query('INSERT INTO `pe...', Array, false)
#4 D:\TST-toko-material-toko-furnitur\system\Model.php(319): CodeIgniter\Database\BaseBuilder->insert()
#5 D:\TST-toko-material-toko-furnitur\system\BaseModel.php(787): CodeIgniter\Model->doInsert(Array)
#6 D:\TST-toko-material-toko-furnitur\system\Model.php(715): CodeIgniter\BaseModel->insert(Array, false)
#7 D:\TST-toko-material-toko-furnitur\system\BaseModel.php(697): CodeIgniter\Model->insert(Array, false)
#8 D:\TST-toko-material-toko-furnitur\app\Controllers\PenilaianPelanggan.php(39): CodeIgniter\BaseModel->save(Array)
#9 D:\TST-toko-material-toko-furnitur\system\CodeIgniter.php(942): App\Controllers\PenilaianPelanggan->save()
#10 D:\TST-toko-material-toko-furnitur\system\CodeIgniter.php(502): CodeIgniter\CodeIgniter->runController(Object(App\Controllers\PenilaianPelanggan))
#11 D:\TST-toko-material-toko-furnitur\system\CodeIgniter.php(361): CodeIgniter\CodeIgniter->handleRequest(NULL, Object(Config\Cache), false)
#12 D:\TST-toko-material-toko-furnitur\public\index.php(79): CodeIgniter\CodeIgniter->run()
#13 D:\TST-toko-material-toko-furnitur\system\Commands\Server\rewrite.php(47): require_once('D:\\TST-toko-mat...')
#14 {main}
CRITICAL - 2023-12-18 08:12:02 --> Column 'jenis_kayu' cannot be null
in SYSTEMPATH\Database\BaseConnection.php on line 647.
 1 SYSTEMPATH\Database\BaseBuilder.php(2301): CodeIgniter\Database\BaseConnection->query('INSERT INTO `penilaian_pelanggan` (`jenis_kayu`, `merek_kayu`, `tekstur`, `ketahanan`, `keperawatan`) VALUES (:jenis_kayu:, :merek_kayu:, :tekstur:, :ketahanan:, :keperawatan:)', [...], false)
 2 SYSTEMPATH\Model.php(319): CodeIgniter\Database\BaseBuilder->insert()
 3 SYSTEMPATH\BaseModel.php(787): CodeIgniter\Model->doInsert([...])
 4 SYSTEMPATH\Model.php(715): CodeIgniter\BaseModel->insert([...], false)
 5 SYSTEMPATH\BaseModel.php(697): CodeIgniter\Model->insert([...], false)
 6 APPPATH\Controllers\PenilaianPelanggan.php(39): CodeIgniter\BaseModel->save([...])
 7 SYSTEMPATH\CodeIgniter.php(942): App\Controllers\PenilaianPelanggan->save()
 8 SYSTEMPATH\CodeIgniter.php(502): CodeIgniter\CodeIgniter->runController(Object(App\Controllers\PenilaianPelanggan))
 9 SYSTEMPATH\CodeIgniter.php(361): CodeIgniter\CodeIgniter->handleRequest(null, Object(Config\Cache), false)
10 FCPATH\index.php(79): CodeIgniter\CodeIgniter->run()
11 SYSTEMPATH\Commands\Server\rewrite.php(47): require_once('D:\\TST-toko-material-toko-furnitur\\public\\index.php')
INFO - 2023-12-18 08:13:22 --> Session: Class initialized using 'CodeIgniter\Session\Handlers\FileHandler' driver.
INFO - 2023-12-18 08:13:22 --> Session: Class initialized using 'CodeIgniter\Session\Handlers\FileHandler' driver.
ERROR - 2023-12-18 08:14:12 --> mysqli_sql_exception: Column 'jenis_kayu' cannot be null in D:\TST-toko-material-toko-furnitur\system\Database\MySQLi\Connection.php:306
Stack trace:
#0 D:\TST-toko-material-toko-furnitur\system\Database\MySQLi\Connection.php(306): mysqli->query('INSERT INTO `pe...', 0)
#1 D:\TST-toko-material-toko-furnitur\system\Database\BaseConnection.php(693): CodeIgniter\Database\MySQLi\Connection->execute('INSERT INTO `pe...')
#2 D:\TST-toko-material-toko-furnitur\system\Database\BaseConnection.php(607): CodeIgniter\Database\BaseConnection->simpleQuery('INSERT INTO `pe...')
#3 D:\TST-toko-material-toko-furnitur\system\Database\BaseBuilder.php(2301): CodeIgniter\Database\BaseConnection->query('INSERT INTO `pe...', Array, false)
#4 D:\TST-toko-material-toko-furnitur\system\Model.php(319): CodeIgniter\Database\BaseBuilder->insert()
#5 D:\TST-toko-material-toko-furnitur\system\BaseModel.php(787): CodeIgniter\Model->doInsert(Array)
#6 D:\TST-toko-material-toko-furnitur\system\Model.php(715): CodeIgniter\BaseModel->insert(Array, false)
#7 D:\TST-toko-material-toko-furnitur\system\BaseModel.php(697): CodeIgniter\Model->insert(Array, false)
#8 D:\TST-toko-material-toko-furnitur\app\Controllers\PenilaianPelanggan.php(40): CodeIgniter\BaseModel->save(Array)
#9 D:\TST-toko-material-toko-furnitur\system\CodeIgniter.php(942): App\Controllers\PenilaianPelanggan->save()
#10 D:\TST-toko-material-toko-furnitur\system\CodeIgniter.php(502): CodeIgniter\CodeIgniter->runController(Object(App\Controllers\PenilaianPelanggan))
#11 D:\TST-toko-material-toko-furnitur\system\CodeIgniter.php(361): CodeIgniter\CodeIgniter->handleRequest(NULL, Object(Config\Cache), false)
#12 D:\TST-toko-material-toko-furnitur\public\index.php(79): CodeIgniter\CodeIgniter->run()
#13 D:\TST-toko-material-toko-furnitur\system\Commands\Server\rewrite.php(47): require_once('D:\\TST-toko-mat...')
#14 {main}
CRITICAL - 2023-12-18 08:14:12 --> Column 'jenis_kayu' cannot be null
in SYSTEMPATH\Database\BaseConnection.php on line 647.
 1 SYSTEMPATH\Database\BaseBuilder.php(2301): CodeIgniter\Database\BaseConnection->query('INSERT INTO `penilaian_pelanggan` (`jenis_kayu`, `merek_kayu`, `tekstur`, `ketahanan`, `keperawatan`) VALUES (:jenis_kayu:, :merek_kayu:, :tekstur:, :ketahanan:, :keperawatan:)', [...], false)
 2 SYSTEMPATH\Model.php(319): CodeIgniter\Database\BaseBuilder->insert()
 3 SYSTEMPATH\BaseModel.php(787): CodeIgniter\Model->doInsert([...])
 4 SYSTEMPATH\Model.php(715): CodeIgniter\BaseModel->insert([...], false)
 5 SYSTEMPATH\BaseModel.php(697): CodeIgniter\Model->insert([...], false)
 6 APPPATH\Controllers\PenilaianPelanggan.php(40): CodeIgniter\BaseModel->save([...])
 7 SYSTEMPATH\CodeIgniter.php(942): App\Controllers\PenilaianPelanggan->save()
 8 SYSTEMPATH\CodeIgniter.php(502): CodeIgniter\CodeIgniter->runController(Object(App\Controllers\PenilaianPelanggan))
 9 SYSTEMPATH\CodeIgniter.php(361): CodeIgniter\CodeIgniter->handleRequest(null, Object(Config\Cache), false)
10 FCPATH\index.php(79): CodeIgniter\CodeIgniter->run()
11 SYSTEMPATH\Commands\Server\rewrite.php(47): require_once('D:\\TST-toko-material-toko-furnitur\\public\\index.php')
ERROR - 2023-12-18 08:15:48 --> mysqli_sql_exception: Column 'tekstur' cannot be null in D:\TST-toko-material-toko-furnitur\system\Database\MySQLi\Connection.php:306
Stack trace:
#0 D:\TST-toko-material-toko-furnitur\system\Database\MySQLi\Connection.php(306): mysqli->query('INSERT INTO `pe...', 0)
#1 D:\TST-toko-material-toko-furnitur\system\Database\BaseConnection.php(693): CodeIgniter\Database\MySQLi\Connection->execute('INSERT INTO `pe...')
#2 D:\TST-toko-material-toko-furnitur\system\Database\BaseConnection.php(607): CodeIgniter\Database\BaseConnection->simpleQuery('INSERT INTO `pe...')
#3 D:\TST-toko-material-toko-furnitur\system\Database\BaseBuilder.php(2301): CodeIgniter\Database\BaseConnection->query('INSERT INTO `pe...', Array, false)
#4 D:\TST-toko-material-toko-furnitur\system\Model.php(319): CodeIgniter\Database\BaseBuilder->insert()
#5 D:\TST-toko-material-toko-furnitur\system\BaseModel.php(787): CodeIgniter\Model->doInsert(Array)
#6 D:\TST-toko-material-toko-furnitur\system\Model.php(715): CodeIgniter\BaseModel->insert(Array, false)
#7 D:\TST-toko-material-toko-furnitur\system\BaseModel.php(697): CodeIgniter\Model->insert(Array, false)
#8 D:\TST-toko-material-toko-furnitur\app\Controllers\PenilaianPelanggan.php(40): CodeIgniter\BaseModel->save(Array)
#9 D:\TST-toko-material-toko-furnitur\system\CodeIgniter.php(942): App\Controllers\PenilaianPelanggan->save()
#10 D:\TST-toko-material-toko-furnitur\system\CodeIgniter.php(502): CodeIgniter\CodeIgniter->runController(Object(App\Controllers\PenilaianPelanggan))
#11 D:\TST-toko-material-toko-furnitur\system\CodeIgniter.php(361): CodeIgniter\CodeIgniter->handleRequest(NULL, Object(Config\Cache), false)
#12 D:\TST-toko-material-toko-furnitur\public\index.php(79): CodeIgniter\CodeIgniter->run()
#13 D:\TST-toko-material-toko-furnitur\system\Commands\Server\rewrite.php(47): require_once('D:\\TST-toko-mat...')
#14 {main}
CRITICAL - 2023-12-18 08:15:48 --> Column 'tekstur' cannot be null
in SYSTEMPATH\Database\BaseConnection.php on line 647.
 1 SYSTEMPATH\Database\BaseBuilder.php(2301): CodeIgniter\Database\BaseConnection->query('INSERT INTO `penilaian_pelanggan` (`jenis_kayu`, `merek_kayu`, `tekstur`, `ketahanan`, `keperawatan`) VALUES (:jenis_kayu:, :merek_kayu:, :tekstur:, :ketahanan:, :keperawatan:)', [...], false)
 2 SYSTEMPATH\Model.php(319): CodeIgniter\Database\BaseBuilder->insert()
 3 SYSTEMPATH\BaseModel.php(787): CodeIgniter\Model->doInsert([...])
 4 SYSTEMPATH\Model.php(715): CodeIgniter\BaseModel->insert([...], false)
 5 SYSTEMPATH\BaseModel.php(697): CodeIgniter\Model->insert([...], false)
 6 APPPATH\Controllers\PenilaianPelanggan.php(40): CodeIgniter\BaseModel->save([...])
 7 SYSTEMPATH\CodeIgniter.php(942): App\Controllers\PenilaianPelanggan->save()
 8 SYSTEMPATH\CodeIgniter.php(502): CodeIgniter\CodeIgniter->runController(Object(App\Controllers\PenilaianPelanggan))
 9 SYSTEMPATH\CodeIgniter.php(361): CodeIgniter\CodeIgniter->handleRequest(null, Object(Config\Cache), false)
10 FCPATH\index.php(79): CodeIgniter\CodeIgniter->run()
11 SYSTEMPATH\Commands\Server\rewrite.php(47): require_once('D:\\TST-toko-material-toko-furnitur\\public\\index.php')
INFO - 2023-12-18 08:16:19 --> Session: Class initialized using 'CodeIgniter\Session\Handlers\FileHandler' driver.
INFO - 2023-12-18 08:17:32 --> Session: Class initialized using 'CodeIgniter\Session\Handlers\FileHandler' driver.
INFO - 2023-12-18 08:17:32 --> Session: Class initialized using 'CodeIgniter\Session\Handlers\FileHandler' driver.
CRITICAL - 2023-12-18 08:17:32 --> Undefined array key "penilaian_keseluruhan"
in APPPATH\Views\PenilaianPelanggan\index.php on line 35.
 1 APPPATH\Views\PenilaianPelanggan\index.php(35): CodeIgniter\Debug\Exceptions->errorHandler(2, 'Undefined array key "penilaian_keseluruhan"', 'D:\\TST-toko-material-toko-furnitur\\app\\Views\\PenilaianPelanggan\\index.php', 35)
 2 SYSTEMPATH\View\View.php(228): include('D:\\TST-toko-material-toko-furnitur\\app\\Views\\PenilaianPelanggan\\index.php')
 3 SYSTEMPATH\View\View.php(231): CodeIgniter\View\View->CodeIgniter\View\{closure}()
 4 SYSTEMPATH\Common.php(1190): CodeIgniter\View\View->render('PenilaianPelanggan/index', [], true)
 5 APPPATH\Controllers\PenilaianPelanggan.php(23): view('PenilaianPelanggan/index', [...])
 6 SYSTEMPATH\CodeIgniter.php(942): App\Controllers\PenilaianPelanggan->index()
 7 SYSTEMPATH\CodeIgniter.php(502): CodeIgniter\CodeIgniter->runController(Object(App\Controllers\PenilaianPelanggan))
 8 SYSTEMPATH\CodeIgniter.php(361): CodeIgniter\CodeIgniter->handleRequest(null, Object(Config\Cache), false)
 9 FCPATH\index.php(79): CodeIgniter\CodeIgniter->run()
10 SYSTEMPATH\Commands\Server\rewrite.php(47): require_once('D:\\TST-toko-material-toko-furnitur\\public\\index.php')
INFO - 2023-12-18 08:19:40 --> Session: Class initialized using 'CodeIgniter\Session\Handlers\FileHandler' driver.
INFO - 2023-12-18 08:19:40 --> Session: Class initialized using 'CodeIgniter\Session\Handlers\FileHandler' driver.
INFO - 2023-12-18 08:19:43 --> Session: Class initialized using 'CodeIgniter\Session\Handlers\FileHandler' driver.
INFO - 2023-12-18 08:19:43 --> Session: Class initialized using 'CodeIgniter\Session\Handlers\FileHandler' driver.
INFO - 2023-12-18 08:20:02 --> Session: Class initialized using 'CodeIgniter\Session\Handlers\FileHandler' driver.
WARNING - 2023-12-18 08:20:02 --> [DEPRECATED] Creation of dynamic property App\Controllers\PenilaianPerusahaan::$session is deprecated in APPPATH\Controllers\PenilaianPerusahaan.php on line 16.
 1 SYSTEMPATH\CodeIgniter.php(914): App\Controllers\PenilaianPerusahaan->__construct()
 2 SYSTEMPATH\CodeIgniter.php(493): CodeIgniter\CodeIgniter->createController()
 3 SYSTEMPATH\CodeIgniter.php(361): CodeIgniter\CodeIgniter->handleRequest(null, Object(Config\Cache), false)
 4 FCPATH\index.php(79): CodeIgniter\CodeIgniter->run()
 5 SYSTEMPATH\Commands\Server\rewrite.php(47): require_once('D:\\TST-toko-material-toko-furnitur\\public\\index.php')
WARNING - 2023-12-18 08:20:02 --> [DEPRECATED] Creation of dynamic property App\Controllers\PenilaianPerusahaan::$auth is deprecated in APPPATH\Controllers\PenilaianPerusahaan.php on line 17.
 1 SYSTEMPATH\CodeIgniter.php(914): App\Controllers\PenilaianPerusahaan->__construct()
 2 SYSTEMPATH\CodeIgniter.php(493): CodeIgniter\CodeIgniter->createController()
 3 SYSTEMPATH\CodeIgniter.php(361): CodeIgniter\CodeIgniter->handleRequest(null, Object(Config\Cache), false)
 4 FCPATH\index.php(79): CodeIgniter\CodeIgniter->run()
 5 SYSTEMPATH\Commands\Server\rewrite.php(47): require_once('D:\\TST-toko-material-toko-furnitur\\public\\index.php')
INFO - 2023-12-18 08:20:02 --> Session: Class initialized using 'CodeIgniter\Session\Handlers\FileHandler' driver.
INFO - 2023-12-18 08:20:05 --> Session: Class initialized using 'CodeIgniter\Session\Handlers\FileHandler' driver.
WARNING - 2023-12-18 08:20:05 --> [DEPRECATED] Creation of dynamic property App\Controllers\PenilaianPerusahaan::$session is deprecated in APPPATH\Controllers\PenilaianPerusahaan.php on line 16.
 1 SYSTEMPATH\CodeIgniter.php(914): App\Controllers\PenilaianPerusahaan->__construct()
 2 SYSTEMPATH\CodeIgniter.php(493): CodeIgniter\CodeIgniter->createController()
 3 SYSTEMPATH\CodeIgniter.php(361): CodeIgniter\CodeIgniter->handleRequest(null, Object(Config\Cache), false)
 4 FCPATH\index.php(79): CodeIgniter\CodeIgniter->run()
 5 SYSTEMPATH\Commands\Server\rewrite.php(47): require_once('D:\\TST-toko-material-toko-furnitur\\public\\index.php')
WARNING - 2023-12-18 08:20:05 --> [DEPRECATED] Creation of dynamic property App\Controllers\PenilaianPerusahaan::$auth is deprecated in APPPATH\Controllers\PenilaianPerusahaan.php on line 17.
 1 SYSTEMPATH\CodeIgniter.php(914): App\Controllers\PenilaianPerusahaan->__construct()
 2 SYSTEMPATH\CodeIgniter.php(493): CodeIgniter\CodeIgniter->createController()
 3 SYSTEMPATH\CodeIgniter.php(361): CodeIgniter\CodeIgniter->handleRequest(null, Object(Config\Cache), false)
 4 FCPATH\index.php(79): CodeIgniter\CodeIgniter->run()
 5 SYSTEMPATH\Commands\Server\rewrite.php(47): require_once('D:\\TST-toko-material-toko-furnitur\\public\\index.php')
CRITICAL - 2023-12-18 08:20:05 --> Undefined property: App\Controllers\PenilaianPerusahaan::$config
in APPPATH\Controllers\PenilaianPerusahaan.php on line 24.
 1 APPPATH\Controllers\PenilaianPerusahaan.php(24): CodeIgniter\Debug\Exceptions->errorHandler(2, 'Undefined property: App\\Controllers\\PenilaianPerusahaan::$config', 'D:\\TST-toko-material-toko-furnitur\\app\\Controllers\\PenilaianPerusahaan.php', 24)
 2 SYSTEMPATH\CodeIgniter.php(942): App\Controllers\PenilaianPerusahaan->index()
 3 SYSTEMPATH\CodeIgniter.php(502): CodeIgniter\CodeIgniter->runController(Object(App\Controllers\PenilaianPerusahaan))
 4 SYSTEMPATH\CodeIgniter.php(361): CodeIgniter\CodeIgniter->handleRequest(null, Object(Config\Cache), false)
 5 FCPATH\index.php(79): CodeIgniter\CodeIgniter->run()
 6 SYSTEMPATH\Commands\Server\rewrite.php(47): require_once('D:\\TST-toko-material-toko-furnitur\\public\\index.php')
INFO - 2023-12-18 08:20:10 --> Session: Class initialized using 'CodeIgniter\Session\Handlers\FileHandler' driver.
INFO - 2023-12-18 08:20:11 --> Session: Class initialized using 'CodeIgniter\Session\Handlers\FileHandler' driver.
WARNING - 2023-12-18 08:20:11 --> [DEPRECATED] Creation of dynamic property App\Controllers\PenilaianPerusahaan::$session is deprecated in APPPATH\Controllers\PenilaianPerusahaan.php on line 16.
 1 SYSTEMPATH\CodeIgniter.php(914): App\Controllers\PenilaianPerusahaan->__construct()
 2 SYSTEMPATH\CodeIgniter.php(493): CodeIgniter\CodeIgniter->createController()
 3 SYSTEMPATH\CodeIgniter.php(361): CodeIgniter\CodeIgniter->handleRequest(null, Object(Config\Cache), false)
 4 FCPATH\index.php(79): CodeIgniter\CodeIgniter->run()
 5 SYSTEMPATH\Commands\Server\rewrite.php(47): require_once('D:\\TST-toko-material-toko-furnitur\\public\\index.php')
WARNING - 2023-12-18 08:20:11 --> [DEPRECATED] Creation of dynamic property App\Controllers\PenilaianPerusahaan::$auth is deprecated in APPPATH\Controllers\PenilaianPerusahaan.php on line 17.
 1 SYSTEMPATH\CodeIgniter.php(914): App\Controllers\PenilaianPerusahaan->__construct()
 2 SYSTEMPATH\CodeIgniter.php(493): CodeIgniter\CodeIgniter->createController()
 3 SYSTEMPATH\CodeIgniter.php(361): CodeIgniter\CodeIgniter->handleRequest(null, Object(Config\Cache), false)
 4 FCPATH\index.php(79): CodeIgniter\CodeIgniter->run()
 5 SYSTEMPATH\Commands\Server\rewrite.php(47): require_once('D:\\TST-toko-material-toko-furnitur\\public\\index.php')
CRITICAL - 2023-12-18 08:20:11 --> Undefined property: App\Controllers\PenilaianPerusahaan::$config
in APPPATH\Controllers\PenilaianPerusahaan.php on line 24.
 1 APPPATH\Controllers\PenilaianPerusahaan.php(24): CodeIgniter\Debug\Exceptions->errorHandler(2, 'Undefined property: App\\Controllers\\PenilaianPerusahaan::$config', 'D:\\TST-toko-material-toko-furnitur\\app\\Controllers\\PenilaianPerusahaan.php', 24)
 2 SYSTEMPATH\CodeIgniter.php(942): App\Controllers\PenilaianPerusahaan->index()
 3 SYSTEMPATH\CodeIgniter.php(502): CodeIgniter\CodeIgniter->runController(Object(App\Controllers\PenilaianPerusahaan))
 4 SYSTEMPATH\CodeIgniter.php(361): CodeIgniter\CodeIgniter->handleRequest(null, Object(Config\Cache), false)
 5 FCPATH\index.php(79): CodeIgniter\CodeIgniter->run()
 6 SYSTEMPATH\Commands\Server\rewrite.php(47): require_once('D:\\TST-toko-material-toko-furnitur\\public\\index.php')
INFO - 2023-12-18 08:20:16 --> Session: Class initialized using 'CodeIgniter\Session\Handlers\FileHandler' driver.
INFO - 2023-12-18 08:20:17 --> Session: Class initialized using 'CodeIgniter\Session\Handlers\FileHandler' driver.
WARNING - 2023-12-18 08:20:17 --> [DEPRECATED] Creation of dynamic property App\Controllers\Rekomendasi::$session is deprecated in APPPATH\Controllers\Rekomendasi.php on line 16.
 1 SYSTEMPATH\CodeIgniter.php(914): App\Controllers\Rekomendasi->__construct()
 2 SYSTEMPATH\CodeIgniter.php(493): CodeIgniter\CodeIgniter->createController()
 3 SYSTEMPATH\CodeIgniter.php(361): CodeIgniter\CodeIgniter->handleRequest(null, Object(Config\Cache), false)
 4 FCPATH\index.php(79): CodeIgniter\CodeIgniter->run()
 5 SYSTEMPATH\Commands\Server\rewrite.php(47): require_once('D:\\TST-toko-material-toko-furnitur\\public\\index.php')
WARNING - 2023-12-18 08:20:17 --> [DEPRECATED] Creation of dynamic property App\Controllers\Rekomendasi::$auth is deprecated in APPPATH\Controllers\Rekomendasi.php on line 17.
 1 SYSTEMPATH\CodeIgniter.php(914): App\Controllers\Rekomendasi->__construct()
 2 SYSTEMPATH\CodeIgniter.php(493): CodeIgniter\CodeIgniter->createController()
 3 SYSTEMPATH\CodeIgniter.php(361): CodeIgniter\CodeIgniter->handleRequest(null, Object(Config\Cache), false)
 4 FCPATH\index.php(79): CodeIgniter\CodeIgniter->run()
 5 SYSTEMPATH\Commands\Server\rewrite.php(47): require_once('D:\\TST-toko-material-toko-furnitur\\public\\index.php')
INFO - 2023-12-18 08:20:19 --> Session: Class initialized using 'CodeIgniter\Session\Handlers\FileHandler' driver.
