INFO - 2023-12-17 12:17:38 --> Session: Class initialized using 'CodeIgniter\Session\Handlers\FileHandler' driver.
INFO - 2023-12-17 12:17:40 --> Session: Class initialized using 'CodeIgniter\Session\Handlers\FileHandler' driver.
INFO - 2023-12-17 12:17:46 --> Session: Class initialized using 'CodeIgniter\Session\Handlers\FileHandler' driver.
ERROR - 2023-12-17 12:17:47 --> Error connecting to the database: mysqli_sql_exception: Access denied for user 'root'@'localhost' (using password: NO) in C:\Users\GABRIEL PANJAITAN\Downloads\Tst-tubes\TST-toko-material-toko-furnitur\system\Database\MySQLi\Connection.php:184
Stack trace:
#0 C:\Users\GABRIEL PANJAITAN\Downloads\Tst-tubes\TST-toko-material-toko-furnitur\system\Database\MySQLi\Connection.php(184): mysqli->real_connect('localhost', 'root', Object(SensitiveParameterValue), 'tsttokomaterial', 3306, '', 0)
#1 C:\Users\GABRIEL PANJAITAN\Downloads\Tst-tubes\TST-toko-material-toko-furnitur\system\Database\BaseConnection.php(392): CodeIgniter\Database\MySQLi\Connection->connect(false)
#2 C:\Users\GABRIEL PANJAITAN\Downloads\Tst-tubes\TST-toko-material-toko-furnitur\system\Database\BaseConnection.php(575): CodeIgniter\Database\BaseConnection->initialize()
#3 C:\Users\GABRIEL PANJAITAN\Downloads\Tst-tubes\TST-toko-material-toko-furnitur\system\Database\BaseBuilder.php(1612): CodeIgniter\Database\BaseConnection->query('SELECT *\nFROM `...', Array, false)
#4 C:\Users\GABRIEL PANJAITAN\Downloads\Tst-tubes\TST-toko-material-toko-furnitur\system\Model.php(264): CodeIgniter\Database\BaseBuilder->get()
#5 C:\Users\GABRIEL PANJAITAN\Downloads\Tst-tubes\TST-toko-material-toko-furnitur\system\BaseModel.php(661): CodeIgniter\Model->doFirst()
#6 C:\Users\GABRIEL PANJAITAN\Downloads\Tst-tubes\TST-toko-material-toko-furnitur\app\ThirdParty\myth-auth\src\Authentication\LocalAuthenticator.php(140): CodeIgniter\BaseModel->first()
#7 C:\Users\GABRIEL PANJAITAN\Downloads\Tst-tubes\TST-toko-material-toko-furnitur\app\ThirdParty\myth-auth\src\Authentication\LocalAuthenticator.php(19): Myth\Auth\Authentication\LocalAuthenticator->validate(Array, true)
#8 C:\Users\GABRIEL PANJAITAN\Downloads\Tst-tubes\TST-toko-material-toko-furnitur\app\ThirdParty\myth-auth\src\Controllers\AuthController.php(109): Myth\Auth\Authentication\LocalAuthenticator->attempt(Array, false)
#9 C:\Users\GABRIEL PANJAITAN\Downloads\Tst-tubes\TST-toko-material-toko-furnitur\system\CodeIgniter.php(942): Myth\Auth\Controllers\AuthController->attemptLogin()
#10 C:\Users\GABRIEL PANJAITAN\Downloads\Tst-tubes\TST-toko-material-toko-furnitur\system\CodeIgniter.php(502): CodeIgniter\CodeIgniter->runController(Object(Myth\Auth\Controllers\AuthController))
#11 C:\Users\GABRIEL PANJAITAN\Downloads\Tst-tubes\TST-toko-material-toko-furnitur\system\CodeIgniter.php(361): CodeIgniter\CodeIgniter->handleRequest(NULL, Object(Config\Cache), false)
#12 C:\Users\GABRIEL PANJAITAN\Downloads\Tst-tubes\TST-toko-material-toko-furnitur\public\index.php(79): CodeIgniter\CodeIgniter->run()
#13 C:\Users\GABRIEL PANJAITAN\Downloads\Tst-tubes\TST-toko-material-toko-furnitur\system\Commands\Server\rewrite.php(47): require_once('C:\\Users\\GABRIE...')
#14 {main}

Next CodeIgniter\Database\Exceptions\DatabaseException: Access denied for user '****'@'localhost' (using password: NO) in C:\Users\GABRIEL PANJAITAN\Downloads\Tst-tubes\TST-toko-material-toko-furnitur\system\Database\MySQLi\Connection.php:229
Stack trace:
#0 C:\Users\GABRIEL PANJAITAN\Downloads\Tst-tubes\TST-toko-material-toko-furnitur\system\Database\BaseConnection.php(392): CodeIgniter\Database\MySQLi\Connection->connect(false)
#1 C:\Users\GABRIEL PANJAITAN\Downloads\Tst-tubes\TST-toko-material-toko-furnitur\system\Database\BaseConnection.php(575): CodeIgniter\Database\BaseConnection->initialize()
#2 C:\Users\GABRIEL PANJAITAN\Downloads\Tst-tubes\TST-toko-material-toko-furnitur\system\Database\BaseBuilder.php(1612): CodeIgniter\Database\BaseConnection->query('SELECT *\nFROM `...', Array, false)
#3 C:\Users\GABRIEL PANJAITAN\Downloads\Tst-tubes\TST-toko-material-toko-furnitur\system\Model.php(264): CodeIgniter\Database\BaseBuilder->get()
#4 C:\Users\GABRIEL PANJAITAN\Downloads\Tst-tubes\TST-toko-material-toko-furnitur\system\BaseModel.php(661): CodeIgniter\Model->doFirst()
#5 C:\Users\GABRIEL PANJAITAN\Downloads\Tst-tubes\TST-toko-material-toko-furnitur\app\ThirdParty\myth-auth\src\Authentication\LocalAuthenticator.php(140): CodeIgniter\BaseModel->first()
#6 C:\Users\GABRIEL PANJAITAN\Downloads\Tst-tubes\TST-toko-material-toko-furnitur\app\ThirdParty\myth-auth\src\Authentication\LocalAuthenticator.php(19): Myth\Auth\Authentication\LocalAuthenticator->validate(Array, true)
#7 C:\Users\GABRIEL PANJAITAN\Downloads\Tst-tubes\TST-toko-material-toko-furnitur\app\ThirdParty\myth-auth\src\Controllers\AuthController.php(109): Myth\Auth\Authentication\LocalAuthenticator->attempt(Array, false)
#8 C:\Users\GABRIEL PANJAITAN\Downloads\Tst-tubes\TST-toko-material-toko-furnitur\system\CodeIgniter.php(942): Myth\Auth\Controllers\AuthController->attemptLogin()
#9 C:\Users\GABRIEL PANJAITAN\Downloads\Tst-tubes\TST-toko-material-toko-furnitur\system\CodeIgniter.php(502): CodeIgniter\CodeIgniter->runController(Object(Myth\Auth\Controllers\AuthController))
#10 C:\Users\GABRIEL PANJAITAN\Downloads\Tst-tubes\TST-toko-material-toko-furnitur\system\CodeIgniter.php(361): CodeIgniter\CodeIgniter->handleRequest(NULL, Object(Config\Cache), false)
#11 C:\Users\GABRIEL PANJAITAN\Downloads\Tst-tubes\TST-toko-material-toko-furnitur\public\index.php(79): CodeIgniter\CodeIgniter->run()
#12 C:\Users\GABRIEL PANJAITAN\Downloads\Tst-tubes\TST-toko-material-toko-furnitur\system\Commands\Server\rewrite.php(47): require_once('C:\\Users\\GABRIE...')
#13 {main}
CRITICAL - 2023-12-17 12:17:47 --> Unable to connect to the database.
Main connection [MySQLi]: Access denied for user '****'@'localhost' (using password: NO)
in SYSTEMPATH\Database\BaseConnection.php on line 428.
 1 SYSTEMPATH\Database\BaseConnection.php(575): CodeIgniter\Database\BaseConnection->initialize()
 2 SYSTEMPATH\Database\BaseBuilder.php(1612): CodeIgniter\Database\BaseConnection->query('SELECT *
FROM `users`
WHERE `username` = :username:
AND `users`.`deleted_at` IS NULL
 LIMIT 1', [...], false)
 3 SYSTEMPATH\Model.php(264): CodeIgniter\Database\BaseBuilder->get()
 4 SYSTEMPATH\BaseModel.php(661): CodeIgniter\Model->doFirst()
 5 APPPATH\ThirdParty\myth-auth\src\Authentication\LocalAuthenticator.php(140): CodeIgniter\BaseModel->first()
 6 APPPATH\ThirdParty\myth-auth\src\Authentication\LocalAuthenticator.php(19): Myth\Auth\Authentication\LocalAuthenticator->validate([...], true)
 7 APPPATH\ThirdParty\myth-auth\src\Controllers\AuthController.php(109): Myth\Auth\Authentication\LocalAuthenticator->attempt([...], false)
 8 SYSTEMPATH\CodeIgniter.php(942): Myth\Auth\Controllers\AuthController->attemptLogin()
 9 SYSTEMPATH\CodeIgniter.php(502): CodeIgniter\CodeIgniter->runController(Object(Myth\Auth\Controllers\AuthController))
10 SYSTEMPATH\CodeIgniter.php(361): CodeIgniter\CodeIgniter->handleRequest(null, Object(Config\Cache), false)
11 FCPATH\index.php(79): CodeIgniter\CodeIgniter->run()
12 SYSTEMPATH\Commands\Server\rewrite.php(47): require_once('C:\\Users\\GABRIEL PANJAITAN\\Downloads\\Tst-tubes\\TST-toko-material-toko-furnitur\\public\\index.php')
INFO - 2023-12-17 12:18:40 --> Session: Class initialized using 'CodeIgniter\Session\Handlers\FileHandler' driver.
ERROR - 2023-12-17 12:18:40 --> Error connecting to the database: mysqli_sql_exception: Access denied for user 'root'@'localhost' (using password: NO) in C:\Users\GABRIEL PANJAITAN\Downloads\Tst-tubes\TST-toko-material-toko-furnitur\system\Database\MySQLi\Connection.php:184
Stack trace:
#0 C:\Users\GABRIEL PANJAITAN\Downloads\Tst-tubes\TST-toko-material-toko-furnitur\system\Database\MySQLi\Connection.php(184): mysqli->real_connect('localhost', 'root', Object(SensitiveParameterValue), 'tsttokomaterial', 3306, '', 0)
#1 C:\Users\GABRIEL PANJAITAN\Downloads\Tst-tubes\TST-toko-material-toko-furnitur\system\Database\BaseConnection.php(392): CodeIgniter\Database\MySQLi\Connection->connect(false)
#2 C:\Users\GABRIEL PANJAITAN\Downloads\Tst-tubes\TST-toko-material-toko-furnitur\system\Database\BaseConnection.php(575): CodeIgniter\Database\BaseConnection->initialize()
#3 C:\Users\GABRIEL PANJAITAN\Downloads\Tst-tubes\TST-toko-material-toko-furnitur\system\Database\BaseBuilder.php(1612): CodeIgniter\Database\BaseConnection->query('SELECT *\nFROM `...', Array, false)
#4 C:\Users\GABRIEL PANJAITAN\Downloads\Tst-tubes\TST-toko-material-toko-furnitur\system\Model.php(264): CodeIgniter\Database\BaseBuilder->get()
#5 C:\Users\GABRIEL PANJAITAN\Downloads\Tst-tubes\TST-toko-material-toko-furnitur\system\BaseModel.php(661): CodeIgniter\Model->doFirst()
#6 C:\Users\GABRIEL PANJAITAN\Downloads\Tst-tubes\TST-toko-material-toko-furnitur\app\ThirdParty\myth-auth\src\Authentication\LocalAuthenticator.php(140): CodeIgniter\BaseModel->first()
#7 C:\Users\GABRIEL PANJAITAN\Downloads\Tst-tubes\TST-toko-material-toko-furnitur\app\ThirdParty\myth-auth\src\Authentication\LocalAuthenticator.php(19): Myth\Auth\Authentication\LocalAuthenticator->validate(Array, true)
#8 C:\Users\GABRIEL PANJAITAN\Downloads\Tst-tubes\TST-toko-material-toko-furnitur\app\ThirdParty\myth-auth\src\Controllers\AuthController.php(109): Myth\Auth\Authentication\LocalAuthenticator->attempt(Array, false)
#9 C:\Users\GABRIEL PANJAITAN\Downloads\Tst-tubes\TST-toko-material-toko-furnitur\system\CodeIgniter.php(942): Myth\Auth\Controllers\AuthController->attemptLogin()
#10 C:\Users\GABRIEL PANJAITAN\Downloads\Tst-tubes\TST-toko-material-toko-furnitur\system\CodeIgniter.php(502): CodeIgniter\CodeIgniter->runController(Object(Myth\Auth\Controllers\AuthController))
#11 C:\Users\GABRIEL PANJAITAN\Downloads\Tst-tubes\TST-toko-material-toko-furnitur\system\CodeIgniter.php(361): CodeIgniter\CodeIgniter->handleRequest(NULL, Object(Config\Cache), false)
#12 C:\Users\GABRIEL PANJAITAN\Downloads\Tst-tubes\TST-toko-material-toko-furnitur\public\index.php(79): CodeIgniter\CodeIgniter->run()
#13 C:\Users\GABRIEL PANJAITAN\Downloads\Tst-tubes\TST-toko-material-toko-furnitur\system\Commands\Server\rewrite.php(47): require_once('C:\\Users\\GABRIE...')
#14 {main}

Next CodeIgniter\Database\Exceptions\DatabaseException: Access denied for user '****'@'localhost' (using password: NO) in C:\Users\GABRIEL PANJAITAN\Downloads\Tst-tubes\TST-toko-material-toko-furnitur\system\Database\MySQLi\Connection.php:229
Stack trace:
#0 C:\Users\GABRIEL PANJAITAN\Downloads\Tst-tubes\TST-toko-material-toko-furnitur\system\Database\BaseConnection.php(392): CodeIgniter\Database\MySQLi\Connection->connect(false)
#1 C:\Users\GABRIEL PANJAITAN\Downloads\Tst-tubes\TST-toko-material-toko-furnitur\system\Database\BaseConnection.php(575): CodeIgniter\Database\BaseConnection->initialize()
#2 C:\Users\GABRIEL PANJAITAN\Downloads\Tst-tubes\TST-toko-material-toko-furnitur\system\Database\BaseBuilder.php(1612): CodeIgniter\Database\BaseConnection->query('SELECT *\nFROM `...', Array, false)
#3 C:\Users\GABRIEL PANJAITAN\Downloads\Tst-tubes\TST-toko-material-toko-furnitur\system\Model.php(264): CodeIgniter\Database\BaseBuilder->get()
#4 C:\Users\GABRIEL PANJAITAN\Downloads\Tst-tubes\TST-toko-material-toko-furnitur\system\BaseModel.php(661): CodeIgniter\Model->doFirst()
#5 C:\Users\GABRIEL PANJAITAN\Downloads\Tst-tubes\TST-toko-material-toko-furnitur\app\ThirdParty\myth-auth\src\Authentication\LocalAuthenticator.php(140): CodeIgniter\BaseModel->first()
#6 C:\Users\GABRIEL PANJAITAN\Downloads\Tst-tubes\TST-toko-material-toko-furnitur\app\ThirdParty\myth-auth\src\Authentication\LocalAuthenticator.php(19): Myth\Auth\Authentication\LocalAuthenticator->validate(Array, true)
#7 C:\Users\GABRIEL PANJAITAN\Downloads\Tst-tubes\TST-toko-material-toko-furnitur\app\ThirdParty\myth-auth\src\Controllers\AuthController.php(109): Myth\Auth\Authentication\LocalAuthenticator->attempt(Array, false)
#8 C:\Users\GABRIEL PANJAITAN\Downloads\Tst-tubes\TST-toko-material-toko-furnitur\system\CodeIgniter.php(942): Myth\Auth\Controllers\AuthController->attemptLogin()
#9 C:\Users\GABRIEL PANJAITAN\Downloads\Tst-tubes\TST-toko-material-toko-furnitur\system\CodeIgniter.php(502): CodeIgniter\CodeIgniter->runController(Object(Myth\Auth\Controllers\AuthController))
#10 C:\Users\GABRIEL PANJAITAN\Downloads\Tst-tubes\TST-toko-material-toko-furnitur\system\CodeIgniter.php(361): CodeIgniter\CodeIgniter->handleRequest(NULL, Object(Config\Cache), false)
#11 C:\Users\GABRIEL PANJAITAN\Downloads\Tst-tubes\TST-toko-material-toko-furnitur\public\index.php(79): CodeIgniter\CodeIgniter->run()
#12 C:\Users\GABRIEL PANJAITAN\Downloads\Tst-tubes\TST-toko-material-toko-furnitur\system\Commands\Server\rewrite.php(47): require_once('C:\\Users\\GABRIE...')
#13 {main}
CRITICAL - 2023-12-17 12:18:40 --> Unable to connect to the database.
Main connection [MySQLi]: Access denied for user '****'@'localhost' (using password: NO)
in SYSTEMPATH\Database\BaseConnection.php on line 428.
 1 SYSTEMPATH\Database\BaseConnection.php(575): CodeIgniter\Database\BaseConnection->initialize()
 2 SYSTEMPATH\Database\BaseBuilder.php(1612): CodeIgniter\Database\BaseConnection->query('SELECT *
FROM `users`
WHERE `username` = :username:
AND `users`.`deleted_at` IS NULL
 LIMIT 1', [...], false)
 3 SYSTEMPATH\Model.php(264): CodeIgniter\Database\BaseBuilder->get()
 4 SYSTEMPATH\BaseModel.php(661): CodeIgniter\Model->doFirst()
 5 APPPATH\ThirdParty\myth-auth\src\Authentication\LocalAuthenticator.php(140): CodeIgniter\BaseModel->first()
 6 APPPATH\ThirdParty\myth-auth\src\Authentication\LocalAuthenticator.php(19): Myth\Auth\Authentication\LocalAuthenticator->validate([...], true)
 7 APPPATH\ThirdParty\myth-auth\src\Controllers\AuthController.php(109): Myth\Auth\Authentication\LocalAuthenticator->attempt([...], false)
 8 SYSTEMPATH\CodeIgniter.php(942): Myth\Auth\Controllers\AuthController->attemptLogin()
 9 SYSTEMPATH\CodeIgniter.php(502): CodeIgniter\CodeIgniter->runController(Object(Myth\Auth\Controllers\AuthController))
10 SYSTEMPATH\CodeIgniter.php(361): CodeIgniter\CodeIgniter->handleRequest(null, Object(Config\Cache), false)
11 FCPATH\index.php(79): CodeIgniter\CodeIgniter->run()
12 SYSTEMPATH\Commands\Server\rewrite.php(47): require_once('C:\\Users\\GABRIEL PANJAITAN\\Downloads\\Tst-tubes\\TST-toko-material-toko-furnitur\\public\\index.php')
INFO - 2023-12-17 12:19:18 --> Session: Class initialized using 'CodeIgniter\Session\Handlers\FileHandler' driver.
ERROR - 2023-12-17 12:19:18 --> Error connecting to the database: mysqli_sql_exception: Access denied for user 'root'@'localhost' (using password: NO) in C:\Users\GABRIEL PANJAITAN\Downloads\Tst-tubes\TST-toko-material-toko-furnitur\system\Database\MySQLi\Connection.php:184
Stack trace:
#0 C:\Users\GABRIEL PANJAITAN\Downloads\Tst-tubes\TST-toko-material-toko-furnitur\system\Database\MySQLi\Connection.php(184): mysqli->real_connect('localhost', 'root', Object(SensitiveParameterValue), 'tsttokomaterial', 3306, '', 0)
#1 C:\Users\GABRIEL PANJAITAN\Downloads\Tst-tubes\TST-toko-material-toko-furnitur\system\Database\BaseConnection.php(392): CodeIgniter\Database\MySQLi\Connection->connect(false)
#2 C:\Users\GABRIEL PANJAITAN\Downloads\Tst-tubes\TST-toko-material-toko-furnitur\system\Database\BaseConnection.php(575): CodeIgniter\Database\BaseConnection->initialize()
#3 C:\Users\GABRIEL PANJAITAN\Downloads\Tst-tubes\TST-toko-material-toko-furnitur\system\Database\BaseBuilder.php(1612): CodeIgniter\Database\BaseConnection->query('SELECT *\nFROM `...', Array, false)
#4 C:\Users\GABRIEL PANJAITAN\Downloads\Tst-tubes\TST-toko-material-toko-furnitur\system\Model.php(264): CodeIgniter\Database\BaseBuilder->get()
#5 C:\Users\GABRIEL PANJAITAN\Downloads\Tst-tubes\TST-toko-material-toko-furnitur\system\BaseModel.php(661): CodeIgniter\Model->doFirst()
#6 C:\Users\GABRIEL PANJAITAN\Downloads\Tst-tubes\TST-toko-material-toko-furnitur\app\ThirdParty\myth-auth\src\Authentication\LocalAuthenticator.php(140): CodeIgniter\BaseModel->first()
#7 C:\Users\GABRIEL PANJAITAN\Downloads\Tst-tubes\TST-toko-material-toko-furnitur\app\ThirdParty\myth-auth\src\Authentication\LocalAuthenticator.php(19): Myth\Auth\Authentication\LocalAuthenticator->validate(Array, true)
#8 C:\Users\GABRIEL PANJAITAN\Downloads\Tst-tubes\TST-toko-material-toko-furnitur\app\ThirdParty\myth-auth\src\Controllers\AuthController.php(109): Myth\Auth\Authentication\LocalAuthenticator->attempt(Array, false)
#9 C:\Users\GABRIEL PANJAITAN\Downloads\Tst-tubes\TST-toko-material-toko-furnitur\system\CodeIgniter.php(942): Myth\Auth\Controllers\AuthController->attemptLogin()
#10 C:\Users\GABRIEL PANJAITAN\Downloads\Tst-tubes\TST-toko-material-toko-furnitur\system\CodeIgniter.php(502): CodeIgniter\CodeIgniter->runController(Object(Myth\Auth\Controllers\AuthController))
#11 C:\Users\GABRIEL PANJAITAN\Downloads\Tst-tubes\TST-toko-material-toko-furnitur\system\CodeIgniter.php(361): CodeIgniter\CodeIgniter->handleRequest(NULL, Object(Config\Cache), false)
#12 C:\Users\GABRIEL PANJAITAN\Downloads\Tst-tubes\TST-toko-material-toko-furnitur\public\index.php(79): CodeIgniter\CodeIgniter->run()
#13 C:\Users\GABRIEL PANJAITAN\Downloads\Tst-tubes\TST-toko-material-toko-furnitur\system\Commands\Server\rewrite.php(47): require_once('C:\\Users\\GABRIE...')
#14 {main}

Next CodeIgniter\Database\Exceptions\DatabaseException: Access denied for user '****'@'localhost' (using password: NO) in C:\Users\GABRIEL PANJAITAN\Downloads\Tst-tubes\TST-toko-material-toko-furnitur\system\Database\MySQLi\Connection.php:229
Stack trace:
#0 C:\Users\GABRIEL PANJAITAN\Downloads\Tst-tubes\TST-toko-material-toko-furnitur\system\Database\BaseConnection.php(392): CodeIgniter\Database\MySQLi\Connection->connect(false)
#1 C:\Users\GABRIEL PANJAITAN\Downloads\Tst-tubes\TST-toko-material-toko-furnitur\system\Database\BaseConnection.php(575): CodeIgniter\Database\BaseConnection->initialize()
#2 C:\Users\GABRIEL PANJAITAN\Downloads\Tst-tubes\TST-toko-material-toko-furnitur\system\Database\BaseBuilder.php(1612): CodeIgniter\Database\BaseConnection->query('SELECT *\nFROM `...', Array, false)
#3 C:\Users\GABRIEL PANJAITAN\Downloads\Tst-tubes\TST-toko-material-toko-furnitur\system\Model.php(264): CodeIgniter\Database\BaseBuilder->get()
#4 C:\Users\GABRIEL PANJAITAN\Downloads\Tst-tubes\TST-toko-material-toko-furnitur\system\BaseModel.php(661): CodeIgniter\Model->doFirst()
#5 C:\Users\GABRIEL PANJAITAN\Downloads\Tst-tubes\TST-toko-material-toko-furnitur\app\ThirdParty\myth-auth\src\Authentication\LocalAuthenticator.php(140): CodeIgniter\BaseModel->first()
#6 C:\Users\GABRIEL PANJAITAN\Downloads\Tst-tubes\TST-toko-material-toko-furnitur\app\ThirdParty\myth-auth\src\Authentication\LocalAuthenticator.php(19): Myth\Auth\Authentication\LocalAuthenticator->validate(Array, true)
#7 C:\Users\GABRIEL PANJAITAN\Downloads\Tst-tubes\TST-toko-material-toko-furnitur\app\ThirdParty\myth-auth\src\Controllers\AuthController.php(109): Myth\Auth\Authentication\LocalAuthenticator->attempt(Array, false)
#8 C:\Users\GABRIEL PANJAITAN\Downloads\Tst-tubes\TST-toko-material-toko-furnitur\system\CodeIgniter.php(942): Myth\Auth\Controllers\AuthController->attemptLogin()
#9 C:\Users\GABRIEL PANJAITAN\Downloads\Tst-tubes\TST-toko-material-toko-furnitur\system\CodeIgniter.php(502): CodeIgniter\CodeIgniter->runController(Object(Myth\Auth\Controllers\AuthController))
#10 C:\Users\GABRIEL PANJAITAN\Downloads\Tst-tubes\TST-toko-material-toko-furnitur\system\CodeIgniter.php(361): CodeIgniter\CodeIgniter->handleRequest(NULL, Object(Config\Cache), false)
#11 C:\Users\GABRIEL PANJAITAN\Downloads\Tst-tubes\TST-toko-material-toko-furnitur\public\index.php(79): CodeIgniter\CodeIgniter->run()
#12 C:\Users\GABRIEL PANJAITAN\Downloads\Tst-tubes\TST-toko-material-toko-furnitur\system\Commands\Server\rewrite.php(47): require_once('C:\\Users\\GABRIE...')
#13 {main}
CRITICAL - 2023-12-17 12:19:18 --> Unable to connect to the database.
Main connection [MySQLi]: Access denied for user '****'@'localhost' (using password: NO)
in SYSTEMPATH\Database\BaseConnection.php on line 428.
 1 SYSTEMPATH\Database\BaseConnection.php(575): CodeIgniter\Database\BaseConnection->initialize()
 2 SYSTEMPATH\Database\BaseBuilder.php(1612): CodeIgniter\Database\BaseConnection->query('SELECT *
FROM `users`
WHERE `username` = :username:
AND `users`.`deleted_at` IS NULL
 LIMIT 1', [...], false)
 3 SYSTEMPATH\Model.php(264): CodeIgniter\Database\BaseBuilder->get()
 4 SYSTEMPATH\BaseModel.php(661): CodeIgniter\Model->doFirst()
 5 APPPATH\ThirdParty\myth-auth\src\Authentication\LocalAuthenticator.php(140): CodeIgniter\BaseModel->first()
 6 APPPATH\ThirdParty\myth-auth\src\Authentication\LocalAuthenticator.php(19): Myth\Auth\Authentication\LocalAuthenticator->validate([...], true)
 7 APPPATH\ThirdParty\myth-auth\src\Controllers\AuthController.php(109): Myth\Auth\Authentication\LocalAuthenticator->attempt([...], false)
 8 SYSTEMPATH\CodeIgniter.php(942): Myth\Auth\Controllers\AuthController->attemptLogin()
 9 SYSTEMPATH\CodeIgniter.php(502): CodeIgniter\CodeIgniter->runController(Object(Myth\Auth\Controllers\AuthController))
10 SYSTEMPATH\CodeIgniter.php(361): CodeIgniter\CodeIgniter->handleRequest(null, Object(Config\Cache), false)
11 FCPATH\index.php(79): CodeIgniter\CodeIgniter->run()
12 SYSTEMPATH\Commands\Server\rewrite.php(47): require_once('C:\\Users\\GABRIEL PANJAITAN\\Downloads\\Tst-tubes\\TST-toko-material-toko-furnitur\\public\\index.php')
INFO - 2023-12-17 12:19:32 --> Session: Class initialized using 'CodeIgniter\Session\Handlers\FileHandler' driver.
INFO - 2023-12-17 12:19:32 --> Session: Class initialized using 'CodeIgniter\Session\Handlers\FileHandler' driver.
INFO - 2023-12-17 12:19:38 --> Session: Class initialized using 'CodeIgniter\Session\Handlers\FileHandler' driver.
ERROR - 2023-12-17 12:19:38 --> Error connecting to the database: mysqli_sql_exception: Access denied for user 'root'@'localhost' (using password: NO) in C:\Users\GABRIEL PANJAITAN\Downloads\Tst-tubes\TST-toko-material-toko-furnitur\system\Database\MySQLi\Connection.php:184
Stack trace:
#0 C:\Users\GABRIEL PANJAITAN\Downloads\Tst-tubes\TST-toko-material-toko-furnitur\system\Database\MySQLi\Connection.php(184): mysqli->real_connect('localhost', 'root', Object(SensitiveParameterValue), 'tsttokomaterial', 3306, '', 0)
#1 C:\Users\GABRIEL PANJAITAN\Downloads\Tst-tubes\TST-toko-material-toko-furnitur\system\Database\BaseConnection.php(392): CodeIgniter\Database\MySQLi\Connection->connect(false)
#2 C:\Users\GABRIEL PANJAITAN\Downloads\Tst-tubes\TST-toko-material-toko-furnitur\system\Database\BaseConnection.php(575): CodeIgniter\Database\BaseConnection->initialize()
#3 C:\Users\GABRIEL PANJAITAN\Downloads\Tst-tubes\TST-toko-material-toko-furnitur\system\Database\BaseBuilder.php(1612): CodeIgniter\Database\BaseConnection->query('SELECT *\nFROM `...', Array, false)
#4 C:\Users\GABRIEL PANJAITAN\Downloads\Tst-tubes\TST-toko-material-toko-furnitur\system\Model.php(264): CodeIgniter\Database\BaseBuilder->get()
#5 C:\Users\GABRIEL PANJAITAN\Downloads\Tst-tubes\TST-toko-material-toko-furnitur\system\BaseModel.php(661): CodeIgniter\Model->doFirst()
#6 C:\Users\GABRIEL PANJAITAN\Downloads\Tst-tubes\TST-toko-material-toko-furnitur\app\ThirdParty\myth-auth\src\Authentication\LocalAuthenticator.php(140): CodeIgniter\BaseModel->first()
#7 C:\Users\GABRIEL PANJAITAN\Downloads\Tst-tubes\TST-toko-material-toko-furnitur\app\ThirdParty\myth-auth\src\Authentication\LocalAuthenticator.php(19): Myth\Auth\Authentication\LocalAuthenticator->validate(Array, true)
#8 C:\Users\GABRIEL PANJAITAN\Downloads\Tst-tubes\TST-toko-material-toko-furnitur\app\ThirdParty\myth-auth\src\Controllers\AuthController.php(109): Myth\Auth\Authentication\LocalAuthenticator->attempt(Array, false)
#9 C:\Users\GABRIEL PANJAITAN\Downloads\Tst-tubes\TST-toko-material-toko-furnitur\system\CodeIgniter.php(942): Myth\Auth\Controllers\AuthController->attemptLogin()
#10 C:\Users\GABRIEL PANJAITAN\Downloads\Tst-tubes\TST-toko-material-toko-furnitur\system\CodeIgniter.php(502): CodeIgniter\CodeIgniter->runController(Object(Myth\Auth\Controllers\AuthController))
#11 C:\Users\GABRIEL PANJAITAN\Downloads\Tst-tubes\TST-toko-material-toko-furnitur\system\CodeIgniter.php(361): CodeIgniter\CodeIgniter->handleRequest(NULL, Object(Config\Cache), false)
#12 C:\Users\GABRIEL PANJAITAN\Downloads\Tst-tubes\TST-toko-material-toko-furnitur\public\index.php(79): CodeIgniter\CodeIgniter->run()
#13 C:\Users\GABRIEL PANJAITAN\Downloads\Tst-tubes\TST-toko-material-toko-furnitur\system\Commands\Server\rewrite.php(47): require_once('C:\\Users\\GABRIE...')
#14 {main}

Next CodeIgniter\Database\Exceptions\DatabaseException: Access denied for user '****'@'localhost' (using password: NO) in C:\Users\GABRIEL PANJAITAN\Downloads\Tst-tubes\TST-toko-material-toko-furnitur\system\Database\MySQLi\Connection.php:229
Stack trace:
#0 C:\Users\GABRIEL PANJAITAN\Downloads\Tst-tubes\TST-toko-material-toko-furnitur\system\Database\BaseConnection.php(392): CodeIgniter\Database\MySQLi\Connection->connect(false)
#1 C:\Users\GABRIEL PANJAITAN\Downloads\Tst-tubes\TST-toko-material-toko-furnitur\system\Database\BaseConnection.php(575): CodeIgniter\Database\BaseConnection->initialize()
#2 C:\Users\GABRIEL PANJAITAN\Downloads\Tst-tubes\TST-toko-material-toko-furnitur\system\Database\BaseBuilder.php(1612): CodeIgniter\Database\BaseConnection->query('SELECT *\nFROM `...', Array, false)
#3 C:\Users\GABRIEL PANJAITAN\Downloads\Tst-tubes\TST-toko-material-toko-furnitur\system\Model.php(264): CodeIgniter\Database\BaseBuilder->get()
#4 C:\Users\GABRIEL PANJAITAN\Downloads\Tst-tubes\TST-toko-material-toko-furnitur\system\BaseModel.php(661): CodeIgniter\Model->doFirst()
#5 C:\Users\GABRIEL PANJAITAN\Downloads\Tst-tubes\TST-toko-material-toko-furnitur\app\ThirdParty\myth-auth\src\Authentication\LocalAuthenticator.php(140): CodeIgniter\BaseModel->first()
#6 C:\Users\GABRIEL PANJAITAN\Downloads\Tst-tubes\TST-toko-material-toko-furnitur\app\ThirdParty\myth-auth\src\Authentication\LocalAuthenticator.php(19): Myth\Auth\Authentication\LocalAuthenticator->validate(Array, true)
#7 C:\Users\GABRIEL PANJAITAN\Downloads\Tst-tubes\TST-toko-material-toko-furnitur\app\ThirdParty\myth-auth\src\Controllers\AuthController.php(109): Myth\Auth\Authentication\LocalAuthenticator->attempt(Array, false)
#8 C:\Users\GABRIEL PANJAITAN\Downloads\Tst-tubes\TST-toko-material-toko-furnitur\system\CodeIgniter.php(942): Myth\Auth\Controllers\AuthController->attemptLogin()
#9 C:\Users\GABRIEL PANJAITAN\Downloads\Tst-tubes\TST-toko-material-toko-furnitur\system\CodeIgniter.php(502): CodeIgniter\CodeIgniter->runController(Object(Myth\Auth\Controllers\AuthController))
#10 C:\Users\GABRIEL PANJAITAN\Downloads\Tst-tubes\TST-toko-material-toko-furnitur\system\CodeIgniter.php(361): CodeIgniter\CodeIgniter->handleRequest(NULL, Object(Config\Cache), false)
#11 C:\Users\GABRIEL PANJAITAN\Downloads\Tst-tubes\TST-toko-material-toko-furnitur\public\index.php(79): CodeIgniter\CodeIgniter->run()
#12 C:\Users\GABRIEL PANJAITAN\Downloads\Tst-tubes\TST-toko-material-toko-furnitur\system\Commands\Server\rewrite.php(47): require_once('C:\\Users\\GABRIE...')
#13 {main}
CRITICAL - 2023-12-17 12:19:38 --> Unable to connect to the database.
Main connection [MySQLi]: Access denied for user '****'@'localhost' (using password: NO)
in SYSTEMPATH\Database\BaseConnection.php on line 428.
 1 SYSTEMPATH\Database\BaseConnection.php(575): CodeIgniter\Database\BaseConnection->initialize()
 2 SYSTEMPATH\Database\BaseBuilder.php(1612): CodeIgniter\Database\BaseConnection->query('SELECT *
FROM `users`
WHERE `username` = :username:
AND `users`.`deleted_at` IS NULL
 LIMIT 1', [...], false)
 3 SYSTEMPATH\Model.php(264): CodeIgniter\Database\BaseBuilder->get()
 4 SYSTEMPATH\BaseModel.php(661): CodeIgniter\Model->doFirst()
 5 APPPATH\ThirdParty\myth-auth\src\Authentication\LocalAuthenticator.php(140): CodeIgniter\BaseModel->first()
 6 APPPATH\ThirdParty\myth-auth\src\Authentication\LocalAuthenticator.php(19): Myth\Auth\Authentication\LocalAuthenticator->validate([...], true)
 7 APPPATH\ThirdParty\myth-auth\src\Controllers\AuthController.php(109): Myth\Auth\Authentication\LocalAuthenticator->attempt([...], false)
 8 SYSTEMPATH\CodeIgniter.php(942): Myth\Auth\Controllers\AuthController->attemptLogin()
 9 SYSTEMPATH\CodeIgniter.php(502): CodeIgniter\CodeIgniter->runController(Object(Myth\Auth\Controllers\AuthController))
10 SYSTEMPATH\CodeIgniter.php(361): CodeIgniter\CodeIgniter->handleRequest(null, Object(Config\Cache), false)
11 FCPATH\index.php(79): CodeIgniter\CodeIgniter->run()
12 SYSTEMPATH\Commands\Server\rewrite.php(47): require_once('C:\\Users\\GABRIEL PANJAITAN\\Downloads\\Tst-tubes\\TST-toko-material-toko-furnitur\\public\\index.php')
ERROR - 2023-12-17 12:20:28 --> Error connecting to the database: mysqli_sql_exception: Access denied for user 'root'@'localhost' (using password: NO) in C:\Users\GABRIEL PANJAITAN\Downloads\Tst-tubes\TST-toko-material-toko-furnitur\system\Database\MySQLi\Connection.php:184
Stack trace:
#0 C:\Users\GABRIEL PANJAITAN\Downloads\Tst-tubes\TST-toko-material-toko-furnitur\system\Database\MySQLi\Connection.php(184): mysqli->real_connect('localhost', 'root', Object(SensitiveParameterValue), 'tsttokomaterial', 3306, '', 0)
#1 C:\Users\GABRIEL PANJAITAN\Downloads\Tst-tubes\TST-toko-material-toko-furnitur\system\Database\BaseConnection.php(392): CodeIgniter\Database\MySQLi\Connection->connect(false)
#2 C:\Users\GABRIEL PANJAITAN\Downloads\Tst-tubes\TST-toko-material-toko-furnitur\system\Database\BaseConnection.php(575): CodeIgniter\Database\BaseConnection->initialize()
#3 C:\Users\GABRIEL PANJAITAN\Downloads\Tst-tubes\TST-toko-material-toko-furnitur\system\Database\BaseConnection.php(1410): CodeIgniter\Database\BaseConnection->query('SHOW TABLES FRO...')
#4 C:\Users\GABRIEL PANJAITAN\Downloads\Tst-tubes\TST-toko-material-toko-furnitur\system\Database\BaseConnection.php(1429): CodeIgniter\Database\BaseConnection->listTables()
#5 C:\Users\GABRIEL PANJAITAN\Downloads\Tst-tubes\TST-toko-material-toko-furnitur\system\Database\MigrationRunner.php(764): CodeIgniter\Database\BaseConnection->tableExists('migrations')
#6 C:\Users\GABRIEL PANJAITAN\Downloads\Tst-tubes\TST-toko-material-toko-furnitur\system\Database\MigrationRunner.php(168): CodeIgniter\Database\MigrationRunner->ensureTable()
#7 C:\Users\GABRIEL PANJAITAN\Downloads\Tst-tubes\TST-toko-material-toko-furnitur\system\Commands\Database\Migrate.php(84): CodeIgniter\Database\MigrationRunner->latest(NULL)
#8 C:\Users\GABRIEL PANJAITAN\Downloads\Tst-tubes\TST-toko-material-toko-furnitur\system\CLI\Commands.php(65): CodeIgniter\Commands\Database\Migrate->run(Array)
#9 C:\Users\GABRIEL PANJAITAN\Downloads\Tst-tubes\TST-toko-material-toko-furnitur\system\CLI\Console.php(46): CodeIgniter\CLI\Commands->run('migrate', Array)
#10 C:\Users\GABRIEL PANJAITAN\Downloads\Tst-tubes\TST-toko-material-toko-furnitur\spark(102): CodeIgniter\CLI\Console->run()
#11 {main}

Next CodeIgniter\Database\Exceptions\DatabaseException: Access denied for user '****'@'localhost' (using password: NO) in C:\Users\GABRIEL PANJAITAN\Downloads\Tst-tubes\TST-toko-material-toko-furnitur\system\Database\MySQLi\Connection.php:229
Stack trace:
#0 C:\Users\GABRIEL PANJAITAN\Downloads\Tst-tubes\TST-toko-material-toko-furnitur\system\Database\BaseConnection.php(392): CodeIgniter\Database\MySQLi\Connection->connect(false)
#1 C:\Users\GABRIEL PANJAITAN\Downloads\Tst-tubes\TST-toko-material-toko-furnitur\system\Database\BaseConnection.php(575): CodeIgniter\Database\BaseConnection->initialize()
#2 C:\Users\GABRIEL PANJAITAN\Downloads\Tst-tubes\TST-toko-material-toko-furnitur\system\Database\BaseConnection.php(1410): CodeIgniter\Database\BaseConnection->query('SHOW TABLES FRO...')
#3 C:\Users\GABRIEL PANJAITAN\Downloads\Tst-tubes\TST-toko-material-toko-furnitur\system\Database\BaseConnection.php(1429): CodeIgniter\Database\BaseConnection->listTables()
#4 C:\Users\GABRIEL PANJAITAN\Downloads\Tst-tubes\TST-toko-material-toko-furnitur\system\Database\MigrationRunner.php(764): CodeIgniter\Database\BaseConnection->tableExists('migrations')
#5 C:\Users\GABRIEL PANJAITAN\Downloads\Tst-tubes\TST-toko-material-toko-furnitur\system\Database\MigrationRunner.php(168): CodeIgniter\Database\MigrationRunner->ensureTable()
#6 C:\Users\GABRIEL PANJAITAN\Downloads\Tst-tubes\TST-toko-material-toko-furnitur\system\Commands\Database\Migrate.php(84): CodeIgniter\Database\MigrationRunner->latest(NULL)
#7 C:\Users\GABRIEL PANJAITAN\Downloads\Tst-tubes\TST-toko-material-toko-furnitur\system\CLI\Commands.php(65): CodeIgniter\Commands\Database\Migrate->run(Array)
#8 C:\Users\GABRIEL PANJAITAN\Downloads\Tst-tubes\TST-toko-material-toko-furnitur\system\CLI\Console.php(46): CodeIgniter\CLI\Commands->run('migrate', Array)
#9 C:\Users\GABRIEL PANJAITAN\Downloads\Tst-tubes\TST-toko-material-toko-furnitur\spark(102): CodeIgniter\CLI\Console->run()
#10 {main}
INFO - 2023-12-17 12:22:32 --> Session: Class initialized using 'CodeIgniter\Session\Handlers\FileHandler' driver.
INFO - 2023-12-17 12:22:33 --> Session: Class initialized using 'CodeIgniter\Session\Handlers\FileHandler' driver.
WARNING - 2023-12-17 12:22:33 --> [DEPRECATED] Creation of dynamic property App\Controllers\Home::$session is deprecated in APPPATH\Controllers\Home.php on line 10.
 1 SYSTEMPATH\CodeIgniter.php(914): App\Controllers\Home->__construct()
 2 SYSTEMPATH\CodeIgniter.php(493): CodeIgniter\CodeIgniter->createController()
 3 SYSTEMPATH\CodeIgniter.php(361): CodeIgniter\CodeIgniter->handleRequest(null, Object(Config\Cache), false)
 4 FCPATH\index.php(79): CodeIgniter\CodeIgniter->run()
 5 SYSTEMPATH\Commands\Server\rewrite.php(47): require_once('C:\\Users\\GABRIEL PANJAITAN\\Downloads\\Tst-tubes\\TST-toko-material-toko-furnitur\\public\\index.php')
WARNING - 2023-12-17 12:22:33 --> [DEPRECATED] Creation of dynamic property App\Controllers\Home::$auth is deprecated in APPPATH\Controllers\Home.php on line 11.
 1 SYSTEMPATH\CodeIgniter.php(914): App\Controllers\Home->__construct()
 2 SYSTEMPATH\CodeIgniter.php(493): CodeIgniter\CodeIgniter->createController()
 3 SYSTEMPATH\CodeIgniter.php(361): CodeIgniter\CodeIgniter->handleRequest(null, Object(Config\Cache), false)
 4 FCPATH\index.php(79): CodeIgniter\CodeIgniter->run()
 5 SYSTEMPATH\Commands\Server\rewrite.php(47): require_once('C:\\Users\\GABRIEL PANJAITAN\\Downloads\\Tst-tubes\\TST-toko-material-toko-furnitur\\public\\index.php')
INFO - 2023-12-17 12:23:05 --> Session: Class initialized using 'CodeIgniter\Session\Handlers\FileHandler' driver.
WARNING - 2023-12-17 12:23:05 --> [DEPRECATED] Creation of dynamic property App\Controllers\PenilaianPerusahaan::$session is deprecated in APPPATH\Controllers\PenilaianPerusahaan.php on line 15.
 1 SYSTEMPATH\CodeIgniter.php(914): App\Controllers\PenilaianPerusahaan->__construct()
 2 SYSTEMPATH\CodeIgniter.php(493): CodeIgniter\CodeIgniter->createController()
 3 SYSTEMPATH\CodeIgniter.php(361): CodeIgniter\CodeIgniter->handleRequest(null, Object(Config\Cache), false)
 4 FCPATH\index.php(79): CodeIgniter\CodeIgniter->run()
 5 SYSTEMPATH\Commands\Server\rewrite.php(47): require_once('C:\\Users\\GABRIEL PANJAITAN\\Downloads\\Tst-tubes\\TST-toko-material-toko-furnitur\\public\\index.php')
WARNING - 2023-12-17 12:23:05 --> [DEPRECATED] Creation of dynamic property App\Controllers\PenilaianPerusahaan::$auth is deprecated in APPPATH\Controllers\PenilaianPerusahaan.php on line 16.
 1 SYSTEMPATH\CodeIgniter.php(914): App\Controllers\PenilaianPerusahaan->__construct()
 2 SYSTEMPATH\CodeIgniter.php(493): CodeIgniter\CodeIgniter->createController()
 3 SYSTEMPATH\CodeIgniter.php(361): CodeIgniter\CodeIgniter->handleRequest(null, Object(Config\Cache), false)
 4 FCPATH\index.php(79): CodeIgniter\CodeIgniter->run()
 5 SYSTEMPATH\Commands\Server\rewrite.php(47): require_once('C:\\Users\\GABRIEL PANJAITAN\\Downloads\\Tst-tubes\\TST-toko-material-toko-furnitur\\public\\index.php')
INFO - 2023-12-17 12:23:15 --> Session: Class initialized using 'CodeIgniter\Session\Handlers\FileHandler' driver.
WARNING - 2023-12-17 12:23:15 --> [DEPRECATED] Creation of dynamic property App\Controllers\PenilaianPerusahaan::$session is deprecated in APPPATH\Controllers\PenilaianPerusahaan.php on line 15.
 1 SYSTEMPATH\CodeIgniter.php(914): App\Controllers\PenilaianPerusahaan->__construct()
 2 SYSTEMPATH\CodeIgniter.php(493): CodeIgniter\CodeIgniter->createController()
 3 SYSTEMPATH\CodeIgniter.php(361): CodeIgniter\CodeIgniter->handleRequest(null, Object(Config\Cache), false)
 4 FCPATH\index.php(79): CodeIgniter\CodeIgniter->run()
 5 SYSTEMPATH\Commands\Server\rewrite.php(47): require_once('C:\\Users\\GABRIEL PANJAITAN\\Downloads\\Tst-tubes\\TST-toko-material-toko-furnitur\\public\\index.php')
WARNING - 2023-12-17 12:23:15 --> [DEPRECATED] Creation of dynamic property App\Controllers\PenilaianPerusahaan::$auth is deprecated in APPPATH\Controllers\PenilaianPerusahaan.php on line 16.
 1 SYSTEMPATH\CodeIgniter.php(914): App\Controllers\PenilaianPerusahaan->__construct()
 2 SYSTEMPATH\CodeIgniter.php(493): CodeIgniter\CodeIgniter->createController()
 3 SYSTEMPATH\CodeIgniter.php(361): CodeIgniter\CodeIgniter->handleRequest(null, Object(Config\Cache), false)
 4 FCPATH\index.php(79): CodeIgniter\CodeIgniter->run()
 5 SYSTEMPATH\Commands\Server\rewrite.php(47): require_once('C:\\Users\\GABRIEL PANJAITAN\\Downloads\\Tst-tubes\\TST-toko-material-toko-furnitur\\public\\index.php')
INFO - 2023-12-17 12:23:31 --> Session: Class initialized using 'CodeIgniter\Session\Handlers\FileHandler' driver.
WARNING - 2023-12-17 12:23:31 --> [DEPRECATED] Creation of dynamic property App\Controllers\PenilaianPerusahaan::$session is deprecated in APPPATH\Controllers\PenilaianPerusahaan.php on line 15.
 1 SYSTEMPATH\CodeIgniter.php(914): App\Controllers\PenilaianPerusahaan->__construct()
 2 SYSTEMPATH\CodeIgniter.php(493): CodeIgniter\CodeIgniter->createController()
 3 SYSTEMPATH\CodeIgniter.php(361): CodeIgniter\CodeIgniter->handleRequest(null, Object(Config\Cache), false)
 4 FCPATH\index.php(79): CodeIgniter\CodeIgniter->run()
 5 SYSTEMPATH\Commands\Server\rewrite.php(47): require_once('C:\\Users\\GABRIEL PANJAITAN\\Downloads\\Tst-tubes\\TST-toko-material-toko-furnitur\\public\\index.php')
WARNING - 2023-12-17 12:23:31 --> [DEPRECATED] Creation of dynamic property App\Controllers\PenilaianPerusahaan::$auth is deprecated in APPPATH\Controllers\PenilaianPerusahaan.php on line 16.
 1 SYSTEMPATH\CodeIgniter.php(914): App\Controllers\PenilaianPerusahaan->__construct()
 2 SYSTEMPATH\CodeIgniter.php(493): CodeIgniter\CodeIgniter->createController()
 3 SYSTEMPATH\CodeIgniter.php(361): CodeIgniter\CodeIgniter->handleRequest(null, Object(Config\Cache), false)
 4 FCPATH\index.php(79): CodeIgniter\CodeIgniter->run()
 5 SYSTEMPATH\Commands\Server\rewrite.php(47): require_once('C:\\Users\\GABRIEL PANJAITAN\\Downloads\\Tst-tubes\\TST-toko-material-toko-furnitur\\public\\index.php')
INFO - 2023-12-17 12:23:51 --> Session: Class initialized using 'CodeIgniter\Session\Handlers\FileHandler' driver.
INFO - 2023-12-17 12:23:57 --> Session: Class initialized using 'CodeIgniter\Session\Handlers\FileHandler' driver.
WARNING - 2023-12-17 12:23:57 --> [DEPRECATED] Creation of dynamic property App\Controllers\Rekomendasi::$session is deprecated in APPPATH\Controllers\Rekomendasi.php on line 16.
 1 SYSTEMPATH\CodeIgniter.php(914): App\Controllers\Rekomendasi->__construct()
 2 SYSTEMPATH\CodeIgniter.php(493): CodeIgniter\CodeIgniter->createController()
 3 SYSTEMPATH\CodeIgniter.php(361): CodeIgniter\CodeIgniter->handleRequest(null, Object(Config\Cache), false)
 4 FCPATH\index.php(79): CodeIgniter\CodeIgniter->run()
 5 SYSTEMPATH\Commands\Server\rewrite.php(47): require_once('C:\\Users\\GABRIEL PANJAITAN\\Downloads\\Tst-tubes\\TST-toko-material-toko-furnitur\\public\\index.php')
WARNING - 2023-12-17 12:23:57 --> [DEPRECATED] Creation of dynamic property App\Controllers\Rekomendasi::$auth is deprecated in APPPATH\Controllers\Rekomendasi.php on line 17.
 1 SYSTEMPATH\CodeIgniter.php(914): App\Controllers\Rekomendasi->__construct()
 2 SYSTEMPATH\CodeIgniter.php(493): CodeIgniter\CodeIgniter->createController()
 3 SYSTEMPATH\CodeIgniter.php(361): CodeIgniter\CodeIgniter->handleRequest(null, Object(Config\Cache), false)
 4 FCPATH\index.php(79): CodeIgniter\CodeIgniter->run()
 5 SYSTEMPATH\Commands\Server\rewrite.php(47): require_once('C:\\Users\\GABRIEL PANJAITAN\\Downloads\\Tst-tubes\\TST-toko-material-toko-furnitur\\public\\index.php')
INFO - 2023-12-17 12:24:06 --> Session: Class initialized using 'CodeIgniter\Session\Handlers\FileHandler' driver.
WARNING - 2023-12-17 12:24:06 --> [DEPRECATED] Creation of dynamic property App\Controllers\PenilaianPerusahaan::$session is deprecated in APPPATH\Controllers\PenilaianPerusahaan.php on line 15.
 1 SYSTEMPATH\CodeIgniter.php(914): App\Controllers\PenilaianPerusahaan->__construct()
 2 SYSTEMPATH\CodeIgniter.php(493): CodeIgniter\CodeIgniter->createController()
 3 SYSTEMPATH\CodeIgniter.php(361): CodeIgniter\CodeIgniter->handleRequest(null, Object(Config\Cache), false)
 4 FCPATH\index.php(79): CodeIgniter\CodeIgniter->run()
 5 SYSTEMPATH\Commands\Server\rewrite.php(47): require_once('C:\\Users\\GABRIEL PANJAITAN\\Downloads\\Tst-tubes\\TST-toko-material-toko-furnitur\\public\\index.php')
WARNING - 2023-12-17 12:24:06 --> [DEPRECATED] Creation of dynamic property App\Controllers\PenilaianPerusahaan::$auth is deprecated in APPPATH\Controllers\PenilaianPerusahaan.php on line 16.
 1 SYSTEMPATH\CodeIgniter.php(914): App\Controllers\PenilaianPerusahaan->__construct()
 2 SYSTEMPATH\CodeIgniter.php(493): CodeIgniter\CodeIgniter->createController()
 3 SYSTEMPATH\CodeIgniter.php(361): CodeIgniter\CodeIgniter->handleRequest(null, Object(Config\Cache), false)
 4 FCPATH\index.php(79): CodeIgniter\CodeIgniter->run()
 5 SYSTEMPATH\Commands\Server\rewrite.php(47): require_once('C:\\Users\\GABRIEL PANJAITAN\\Downloads\\Tst-tubes\\TST-toko-material-toko-furnitur\\public\\index.php')
INFO - 2023-12-17 12:25:28 --> Session: Class initialized using 'CodeIgniter\Session\Handlers\FileHandler' driver.
WARNING - 2023-12-17 12:25:29 --> [DEPRECATED] Creation of dynamic property App\Controllers\PenilaianPerusahaan::$session is deprecated in APPPATH\Controllers\PenilaianPerusahaan.php on line 15.
 1 SYSTEMPATH\CodeIgniter.php(914): App\Controllers\PenilaianPerusahaan->__construct()
 2 SYSTEMPATH\CodeIgniter.php(493): CodeIgniter\CodeIgniter->createController()
 3 SYSTEMPATH\CodeIgniter.php(361): CodeIgniter\CodeIgniter->handleRequest(null, Object(Config\Cache), false)
 4 FCPATH\index.php(79): CodeIgniter\CodeIgniter->run()
 5 SYSTEMPATH\Commands\Server\rewrite.php(47): require_once('C:\\Users\\GABRIEL PANJAITAN\\Downloads\\Tst-tubes\\TST-toko-material-toko-furnitur\\public\\index.php')
WARNING - 2023-12-17 12:25:29 --> [DEPRECATED] Creation of dynamic property App\Controllers\PenilaianPerusahaan::$auth is deprecated in APPPATH\Controllers\PenilaianPerusahaan.php on line 16.
 1 SYSTEMPATH\CodeIgniter.php(914): App\Controllers\PenilaianPerusahaan->__construct()
 2 SYSTEMPATH\CodeIgniter.php(493): CodeIgniter\CodeIgniter->createController()
 3 SYSTEMPATH\CodeIgniter.php(361): CodeIgniter\CodeIgniter->handleRequest(null, Object(Config\Cache), false)
 4 FCPATH\index.php(79): CodeIgniter\CodeIgniter->run()
 5 SYSTEMPATH\Commands\Server\rewrite.php(47): require_once('C:\\Users\\GABRIEL PANJAITAN\\Downloads\\Tst-tubes\\TST-toko-material-toko-furnitur\\public\\index.php')
CRITICAL - 2023-12-17 12:25:29 --> View themes, no current section.
in SYSTEMPATH\View\View.php on line 425.
 1 APPPATH\Views\PenilaianPerusahaan\index.php(191): CodeIgniter\View\View->endSection()
 2 SYSTEMPATH\View\View.php(228): include('C:\\Users\\GABRIEL PANJAITAN\\Downloads\\Tst-tubes\\TST-toko-material-toko-furnitur\\app\\Views\\PenilaianPerusahaan\\index.php')
 3 SYSTEMPATH\View\View.php(231): CodeIgniter\View\View->CodeIgniter\View\{closure}()
 4 SYSTEMPATH\Common.php(1190): CodeIgniter\View\View->render('PenilaianPerusahaan/index', [], true)
 5 APPPATH\Controllers\PenilaianPerusahaan.php(39): view('PenilaianPerusahaan/index')
 6 SYSTEMPATH\CodeIgniter.php(942): App\Controllers\PenilaianPerusahaan->index()
 7 SYSTEMPATH\CodeIgniter.php(502): CodeIgniter\CodeIgniter->runController(Object(App\Controllers\PenilaianPerusahaan))
 8 SYSTEMPATH\CodeIgniter.php(361): CodeIgniter\CodeIgniter->handleRequest(null, Object(Config\Cache), false)
 9 FCPATH\index.php(79): CodeIgniter\CodeIgniter->run()
10 SYSTEMPATH\Commands\Server\rewrite.php(47): require_once('C:\\Users\\GABRIEL PANJAITAN\\Downloads\\Tst-tubes\\TST-toko-material-toko-furnitur\\public\\index.php')
INFO - 2023-12-17 12:25:33 --> Session: Class initialized using 'CodeIgniter\Session\Handlers\FileHandler' driver.
WARNING - 2023-12-17 12:25:33 --> [DEPRECATED] Creation of dynamic property App\Controllers\Rekomendasi::$session is deprecated in APPPATH\Controllers\Rekomendasi.php on line 16.
 1 SYSTEMPATH\CodeIgniter.php(914): App\Controllers\Rekomendasi->__construct()
 2 SYSTEMPATH\CodeIgniter.php(493): CodeIgniter\CodeIgniter->createController()
 3 SYSTEMPATH\CodeIgniter.php(361): CodeIgniter\CodeIgniter->handleRequest(null, Object(Config\Cache), false)
 4 FCPATH\index.php(79): CodeIgniter\CodeIgniter->run()
 5 SYSTEMPATH\Commands\Server\rewrite.php(47): require_once('C:\\Users\\GABRIEL PANJAITAN\\Downloads\\Tst-tubes\\TST-toko-material-toko-furnitur\\public\\index.php')
WARNING - 2023-12-17 12:25:33 --> [DEPRECATED] Creation of dynamic property App\Controllers\Rekomendasi::$auth is deprecated in APPPATH\Controllers\Rekomendasi.php on line 17.
 1 SYSTEMPATH\CodeIgniter.php(914): App\Controllers\Rekomendasi->__construct()
 2 SYSTEMPATH\CodeIgniter.php(493): CodeIgniter\CodeIgniter->createController()
 3 SYSTEMPATH\CodeIgniter.php(361): CodeIgniter\CodeIgniter->handleRequest(null, Object(Config\Cache), false)
 4 FCPATH\index.php(79): CodeIgniter\CodeIgniter->run()
 5 SYSTEMPATH\Commands\Server\rewrite.php(47): require_once('C:\\Users\\GABRIEL PANJAITAN\\Downloads\\Tst-tubes\\TST-toko-material-toko-furnitur\\public\\index.php')
INFO - 2023-12-17 12:25:53 --> Session: Class initialized using 'CodeIgniter\Session\Handlers\FileHandler' driver.
WARNING - 2023-12-17 12:25:53 --> [DEPRECATED] Creation of dynamic property App\Controllers\PenilaianPerusahaan::$session is deprecated in APPPATH\Controllers\PenilaianPerusahaan.php on line 15.
 1 SYSTEMPATH\CodeIgniter.php(914): App\Controllers\PenilaianPerusahaan->__construct()
 2 SYSTEMPATH\CodeIgniter.php(493): CodeIgniter\CodeIgniter->createController()
 3 SYSTEMPATH\CodeIgniter.php(361): CodeIgniter\CodeIgniter->handleRequest(null, Object(Config\Cache), false)
 4 FCPATH\index.php(79): CodeIgniter\CodeIgniter->run()
 5 SYSTEMPATH\Commands\Server\rewrite.php(47): require_once('C:\\Users\\GABRIEL PANJAITAN\\Downloads\\Tst-tubes\\TST-toko-material-toko-furnitur\\public\\index.php')
WARNING - 2023-12-17 12:25:53 --> [DEPRECATED] Creation of dynamic property App\Controllers\PenilaianPerusahaan::$auth is deprecated in APPPATH\Controllers\PenilaianPerusahaan.php on line 16.
 1 SYSTEMPATH\CodeIgniter.php(914): App\Controllers\PenilaianPerusahaan->__construct()
 2 SYSTEMPATH\CodeIgniter.php(493): CodeIgniter\CodeIgniter->createController()
 3 SYSTEMPATH\CodeIgniter.php(361): CodeIgniter\CodeIgniter->handleRequest(null, Object(Config\Cache), false)
 4 FCPATH\index.php(79): CodeIgniter\CodeIgniter->run()
 5 SYSTEMPATH\Commands\Server\rewrite.php(47): require_once('C:\\Users\\GABRIEL PANJAITAN\\Downloads\\Tst-tubes\\TST-toko-material-toko-furnitur\\public\\index.php')
INFO - 2023-12-17 12:56:43 --> Session: Class initialized using 'CodeIgniter\Session\Handlers\FileHandler' driver.
WARNING - 2023-12-17 12:56:44 --> [DEPRECATED] Creation of dynamic property App\Controllers\PenilaianPerusahaan::$session is deprecated in APPPATH\Controllers\PenilaianPerusahaan.php on line 15.
 1 SYSTEMPATH\CodeIgniter.php(914): App\Controllers\PenilaianPerusahaan->__construct()
 2 SYSTEMPATH\CodeIgniter.php(493): CodeIgniter\CodeIgniter->createController()
 3 SYSTEMPATH\CodeIgniter.php(361): CodeIgniter\CodeIgniter->handleRequest(null, Object(Config\Cache), false)
 4 FCPATH\index.php(79): CodeIgniter\CodeIgniter->run()
 5 SYSTEMPATH\Commands\Server\rewrite.php(47): require_once('C:\\Users\\GABRIEL PANJAITAN\\Downloads\\Tst-tubes\\TST-toko-material-toko-furnitur\\public\\index.php')
WARNING - 2023-12-17 12:56:44 --> [DEPRECATED] Creation of dynamic property App\Controllers\PenilaianPerusahaan::$auth is deprecated in APPPATH\Controllers\PenilaianPerusahaan.php on line 16.
 1 SYSTEMPATH\CodeIgniter.php(914): App\Controllers\PenilaianPerusahaan->__construct()
 2 SYSTEMPATH\CodeIgniter.php(493): CodeIgniter\CodeIgniter->createController()
 3 SYSTEMPATH\CodeIgniter.php(361): CodeIgniter\CodeIgniter->handleRequest(null, Object(Config\Cache), false)
 4 FCPATH\index.php(79): CodeIgniter\CodeIgniter->run()
 5 SYSTEMPATH\Commands\Server\rewrite.php(47): require_once('C:\\Users\\GABRIEL PANJAITAN\\Downloads\\Tst-tubes\\TST-toko-material-toko-furnitur\\public\\index.php')
INFO - 2023-12-17 12:57:02 --> Session: Class initialized using 'CodeIgniter\Session\Handlers\FileHandler' driver.
INFO - 2023-12-17 12:57:03 --> Session: Class initialized using 'CodeIgniter\Session\Handlers\FileHandler' driver.
INFO - 2023-12-17 13:09:26 --> Session: Class initialized using 'CodeIgniter\Session\Handlers\FileHandler' driver.
WARNING - 2023-12-17 13:09:26 --> [DEPRECATED] Creation of dynamic property App\Controllers\Home::$session is deprecated in APPPATH\Controllers\Home.php on line 10.
 1 SYSTEMPATH\CodeIgniter.php(914): App\Controllers\Home->__construct()
 2 SYSTEMPATH\CodeIgniter.php(493): CodeIgniter\CodeIgniter->createController()
 3 SYSTEMPATH\CodeIgniter.php(361): CodeIgniter\CodeIgniter->handleRequest(null, Object(Config\Cache), false)
 4 FCPATH\index.php(79): CodeIgniter\CodeIgniter->run()
 5 SYSTEMPATH\Commands\Server\rewrite.php(47): require_once('C:\\Users\\GABRIEL PANJAITAN\\Downloads\\Tst-tubes\\TST-toko-material-toko-furnitur\\public\\index.php')
WARNING - 2023-12-17 13:09:26 --> [DEPRECATED] Creation of dynamic property App\Controllers\Home::$auth is deprecated in APPPATH\Controllers\Home.php on line 11.
 1 SYSTEMPATH\CodeIgniter.php(914): App\Controllers\Home->__construct()
 2 SYSTEMPATH\CodeIgniter.php(493): CodeIgniter\CodeIgniter->createController()
 3 SYSTEMPATH\CodeIgniter.php(361): CodeIgniter\CodeIgniter->handleRequest(null, Object(Config\Cache), false)
 4 FCPATH\index.php(79): CodeIgniter\CodeIgniter->run()
 5 SYSTEMPATH\Commands\Server\rewrite.php(47): require_once('C:\\Users\\GABRIEL PANJAITAN\\Downloads\\Tst-tubes\\TST-toko-material-toko-furnitur\\public\\index.php')
INFO - 2023-12-17 13:09:31 --> Session: Class initialized using 'CodeIgniter\Session\Handlers\FileHandler' driver.
WARNING - 2023-12-17 13:09:31 --> [DEPRECATED] Creation of dynamic property App\Controllers\Rekomendasi::$session is deprecated in APPPATH\Controllers\Rekomendasi.php on line 16.
 1 SYSTEMPATH\CodeIgniter.php(914): App\Controllers\Rekomendasi->__construct()
 2 SYSTEMPATH\CodeIgniter.php(493): CodeIgniter\CodeIgniter->createController()
 3 SYSTEMPATH\CodeIgniter.php(361): CodeIgniter\CodeIgniter->handleRequest(null, Object(Config\Cache), false)
 4 FCPATH\index.php(79): CodeIgniter\CodeIgniter->run()
 5 SYSTEMPATH\Commands\Server\rewrite.php(47): require_once('C:\\Users\\GABRIEL PANJAITAN\\Downloads\\Tst-tubes\\TST-toko-material-toko-furnitur\\public\\index.php')
WARNING - 2023-12-17 13:09:31 --> [DEPRECATED] Creation of dynamic property App\Controllers\Rekomendasi::$auth is deprecated in APPPATH\Controllers\Rekomendasi.php on line 17.
 1 SYSTEMPATH\CodeIgniter.php(914): App\Controllers\Rekomendasi->__construct()
 2 SYSTEMPATH\CodeIgniter.php(493): CodeIgniter\CodeIgniter->createController()
 3 SYSTEMPATH\CodeIgniter.php(361): CodeIgniter\CodeIgniter->handleRequest(null, Object(Config\Cache), false)
 4 FCPATH\index.php(79): CodeIgniter\CodeIgniter->run()
 5 SYSTEMPATH\Commands\Server\rewrite.php(47): require_once('C:\\Users\\GABRIEL PANJAITAN\\Downloads\\Tst-tubes\\TST-toko-material-toko-furnitur\\public\\index.php')
INFO - 2023-12-17 13:09:42 --> Session: Class initialized using 'CodeIgniter\Session\Handlers\FileHandler' driver.
WARNING - 2023-12-17 13:09:42 --> [DEPRECATED] Creation of dynamic property App\Controllers\Rekomendasi::$session is deprecated in APPPATH\Controllers\Rekomendasi.php on line 16.
 1 SYSTEMPATH\CodeIgniter.php(914): App\Controllers\Rekomendasi->__construct()
 2 SYSTEMPATH\CodeIgniter.php(493): CodeIgniter\CodeIgniter->createController()
 3 SYSTEMPATH\CodeIgniter.php(361): CodeIgniter\CodeIgniter->handleRequest(null, Object(Config\Cache), false)
 4 FCPATH\index.php(79): CodeIgniter\CodeIgniter->run()
 5 SYSTEMPATH\Commands\Server\rewrite.php(47): require_once('C:\\Users\\GABRIEL PANJAITAN\\Downloads\\Tst-tubes\\TST-toko-material-toko-furnitur\\public\\index.php')
WARNING - 2023-12-17 13:09:42 --> [DEPRECATED] Creation of dynamic property App\Controllers\Rekomendasi::$auth is deprecated in APPPATH\Controllers\Rekomendasi.php on line 17.
 1 SYSTEMPATH\CodeIgniter.php(914): App\Controllers\Rekomendasi->__construct()
 2 SYSTEMPATH\CodeIgniter.php(493): CodeIgniter\CodeIgniter->createController()
 3 SYSTEMPATH\CodeIgniter.php(361): CodeIgniter\CodeIgniter->handleRequest(null, Object(Config\Cache), false)
 4 FCPATH\index.php(79): CodeIgniter\CodeIgniter->run()
 5 SYSTEMPATH\Commands\Server\rewrite.php(47): require_once('C:\\Users\\GABRIEL PANJAITAN\\Downloads\\Tst-tubes\\TST-toko-material-toko-furnitur\\public\\index.php')
INFO - 2023-12-17 13:09:42 --> Session: Class initialized using 'CodeIgniter\Session\Handlers\FileHandler' driver.
WARNING - 2023-12-17 13:09:43 --> [DEPRECATED] Creation of dynamic property App\Controllers\Rekomendasi::$session is deprecated in APPPATH\Controllers\Rekomendasi.php on line 16.
 1 SYSTEMPATH\CodeIgniter.php(914): App\Controllers\Rekomendasi->__construct()
 2 SYSTEMPATH\CodeIgniter.php(493): CodeIgniter\CodeIgniter->createController()
 3 SYSTEMPATH\CodeIgniter.php(361): CodeIgniter\CodeIgniter->handleRequest(null, Object(Config\Cache), false)
 4 FCPATH\index.php(79): CodeIgniter\CodeIgniter->run()
 5 SYSTEMPATH\Commands\Server\rewrite.php(47): require_once('C:\\Users\\GABRIEL PANJAITAN\\Downloads\\Tst-tubes\\TST-toko-material-toko-furnitur\\public\\index.php')
WARNING - 2023-12-17 13:09:43 --> [DEPRECATED] Creation of dynamic property App\Controllers\Rekomendasi::$auth is deprecated in APPPATH\Controllers\Rekomendasi.php on line 17.
 1 SYSTEMPATH\CodeIgniter.php(914): App\Controllers\Rekomendasi->__construct()
 2 SYSTEMPATH\CodeIgniter.php(493): CodeIgniter\CodeIgniter->createController()
 3 SYSTEMPATH\CodeIgniter.php(361): CodeIgniter\CodeIgniter->handleRequest(null, Object(Config\Cache), false)
 4 FCPATH\index.php(79): CodeIgniter\CodeIgniter->run()
 5 SYSTEMPATH\Commands\Server\rewrite.php(47): require_once('C:\\Users\\GABRIEL PANJAITAN\\Downloads\\Tst-tubes\\TST-toko-material-toko-furnitur\\public\\index.php')
INFO - 2023-12-17 13:09:47 --> Session: Class initialized using 'CodeIgniter\Session\Handlers\FileHandler' driver.
WARNING - 2023-12-17 13:09:48 --> [DEPRECATED] Creation of dynamic property App\Controllers\PenilaianPerusahaan::$session is deprecated in APPPATH\Controllers\PenilaianPerusahaan.php on line 15.
 1 SYSTEMPATH\CodeIgniter.php(914): App\Controllers\PenilaianPerusahaan->__construct()
 2 SYSTEMPATH\CodeIgniter.php(493): CodeIgniter\CodeIgniter->createController()
 3 SYSTEMPATH\CodeIgniter.php(361): CodeIgniter\CodeIgniter->handleRequest(null, Object(Config\Cache), false)
 4 FCPATH\index.php(79): CodeIgniter\CodeIgniter->run()
 5 SYSTEMPATH\Commands\Server\rewrite.php(47): require_once('C:\\Users\\GABRIEL PANJAITAN\\Downloads\\Tst-tubes\\TST-toko-material-toko-furnitur\\public\\index.php')
WARNING - 2023-12-17 13:09:48 --> [DEPRECATED] Creation of dynamic property App\Controllers\PenilaianPerusahaan::$auth is deprecated in APPPATH\Controllers\PenilaianPerusahaan.php on line 16.
 1 SYSTEMPATH\CodeIgniter.php(914): App\Controllers\PenilaianPerusahaan->__construct()
 2 SYSTEMPATH\CodeIgniter.php(493): CodeIgniter\CodeIgniter->createController()
 3 SYSTEMPATH\CodeIgniter.php(361): CodeIgniter\CodeIgniter->handleRequest(null, Object(Config\Cache), false)
 4 FCPATH\index.php(79): CodeIgniter\CodeIgniter->run()
 5 SYSTEMPATH\Commands\Server\rewrite.php(47): require_once('C:\\Users\\GABRIEL PANJAITAN\\Downloads\\Tst-tubes\\TST-toko-material-toko-furnitur\\public\\index.php')
INFO - 2023-12-17 13:09:56 --> Session: Class initialized using 'CodeIgniter\Session\Handlers\FileHandler' driver.
INFO - 2023-12-17 13:10:01 --> Session: Class initialized using 'CodeIgniter\Session\Handlers\FileHandler' driver.
WARNING - 2023-12-17 13:10:01 --> [DEPRECATED] Creation of dynamic property App\Controllers\Rekomendasi::$session is deprecated in APPPATH\Controllers\Rekomendasi.php on line 16.
 1 SYSTEMPATH\CodeIgniter.php(914): App\Controllers\Rekomendasi->__construct()
 2 SYSTEMPATH\CodeIgniter.php(493): CodeIgniter\CodeIgniter->createController()
 3 SYSTEMPATH\CodeIgniter.php(361): CodeIgniter\CodeIgniter->handleRequest(null, Object(Config\Cache), false)
 4 FCPATH\index.php(79): CodeIgniter\CodeIgniter->run()
 5 SYSTEMPATH\Commands\Server\rewrite.php(47): require_once('C:\\Users\\GABRIEL PANJAITAN\\Downloads\\Tst-tubes\\TST-toko-material-toko-furnitur\\public\\index.php')
WARNING - 2023-12-17 13:10:01 --> [DEPRECATED] Creation of dynamic property App\Controllers\Rekomendasi::$auth is deprecated in APPPATH\Controllers\Rekomendasi.php on line 17.
 1 SYSTEMPATH\CodeIgniter.php(914): App\Controllers\Rekomendasi->__construct()
 2 SYSTEMPATH\CodeIgniter.php(493): CodeIgniter\CodeIgniter->createController()
 3 SYSTEMPATH\CodeIgniter.php(361): CodeIgniter\CodeIgniter->handleRequest(null, Object(Config\Cache), false)
 4 FCPATH\index.php(79): CodeIgniter\CodeIgniter->run()
 5 SYSTEMPATH\Commands\Server\rewrite.php(47): require_once('C:\\Users\\GABRIEL PANJAITAN\\Downloads\\Tst-tubes\\TST-toko-material-toko-furnitur\\public\\index.php')
INFO - 2023-12-17 13:10:15 --> Session: Class initialized using 'CodeIgniter\Session\Handlers\FileHandler' driver.
WARNING - 2023-12-17 13:10:15 --> [DEPRECATED] Creation of dynamic property App\Controllers\Rekomendasi::$session is deprecated in APPPATH\Controllers\Rekomendasi.php on line 16.
 1 SYSTEMPATH\CodeIgniter.php(914): App\Controllers\Rekomendasi->__construct()
 2 SYSTEMPATH\CodeIgniter.php(493): CodeIgniter\CodeIgniter->createController()
 3 SYSTEMPATH\CodeIgniter.php(361): CodeIgniter\CodeIgniter->handleRequest(null, Object(Config\Cache), false)
 4 FCPATH\index.php(79): CodeIgniter\CodeIgniter->run()
 5 SYSTEMPATH\Commands\Server\rewrite.php(47): require_once('C:\\Users\\GABRIEL PANJAITAN\\Downloads\\Tst-tubes\\TST-toko-material-toko-furnitur\\public\\index.php')
WARNING - 2023-12-17 13:10:15 --> [DEPRECATED] Creation of dynamic property App\Controllers\Rekomendasi::$auth is deprecated in APPPATH\Controllers\Rekomendasi.php on line 17.
 1 SYSTEMPATH\CodeIgniter.php(914): App\Controllers\Rekomendasi->__construct()
 2 SYSTEMPATH\CodeIgniter.php(493): CodeIgniter\CodeIgniter->createController()
 3 SYSTEMPATH\CodeIgniter.php(361): CodeIgniter\CodeIgniter->handleRequest(null, Object(Config\Cache), false)
 4 FCPATH\index.php(79): CodeIgniter\CodeIgniter->run()
 5 SYSTEMPATH\Commands\Server\rewrite.php(47): require_once('C:\\Users\\GABRIEL PANJAITAN\\Downloads\\Tst-tubes\\TST-toko-material-toko-furnitur\\public\\index.php')
INFO - 2023-12-17 13:10:15 --> Session: Class initialized using 'CodeIgniter\Session\Handlers\FileHandler' driver.
WARNING - 2023-12-17 13:10:15 --> [DEPRECATED] Creation of dynamic property App\Controllers\Rekomendasi::$session is deprecated in APPPATH\Controllers\Rekomendasi.php on line 16.
 1 SYSTEMPATH\CodeIgniter.php(914): App\Controllers\Rekomendasi->__construct()
 2 SYSTEMPATH\CodeIgniter.php(493): CodeIgniter\CodeIgniter->createController()
 3 SYSTEMPATH\CodeIgniter.php(361): CodeIgniter\CodeIgniter->handleRequest(null, Object(Config\Cache), false)
 4 FCPATH\index.php(79): CodeIgniter\CodeIgniter->run()
 5 SYSTEMPATH\Commands\Server\rewrite.php(47): require_once('C:\\Users\\GABRIEL PANJAITAN\\Downloads\\Tst-tubes\\TST-toko-material-toko-furnitur\\public\\index.php')
WARNING - 2023-12-17 13:10:15 --> [DEPRECATED] Creation of dynamic property App\Controllers\Rekomendasi::$auth is deprecated in APPPATH\Controllers\Rekomendasi.php on line 17.
 1 SYSTEMPATH\CodeIgniter.php(914): App\Controllers\Rekomendasi->__construct()
 2 SYSTEMPATH\CodeIgniter.php(493): CodeIgniter\CodeIgniter->createController()
 3 SYSTEMPATH\CodeIgniter.php(361): CodeIgniter\CodeIgniter->handleRequest(null, Object(Config\Cache), false)
 4 FCPATH\index.php(79): CodeIgniter\CodeIgniter->run()
 5 SYSTEMPATH\Commands\Server\rewrite.php(47): require_once('C:\\Users\\GABRIEL PANJAITAN\\Downloads\\Tst-tubes\\TST-toko-material-toko-furnitur\\public\\index.php')
INFO - 2023-12-17 13:14:43 --> Session: Class initialized using 'CodeIgniter\Session\Handlers\FileHandler' driver.
WARNING - 2023-12-17 13:14:43 --> [DEPRECATED] Creation of dynamic property App\Controllers\PenilaianPerusahaan::$session is deprecated in APPPATH\Controllers\PenilaianPerusahaan.php on line 15.
 1 SYSTEMPATH\CodeIgniter.php(914): App\Controllers\PenilaianPerusahaan->__construct()
 2 SYSTEMPATH\CodeIgniter.php(493): CodeIgniter\CodeIgniter->createController()
 3 SYSTEMPATH\CodeIgniter.php(361): CodeIgniter\CodeIgniter->handleRequest(null, Object(Config\Cache), false)
 4 FCPATH\index.php(79): CodeIgniter\CodeIgniter->run()
 5 SYSTEMPATH\Commands\Server\rewrite.php(47): require_once('C:\\Users\\GABRIEL PANJAITAN\\Downloads\\Tst-tubes\\TST-toko-material-toko-furnitur\\public\\index.php')
WARNING - 2023-12-17 13:14:43 --> [DEPRECATED] Creation of dynamic property App\Controllers\PenilaianPerusahaan::$auth is deprecated in APPPATH\Controllers\PenilaianPerusahaan.php on line 16.
 1 SYSTEMPATH\CodeIgniter.php(914): App\Controllers\PenilaianPerusahaan->__construct()
 2 SYSTEMPATH\CodeIgniter.php(493): CodeIgniter\CodeIgniter->createController()
 3 SYSTEMPATH\CodeIgniter.php(361): CodeIgniter\CodeIgniter->handleRequest(null, Object(Config\Cache), false)
 4 FCPATH\index.php(79): CodeIgniter\CodeIgniter->run()
 5 SYSTEMPATH\Commands\Server\rewrite.php(47): require_once('C:\\Users\\GABRIEL PANJAITAN\\Downloads\\Tst-tubes\\TST-toko-material-toko-furnitur\\public\\index.php')
