INFO - 2023-12-16 02:23:36 --> Session: Class initialized using 'CodeIgniter\Session\Handlers\FileHandler' driver.
INFO - 2023-12-16 02:58:38 --> Session: Class initialized using 'CodeIgniter\Session\Handlers\FileHandler' driver.
CRITICAL - 2023-12-16 02:58:39 --> View themes, no current section.
in SYSTEMPATH\View\View.php on line 425.
 1 APPPATH\Views\PenilaianPelanggan\form.php(128): CodeIgniter\View\View->endSection()
 2 SYSTEMPATH\View\View.php(228): include('D:\\TST-toko-material-toko-furnitur\\app\\Views\\PenilaianPelanggan\\form.php')
 3 SYSTEMPATH\View\View.php(231): CodeIgniter\View\View->CodeIgniter\View\{closure}()
 4 SYSTEMPATH\Common.php(1190): CodeIgniter\View\View->render('PenilaianPelanggan/form', [], true)
 5 APPPATH\Controllers\PenilaianPelanggan.php(33): view('PenilaianPelanggan/form', [...])
 6 SYSTEMPATH\CodeIgniter.php(942): App\Controllers\PenilaianPelanggan->form()
 7 SYSTEMPATH\CodeIgniter.php(502): CodeIgniter\CodeIgniter->runController(Object(App\Controllers\PenilaianPelanggan))
 8 SYSTEMPATH\CodeIgniter.php(361): CodeIgniter\CodeIgniter->handleRequest(null, Object(Config\Cache), false)
 9 FCPATH\index.php(79): CodeIgniter\CodeIgniter->run()
10 SYSTEMPATH\Commands\Server\rewrite.php(47): require_once('D:\\TST-toko-material-toko-furnitur\\public\\index.php')
INFO - 2023-12-16 02:58:56 --> Session: Class initialized using 'CodeIgniter\Session\Handlers\FileHandler' driver.
CRITICAL - 2023-12-16 02:58:56 --> View themes, no current section.
in SYSTEMPATH\View\View.php on line 425.
 1 APPPATH\Views\PenilaianPelanggan\form.php(128): CodeIgniter\View\View->endSection()
 2 SYSTEMPATH\View\View.php(228): include('D:\\TST-toko-material-toko-furnitur\\app\\Views\\PenilaianPelanggan\\form.php')
 3 SYSTEMPATH\View\View.php(231): CodeIgniter\View\View->CodeIgniter\View\{closure}()
 4 SYSTEMPATH\Common.php(1190): CodeIgniter\View\View->render('PenilaianPelanggan/form', [], true)
 5 APPPATH\Controllers\PenilaianPelanggan.php(33): view('PenilaianPelanggan/form', [...])
 6 SYSTEMPATH\CodeIgniter.php(942): App\Controllers\PenilaianPelanggan->form()
 7 SYSTEMPATH\CodeIgniter.php(502): CodeIgniter\CodeIgniter->runController(Object(App\Controllers\PenilaianPelanggan))
 8 SYSTEMPATH\CodeIgniter.php(361): CodeIgniter\CodeIgniter->handleRequest(null, Object(Config\Cache), false)
 9 FCPATH\index.php(79): CodeIgniter\CodeIgniter->run()
10 SYSTEMPATH\Commands\Server\rewrite.php(47): require_once('D:\\TST-toko-material-toko-furnitur\\public\\index.php')
INFO - 2023-12-16 02:58:57 --> Session: Class initialized using 'CodeIgniter\Session\Handlers\FileHandler' driver.
CRITICAL - 2023-12-16 02:58:57 --> View themes, no current section.
in SYSTEMPATH\View\View.php on line 425.
 1 APPPATH\Views\PenilaianPelanggan\form.php(128): CodeIgniter\View\View->endSection()
 2 SYSTEMPATH\View\View.php(228): include('D:\\TST-toko-material-toko-furnitur\\app\\Views\\PenilaianPelanggan\\form.php')
 3 SYSTEMPATH\View\View.php(231): CodeIgniter\View\View->CodeIgniter\View\{closure}()
 4 SYSTEMPATH\Common.php(1190): CodeIgniter\View\View->render('PenilaianPelanggan/form', [], true)
 5 APPPATH\Controllers\PenilaianPelanggan.php(33): view('PenilaianPelanggan/form', [...])
 6 SYSTEMPATH\CodeIgniter.php(942): App\Controllers\PenilaianPelanggan->form()
 7 SYSTEMPATH\CodeIgniter.php(502): CodeIgniter\CodeIgniter->runController(Object(App\Controllers\PenilaianPelanggan))
 8 SYSTEMPATH\CodeIgniter.php(361): CodeIgniter\CodeIgniter->handleRequest(null, Object(Config\Cache), false)
 9 FCPATH\index.php(79): CodeIgniter\CodeIgniter->run()
10 SYSTEMPATH\Commands\Server\rewrite.php(47): require_once('D:\\TST-toko-material-toko-furnitur\\public\\index.php')
INFO - 2023-12-16 02:58:58 --> Session: Class initialized using 'CodeIgniter\Session\Handlers\FileHandler' driver.
CRITICAL - 2023-12-16 02:58:58 --> View themes, no current section.
in SYSTEMPATH\View\View.php on line 425.
 1 APPPATH\Views\PenilaianPelanggan\form.php(128): CodeIgniter\View\View->endSection()
 2 SYSTEMPATH\View\View.php(228): include('D:\\TST-toko-material-toko-furnitur\\app\\Views\\PenilaianPelanggan\\form.php')
 3 SYSTEMPATH\View\View.php(231): CodeIgniter\View\View->CodeIgniter\View\{closure}()
 4 SYSTEMPATH\Common.php(1190): CodeIgniter\View\View->render('PenilaianPelanggan/form', [], true)
 5 APPPATH\Controllers\PenilaianPelanggan.php(33): view('PenilaianPelanggan/form', [...])
 6 SYSTEMPATH\CodeIgniter.php(942): App\Controllers\PenilaianPelanggan->form()
 7 SYSTEMPATH\CodeIgniter.php(502): CodeIgniter\CodeIgniter->runController(Object(App\Controllers\PenilaianPelanggan))
 8 SYSTEMPATH\CodeIgniter.php(361): CodeIgniter\CodeIgniter->handleRequest(null, Object(Config\Cache), false)
 9 FCPATH\index.php(79): CodeIgniter\CodeIgniter->run()
10 SYSTEMPATH\Commands\Server\rewrite.php(47): require_once('D:\\TST-toko-material-toko-furnitur\\public\\index.php')
INFO - 2023-12-16 02:59:01 --> Session: Class initialized using 'CodeIgniter\Session\Handlers\FileHandler' driver.
INFO - 2023-12-16 03:07:11 --> Session: Class initialized using 'CodeIgniter\Session\Handlers\FileHandler' driver.
INFO - 2023-12-16 03:07:36 --> Session: Class initialized using 'CodeIgniter\Session\Handlers\FileHandler' driver.
CRITICAL - 2023-12-16 03:07:36 --> Undefined variable $judul
in APPPATH\Views\template\v_header.php on line 12.
 1 APPPATH\Views\template\v_header.php(12): CodeIgniter\Debug\Exceptions->errorHandler(2, 'Undefined variable $judul', 'D:\\TST-toko-material-toko-furnitur\\app\\Views\\template\\v_header.php', 12)
 2 SYSTEMPATH\View\View.php(228): include('D:\\TST-toko-material-toko-furnitur\\app\\Views\\template\\v_header.php')
 3 SYSTEMPATH\View\View.php(231): CodeIgniter\View\View->CodeIgniter\View\{closure}()
 4 SYSTEMPATH\Common.php(1190): CodeIgniter\View\View->render('template/v_header', [], true)
 5 APPPATH\Controllers\PenilaianPelanggan.php(37): view('template/v_header', [...])
 6 SYSTEMPATH\CodeIgniter.php(942): App\Controllers\PenilaianPelanggan->form()
 7 SYSTEMPATH\CodeIgniter.php(502): CodeIgniter\CodeIgniter->runController(Object(App\Controllers\PenilaianPelanggan))
 8 SYSTEMPATH\CodeIgniter.php(361): CodeIgniter\CodeIgniter->handleRequest(null, Object(Config\Cache), false)
 9 FCPATH\index.php(79): CodeIgniter\CodeIgniter->run()
10 SYSTEMPATH\Commands\Server\rewrite.php(47): require_once('D:\\TST-toko-material-toko-furnitur\\public\\index.php')
INFO - 2023-12-16 03:07:49 --> Session: Class initialized using 'CodeIgniter\Session\Handlers\FileHandler' driver.
INFO - 2023-12-16 03:08:06 --> Session: Class initialized using 'CodeIgniter\Session\Handlers\FileHandler' driver.
INFO - 2023-12-16 03:09:18 --> Session: Class initialized using 'CodeIgniter\Session\Handlers\FileHandler' driver.
INFO - 2023-12-16 03:09:19 --> Session: Class initialized using 'CodeIgniter\Session\Handlers\FileHandler' driver.
INFO - 2023-12-16 03:09:21 --> Session: Class initialized using 'CodeIgniter\Session\Handlers\FileHandler' driver.
INFO - 2023-12-16 03:09:24 --> Session: Class initialized using 'CodeIgniter\Session\Handlers\FileHandler' driver.
INFO - 2023-12-16 03:09:35 --> Session: Class initialized using 'CodeIgniter\Session\Handlers\FileHandler' driver.
INFO - 2023-12-16 03:10:26 --> Session: Class initialized using 'CodeIgniter\Session\Handlers\FileHandler' driver.
INFO - 2023-12-16 03:10:28 --> Session: Class initialized using 'CodeIgniter\Session\Handlers\FileHandler' driver.
INFO - 2023-12-16 03:10:28 --> Session: Class initialized using 'CodeIgniter\Session\Handlers\FileHandler' driver.
INFO - 2023-12-16 03:10:29 --> Session: Class initialized using 'CodeIgniter\Session\Handlers\FileHandler' driver.
INFO - 2023-12-16 03:10:29 --> Session: Class initialized using 'CodeIgniter\Session\Handlers\FileHandler' driver.
CRITICAL - 2023-12-16 03:10:59 --> "alphanueric" is not a valid rule.
in SYSTEMPATH\Validation\Validation.php on line 335.
 1 SYSTEMPATH\Validation\Validation.php(335): CodeIgniter\Validation\Exceptions\ValidationException::forRuleNotFound('alphanueric')
 2 SYSTEMPATH\Validation\Validation.php(199): CodeIgniter\Validation\Validation->processRules('jenis_kayu', 'jenis_kayu', 'Pinewood', [...], [...])
 3 SYSTEMPATH\Controller.php(152): CodeIgniter\Validation\Validation->run()
 4 APPPATH\Controllers\PenilaianPelanggan.php(46): CodeIgniter\Controller->validate([...])
 5 SYSTEMPATH\CodeIgniter.php(942): App\Controllers\PenilaianPelanggan->save()
 6 SYSTEMPATH\CodeIgniter.php(502): CodeIgniter\CodeIgniter->runController(Object(App\Controllers\PenilaianPelanggan))
 7 SYSTEMPATH\CodeIgniter.php(361): CodeIgniter\CodeIgniter->handleRequest(null, Object(Config\Cache), false)
 8 FCPATH\index.php(79): CodeIgniter\CodeIgniter->run()
 9 SYSTEMPATH\Commands\Server\rewrite.php(47): require_once('D:\\TST-toko-material-toko-furnitur\\public\\index.php')
CRITICAL - 2023-12-16 03:11:13 --> "alphanumeric" is not a valid rule.
in SYSTEMPATH\Validation\Validation.php on line 335.
 1 SYSTEMPATH\Validation\Validation.php(335): CodeIgniter\Validation\Exceptions\ValidationException::forRuleNotFound('alphanumeric')
 2 SYSTEMPATH\Validation\Validation.php(199): CodeIgniter\Validation\Validation->processRules('jenis_kayu', 'jenis_kayu', 'Pinewood', [...], [...])
 3 SYSTEMPATH\Controller.php(152): CodeIgniter\Validation\Validation->run()
 4 APPPATH\Controllers\PenilaianPelanggan.php(46): CodeIgniter\Controller->validate([...])
 5 SYSTEMPATH\CodeIgniter.php(942): App\Controllers\PenilaianPelanggan->save()
 6 SYSTEMPATH\CodeIgniter.php(502): CodeIgniter\CodeIgniter->runController(Object(App\Controllers\PenilaianPelanggan))
 7 SYSTEMPATH\CodeIgniter.php(361): CodeIgniter\CodeIgniter->handleRequest(null, Object(Config\Cache), false)
 8 FCPATH\index.php(79): CodeIgniter\CodeIgniter->run()
 9 SYSTEMPATH\Commands\Server\rewrite.php(47): require_once('D:\\TST-toko-material-toko-furnitur\\public\\index.php')
CRITICAL - 2023-12-16 03:11:24 --> "alphanumeric" is not a valid rule.
in SYSTEMPATH\Validation\Validation.php on line 335.
 1 SYSTEMPATH\Validation\Validation.php(335): CodeIgniter\Validation\Exceptions\ValidationException::forRuleNotFound('alphanumeric')
 2 SYSTEMPATH\Validation\Validation.php(199): CodeIgniter\Validation\Validation->processRules('merek_kayu', 'merek_kayu', 'ABC', [...], [...])
 3 SYSTEMPATH\Controller.php(152): CodeIgniter\Validation\Validation->run()
 4 APPPATH\Controllers\PenilaianPelanggan.php(46): CodeIgniter\Controller->validate([...])
 5 SYSTEMPATH\CodeIgniter.php(942): App\Controllers\PenilaianPelanggan->save()
 6 SYSTEMPATH\CodeIgniter.php(502): CodeIgniter\CodeIgniter->runController(Object(App\Controllers\PenilaianPelanggan))
 7 SYSTEMPATH\CodeIgniter.php(361): CodeIgniter\CodeIgniter->handleRequest(null, Object(Config\Cache), false)
 8 FCPATH\index.php(79): CodeIgniter\CodeIgniter->run()
 9 SYSTEMPATH\Commands\Server\rewrite.php(47): require_once('D:\\TST-toko-material-toko-furnitur\\public\\index.php')
INFO - 2023-12-16 03:11:33 --> Session: Class initialized using 'CodeIgniter\Session\Handlers\FileHandler' driver.
