CRITICAL - 2023-12-15 09:57:59 --> Class "Myth\Auth\Filters\LoginFilter" not found
in SYSTEMPATH\Filters\Filters.php on line 175.
 1 SYSTEMPATH\CodeIgniter.php(474): CodeIgniter\Filters\Filters->run('', 'before')
 2 SYSTEMPATH\CodeIgniter.php(361): CodeIgniter\CodeIgniter->handleRequest(null, Object(Config\Cache), false)
 3 FCPATH\index.php(79): CodeIgniter\CodeIgniter->run()
 4 SYSTEMPATH\Commands\Server\rewrite.php(47): require_once('D:\\TST-toko-material-toko-furnitur\\public\\index.php')
CRITICAL - 2023-12-15 09:58:01 --> Class "Myth\Auth\Filters\LoginFilter" not found
in SYSTEMPATH\Filters\Filters.php on line 175.
 1 SYSTEMPATH\CodeIgniter.php(474): CodeIgniter\Filters\Filters->run('', 'before')
 2 SYSTEMPATH\CodeIgniter.php(361): CodeIgniter\CodeIgniter->handleRequest(null, Object(Config\Cache), false)
 3 FCPATH\index.php(79): CodeIgniter\CodeIgniter->run()
 4 SYSTEMPATH\Commands\Server\rewrite.php(47): require_once('D:\\TST-toko-material-toko-furnitur\\public\\index.php')
CRITICAL - 2023-12-15 09:58:16 --> Class "Myth\Auth\Filters\LoginFilter" not found
in SYSTEMPATH\Filters\Filters.php on line 175.
 1 SYSTEMPATH\CodeIgniter.php(474): CodeIgniter\Filters\Filters->run('', 'before')
 2 SYSTEMPATH\CodeIgniter.php(361): CodeIgniter\CodeIgniter->handleRequest(null, Object(Config\Cache), false)
 3 FCPATH\index.php(79): CodeIgniter\CodeIgniter->run()
 4 SYSTEMPATH\Commands\Server\rewrite.php(47): require_once('D:\\TST-toko-material-toko-furnitur\\public\\index.php')
CRITICAL - 2023-12-15 09:58:16 --> Class "Myth\Auth\Filters\LoginFilter" not found
in SYSTEMPATH\Filters\Filters.php on line 175.
 1 SYSTEMPATH\CodeIgniter.php(474): CodeIgniter\Filters\Filters->run('', 'before')
 2 SYSTEMPATH\CodeIgniter.php(361): CodeIgniter\CodeIgniter->handleRequest(null, Object(Config\Cache), false)
 3 FCPATH\index.php(79): CodeIgniter\CodeIgniter->run()
 4 SYSTEMPATH\Commands\Server\rewrite.php(47): require_once('D:\\TST-toko-material-toko-furnitur\\public\\index.php')
CRITICAL - 2023-12-15 09:58:17 --> Class "Myth\Auth\Filters\LoginFilter" not found
in SYSTEMPATH\Filters\Filters.php on line 175.
 1 SYSTEMPATH\CodeIgniter.php(474): CodeIgniter\Filters\Filters->run('', 'before')
 2 SYSTEMPATH\CodeIgniter.php(361): CodeIgniter\CodeIgniter->handleRequest(null, Object(Config\Cache), false)
 3 FCPATH\index.php(79): CodeIgniter\CodeIgniter->run()
 4 SYSTEMPATH\Commands\Server\rewrite.php(47): require_once('D:\\TST-toko-material-toko-furnitur\\public\\index.php')
CRITICAL - 2023-12-15 09:58:24 --> Class "Myth\Auth\Filters\LoginFilter" not found
in SYSTEMPATH\Filters\Filters.php on line 175.
 1 SYSTEMPATH\CodeIgniter.php(474): CodeIgniter\Filters\Filters->run('', 'before')
 2 SYSTEMPATH\CodeIgniter.php(361): CodeIgniter\CodeIgniter->handleRequest(null, Object(Config\Cache), false)
 3 FCPATH\index.php(79): CodeIgniter\CodeIgniter->run()
 4 SYSTEMPATH\Commands\Server\rewrite.php(47): require_once('D:\\TST-toko-material-toko-furnitur\\public\\index.php')
CRITICAL - 2023-12-15 09:59:27 --> Class "Myth\Auth\Filters\LoginFilter" not found
in SYSTEMPATH\Filters\Filters.php on line 175.
 1 SYSTEMPATH\CodeIgniter.php(474): CodeIgniter\Filters\Filters->run('', 'before')
 2 SYSTEMPATH\CodeIgniter.php(361): CodeIgniter\CodeIgniter->handleRequest(null, Object(Config\Cache), false)
 3 FCPATH\index.php(79): CodeIgniter\CodeIgniter->run()
 4 SYSTEMPATH\Commands\Server\rewrite.php(47): require_once('D:\\TST-toko-material-toko-furnitur\\public\\index.php')
ERROR - 2023-12-15 10:00:36 --> Error connecting to the database: mysqli_sql_exception: No connection could be made because the target machine actively refused it in D:\TST-toko-material-toko-furnitur\system\Database\MySQLi\Connection.php:184
Stack trace:
#0 D:\TST-toko-material-toko-furnitur\system\Database\MySQLi\Connection.php(184): mysqli->real_connect('localhost', 'root', Object(SensitiveParameterValue), 'tsttokomaterial', 3308, '', 0)
#1 D:\TST-toko-material-toko-furnitur\system\Database\BaseConnection.php(392): CodeIgniter\Database\MySQLi\Connection->connect(false)
#2 D:\TST-toko-material-toko-furnitur\system\Database\BaseConnection.php(575): CodeIgniter\Database\BaseConnection->initialize()
#3 D:\TST-toko-material-toko-furnitur\system\Database\BaseConnection.php(1410): CodeIgniter\Database\BaseConnection->query('SHOW TABLES FRO...')
#4 D:\TST-toko-material-toko-furnitur\system\Database\BaseConnection.php(1429): CodeIgniter\Database\BaseConnection->listTables()
#5 D:\TST-toko-material-toko-furnitur\system\Database\MigrationRunner.php(764): CodeIgniter\Database\BaseConnection->tableExists('migrations')
#6 D:\TST-toko-material-toko-furnitur\system\Database\MigrationRunner.php(168): CodeIgniter\Database\MigrationRunner->ensureTable()
#7 D:\TST-toko-material-toko-furnitur\system\Commands\Database\Migrate.php(84): CodeIgniter\Database\MigrationRunner->latest(NULL)
#8 D:\TST-toko-material-toko-furnitur\system\CLI\Commands.php(65): CodeIgniter\Commands\Database\Migrate->run(Array)
#9 D:\TST-toko-material-toko-furnitur\system\CLI\Console.php(46): CodeIgniter\CLI\Commands->run('migrate', Array)
#10 D:\TST-toko-material-toko-furnitur\spark(102): CodeIgniter\CLI\Console->run()
#11 {main}

Next CodeIgniter\Database\Exceptions\DatabaseException: No connection could be made because the target machine actively refused it in D:\TST-toko-material-toko-furnitur\system\Database\MySQLi\Connection.php:229
Stack trace:
#0 D:\TST-toko-material-toko-furnitur\system\Database\BaseConnection.php(392): CodeIgniter\Database\MySQLi\Connection->connect(false)
#1 D:\TST-toko-material-toko-furnitur\system\Database\BaseConnection.php(575): CodeIgniter\Database\BaseConnection->initialize()
#2 D:\TST-toko-material-toko-furnitur\system\Database\BaseConnection.php(1410): CodeIgniter\Database\BaseConnection->query('SHOW TABLES FRO...')
#3 D:\TST-toko-material-toko-furnitur\system\Database\BaseConnection.php(1429): CodeIgniter\Database\BaseConnection->listTables()
#4 D:\TST-toko-material-toko-furnitur\system\Database\MigrationRunner.php(764): CodeIgniter\Database\BaseConnection->tableExists('migrations')
#5 D:\TST-toko-material-toko-furnitur\system\Database\MigrationRunner.php(168): CodeIgniter\Database\MigrationRunner->ensureTable()
#6 D:\TST-toko-material-toko-furnitur\system\Commands\Database\Migrate.php(84): CodeIgniter\Database\MigrationRunner->latest(NULL)
#7 D:\TST-toko-material-toko-furnitur\system\CLI\Commands.php(65): CodeIgniter\Commands\Database\Migrate->run(Array)
#8 D:\TST-toko-material-toko-furnitur\system\CLI\Console.php(46): CodeIgniter\CLI\Commands->run('migrate', Array)
#9 D:\TST-toko-material-toko-furnitur\spark(102): CodeIgniter\CLI\Console->run()
#10 {main}
CRITICAL - 2023-12-15 10:06:32 --> Class "Myth\Auth\Filters\LoginFilter" not found
in SYSTEMPATH\Filters\Filters.php on line 175.
 1 SYSTEMPATH\CodeIgniter.php(474): CodeIgniter\Filters\Filters->run('', 'before')
 2 SYSTEMPATH\CodeIgniter.php(361): CodeIgniter\CodeIgniter->handleRequest(null, Object(Config\Cache), false)
 3 FCPATH\index.php(79): CodeIgniter\CodeIgniter->run()
 4 SYSTEMPATH\Commands\Server\rewrite.php(47): require_once('D:\\TST-toko-material-toko-furnitur\\public\\index.php')
CRITICAL - 2023-12-15 10:06:33 --> Class "Myth\Auth\Filters\LoginFilter" not found
in SYSTEMPATH\Filters\Filters.php on line 175.
 1 SYSTEMPATH\CodeIgniter.php(474): CodeIgniter\Filters\Filters->run('', 'before')
 2 SYSTEMPATH\CodeIgniter.php(361): CodeIgniter\CodeIgniter->handleRequest(null, Object(Config\Cache), false)
 3 FCPATH\index.php(79): CodeIgniter\CodeIgniter->run()
 4 SYSTEMPATH\Commands\Server\rewrite.php(47): require_once('D:\\TST-toko-material-toko-furnitur\\public\\index.php')
CRITICAL - 2023-12-15 10:06:33 --> Class "Myth\Auth\Filters\LoginFilter" not found
in SYSTEMPATH\Filters\Filters.php on line 175.
 1 SYSTEMPATH\CodeIgniter.php(474): CodeIgniter\Filters\Filters->run('', 'before')
 2 SYSTEMPATH\CodeIgniter.php(361): CodeIgniter\CodeIgniter->handleRequest(null, Object(Config\Cache), false)
 3 FCPATH\index.php(79): CodeIgniter\CodeIgniter->run()
 4 SYSTEMPATH\Commands\Server\rewrite.php(47): require_once('D:\\TST-toko-material-toko-furnitur\\public\\index.php')
CRITICAL - 2023-12-15 10:06:33 --> Class "Myth\Auth\Filters\LoginFilter" not found
in SYSTEMPATH\Filters\Filters.php on line 175.
 1 SYSTEMPATH\CodeIgniter.php(474): CodeIgniter\Filters\Filters->run('', 'before')
 2 SYSTEMPATH\CodeIgniter.php(361): CodeIgniter\CodeIgniter->handleRequest(null, Object(Config\Cache), false)
 3 FCPATH\index.php(79): CodeIgniter\CodeIgniter->run()
 4 SYSTEMPATH\Commands\Server\rewrite.php(47): require_once('D:\\TST-toko-material-toko-furnitur\\public\\index.php')
CRITICAL - 2023-12-15 10:07:11 --> Class "Myth\Auth\Filters\LoginFilter" not found
in SYSTEMPATH\Filters\Filters.php on line 175.
 1 SYSTEMPATH\CodeIgniter.php(474): CodeIgniter\Filters\Filters->run('', 'before')
 2 SYSTEMPATH\CodeIgniter.php(361): CodeIgniter\CodeIgniter->handleRequest(null, Object(Config\Cache), false)
 3 FCPATH\index.php(79): CodeIgniter\CodeIgniter->run()
 4 SYSTEMPATH\Commands\Server\rewrite.php(47): require_once('D:\\TST-toko-material-toko-furnitur\\public\\index.php')
CRITICAL - 2023-12-15 10:07:12 --> Class "Myth\Auth\Filters\LoginFilter" not found
in SYSTEMPATH\Filters\Filters.php on line 175.
 1 SYSTEMPATH\CodeIgniter.php(474): CodeIgniter\Filters\Filters->run('', 'before')
 2 SYSTEMPATH\CodeIgniter.php(361): CodeIgniter\CodeIgniter->handleRequest(null, Object(Config\Cache), false)
 3 FCPATH\index.php(79): CodeIgniter\CodeIgniter->run()
 4 SYSTEMPATH\Commands\Server\rewrite.php(47): require_once('D:\\TST-toko-material-toko-furnitur\\public\\index.php')
CRITICAL - 2023-12-15 10:07:13 --> Class "Myth\Auth\Filters\LoginFilter" not found
in SYSTEMPATH\Filters\Filters.php on line 175.
 1 SYSTEMPATH\CodeIgniter.php(474): CodeIgniter\Filters\Filters->run('', 'before')
 2 SYSTEMPATH\CodeIgniter.php(361): CodeIgniter\CodeIgniter->handleRequest(null, Object(Config\Cache), false)
 3 FCPATH\index.php(79): CodeIgniter\CodeIgniter->run()
 4 SYSTEMPATH\Commands\Server\rewrite.php(47): require_once('D:\\TST-toko-material-toko-furnitur\\public\\index.php')
CRITICAL - 2023-12-15 10:07:13 --> Class "Myth\Auth\Filters\LoginFilter" not found
in SYSTEMPATH\Filters\Filters.php on line 175.
 1 SYSTEMPATH\CodeIgniter.php(474): CodeIgniter\Filters\Filters->run('', 'before')
 2 SYSTEMPATH\CodeIgniter.php(361): CodeIgniter\CodeIgniter->handleRequest(null, Object(Config\Cache), false)
 3 FCPATH\index.php(79): CodeIgniter\CodeIgniter->run()
 4 SYSTEMPATH\Commands\Server\rewrite.php(47): require_once('D:\\TST-toko-material-toko-furnitur\\public\\index.php')
CRITICAL - 2023-12-15 10:07:13 --> Class "Myth\Auth\Filters\LoginFilter" not found
in SYSTEMPATH\Filters\Filters.php on line 175.
 1 SYSTEMPATH\CodeIgniter.php(474): CodeIgniter\Filters\Filters->run('', 'before')
 2 SYSTEMPATH\CodeIgniter.php(361): CodeIgniter\CodeIgniter->handleRequest(null, Object(Config\Cache), false)
 3 FCPATH\index.php(79): CodeIgniter\CodeIgniter->run()
 4 SYSTEMPATH\Commands\Server\rewrite.php(47): require_once('D:\\TST-toko-material-toko-furnitur\\public\\index.php')
CRITICAL - 2023-12-15 10:07:13 --> Class "Myth\Auth\Filters\LoginFilter" not found
in SYSTEMPATH\Filters\Filters.php on line 175.
 1 SYSTEMPATH\CodeIgniter.php(474): CodeIgniter\Filters\Filters->run('', 'before')
 2 SYSTEMPATH\CodeIgniter.php(361): CodeIgniter\CodeIgniter->handleRequest(null, Object(Config\Cache), false)
 3 FCPATH\index.php(79): CodeIgniter\CodeIgniter->run()
 4 SYSTEMPATH\Commands\Server\rewrite.php(47): require_once('D:\\TST-toko-material-toko-furnitur\\public\\index.php')
CRITICAL - 2023-12-15 10:07:14 --> Class "Myth\Auth\Filters\LoginFilter" not found
in SYSTEMPATH\Filters\Filters.php on line 175.
 1 SYSTEMPATH\CodeIgniter.php(474): CodeIgniter\Filters\Filters->run('', 'before')
 2 SYSTEMPATH\CodeIgniter.php(361): CodeIgniter\CodeIgniter->handleRequest(null, Object(Config\Cache), false)
 3 FCPATH\index.php(79): CodeIgniter\CodeIgniter->run()
 4 SYSTEMPATH\Commands\Server\rewrite.php(47): require_once('D:\\TST-toko-material-toko-furnitur\\public\\index.php')
CRITICAL - 2023-12-15 10:07:14 --> Class "Myth\Auth\Filters\LoginFilter" not found
in SYSTEMPATH\Filters\Filters.php on line 175.
 1 SYSTEMPATH\CodeIgniter.php(474): CodeIgniter\Filters\Filters->run('', 'before')
 2 SYSTEMPATH\CodeIgniter.php(361): CodeIgniter\CodeIgniter->handleRequest(null, Object(Config\Cache), false)
 3 FCPATH\index.php(79): CodeIgniter\CodeIgniter->run()
 4 SYSTEMPATH\Commands\Server\rewrite.php(47): require_once('D:\\TST-toko-material-toko-furnitur\\public\\index.php')
CRITICAL - 2023-12-15 10:07:21 --> Class "Myth\Auth\Filters\LoginFilter" not found
in SYSTEMPATH\Filters\Filters.php on line 175.
 1 SYSTEMPATH\CodeIgniter.php(474): CodeIgniter\Filters\Filters->run('', 'before')
 2 SYSTEMPATH\CodeIgniter.php(361): CodeIgniter\CodeIgniter->handleRequest(null, Object(Config\Cache), false)
 3 FCPATH\index.php(79): CodeIgniter\CodeIgniter->run()
 4 SYSTEMPATH\Commands\Server\rewrite.php(47): require_once('D:\\TST-toko-material-toko-furnitur\\public\\index.php')
CRITICAL - 2023-12-15 10:07:22 --> Class "Myth\Auth\Filters\LoginFilter" not found
in SYSTEMPATH\Filters\Filters.php on line 175.
 1 SYSTEMPATH\CodeIgniter.php(474): CodeIgniter\Filters\Filters->run('', 'before')
 2 SYSTEMPATH\CodeIgniter.php(361): CodeIgniter\CodeIgniter->handleRequest(null, Object(Config\Cache), false)
 3 FCPATH\index.php(79): CodeIgniter\CodeIgniter->run()
 4 SYSTEMPATH\Commands\Server\rewrite.php(47): require_once('D:\\TST-toko-material-toko-furnitur\\public\\index.php')
CRITICAL - 2023-12-15 10:07:22 --> Class "Myth\Auth\Filters\LoginFilter" not found
in SYSTEMPATH\Filters\Filters.php on line 175.
 1 SYSTEMPATH\CodeIgniter.php(474): CodeIgniter\Filters\Filters->run('', 'before')
 2 SYSTEMPATH\CodeIgniter.php(361): CodeIgniter\CodeIgniter->handleRequest(null, Object(Config\Cache), false)
 3 FCPATH\index.php(79): CodeIgniter\CodeIgniter->run()
 4 SYSTEMPATH\Commands\Server\rewrite.php(47): require_once('D:\\TST-toko-material-toko-furnitur\\public\\index.php')
CRITICAL - 2023-12-15 10:07:22 --> Class "Myth\Auth\Filters\LoginFilter" not found
in SYSTEMPATH\Filters\Filters.php on line 175.
 1 SYSTEMPATH\CodeIgniter.php(474): CodeIgniter\Filters\Filters->run('', 'before')
 2 SYSTEMPATH\CodeIgniter.php(361): CodeIgniter\CodeIgniter->handleRequest(null, Object(Config\Cache), false)
 3 FCPATH\index.php(79): CodeIgniter\CodeIgniter->run()
 4 SYSTEMPATH\Commands\Server\rewrite.php(47): require_once('D:\\TST-toko-material-toko-furnitur\\public\\index.php')
CRITICAL - 2023-12-15 10:07:31 --> Class "Myth\Auth\Filters\LoginFilter" not found
in SYSTEMPATH\Filters\Filters.php on line 175.
 1 SYSTEMPATH\CodeIgniter.php(474): CodeIgniter\Filters\Filters->run('', 'before')
 2 SYSTEMPATH\CodeIgniter.php(361): CodeIgniter\CodeIgniter->handleRequest(null, Object(Config\Cache), false)
 3 FCPATH\index.php(79): CodeIgniter\CodeIgniter->run()
 4 SYSTEMPATH\Commands\Server\rewrite.php(47): require_once('D:\\TST-toko-material-toko-furnitur\\public\\index.php')
CRITICAL - 2023-12-15 10:07:45 --> Class "Myth\Auth\Filters\LoginFilter" not found
in SYSTEMPATH\Filters\Filters.php on line 175.
 1 SYSTEMPATH\CodeIgniter.php(474): CodeIgniter\Filters\Filters->run('', 'before')
 2 SYSTEMPATH\CodeIgniter.php(361): CodeIgniter\CodeIgniter->handleRequest(null, Object(Config\Cache), false)
 3 FCPATH\index.php(79): CodeIgniter\CodeIgniter->run()
 4 SYSTEMPATH\Commands\Server\rewrite.php(47): require_once('D:\\TST-toko-material-toko-furnitur\\public\\index.php')
CRITICAL - 2023-12-15 10:08:29 --> Class "Myth\Auth\Filters\LoginFilter" not found
in SYSTEMPATH\Filters\Filters.php on line 175.
 1 SYSTEMPATH\CodeIgniter.php(474): CodeIgniter\Filters\Filters->run('', 'before')
 2 SYSTEMPATH\CodeIgniter.php(361): CodeIgniter\CodeIgniter->handleRequest(null, Object(Config\Cache), false)
 3 FCPATH\index.php(79): CodeIgniter\CodeIgniter->run()
 4 SYSTEMPATH\Commands\Server\rewrite.php(47): require_once('D:\\TST-toko-material-toko-furnitur\\public\\index.php')
CRITICAL - 2023-12-15 10:08:29 --> Class "Myth\Auth\Filters\LoginFilter" not found
in SYSTEMPATH\Filters\Filters.php on line 175.
 1 SYSTEMPATH\CodeIgniter.php(474): CodeIgniter\Filters\Filters->run('', 'before')
 2 SYSTEMPATH\CodeIgniter.php(361): CodeIgniter\CodeIgniter->handleRequest(null, Object(Config\Cache), false)
 3 FCPATH\index.php(79): CodeIgniter\CodeIgniter->run()
 4 SYSTEMPATH\Commands\Server\rewrite.php(47): require_once('D:\\TST-toko-material-toko-furnitur\\public\\index.php')
CRITICAL - 2023-12-15 10:08:30 --> Class "Myth\Auth\Filters\LoginFilter" not found
in SYSTEMPATH\Filters\Filters.php on line 175.
 1 SYSTEMPATH\CodeIgniter.php(474): CodeIgniter\Filters\Filters->run('', 'before')
 2 SYSTEMPATH\CodeIgniter.php(361): CodeIgniter\CodeIgniter->handleRequest(null, Object(Config\Cache), false)
 3 FCPATH\index.php(79): CodeIgniter\CodeIgniter->run()
 4 SYSTEMPATH\Commands\Server\rewrite.php(47): require_once('D:\\TST-toko-material-toko-furnitur\\public\\index.php')
CRITICAL - 2023-12-15 10:08:30 --> Class "Myth\Auth\Filters\LoginFilter" not found
in SYSTEMPATH\Filters\Filters.php on line 175.
 1 SYSTEMPATH\CodeIgniter.php(474): CodeIgniter\Filters\Filters->run('', 'before')
 2 SYSTEMPATH\CodeIgniter.php(361): CodeIgniter\CodeIgniter->handleRequest(null, Object(Config\Cache), false)
 3 FCPATH\index.php(79): CodeIgniter\CodeIgniter->run()
 4 SYSTEMPATH\Commands\Server\rewrite.php(47): require_once('D:\\TST-toko-material-toko-furnitur\\public\\index.php')
ERROR - 2023-12-15 10:11:42 --> Error connecting to the database: mysqli_sql_exception: No connection could be made because the target machine actively refused it in D:\TST-toko-material-toko-furnitur\system\Database\MySQLi\Connection.php:184
Stack trace:
#0 D:\TST-toko-material-toko-furnitur\system\Database\MySQLi\Connection.php(184): mysqli->real_connect('localhost', 'root', Object(SensitiveParameterValue), 'tsttokomaterial', 3308, '', 0)
#1 D:\TST-toko-material-toko-furnitur\system\Database\BaseConnection.php(392): CodeIgniter\Database\MySQLi\Connection->connect(false)
#2 D:\TST-toko-material-toko-furnitur\system\Database\BaseConnection.php(575): CodeIgniter\Database\BaseConnection->initialize()
#3 D:\TST-toko-material-toko-furnitur\system\Database\BaseConnection.php(1410): CodeIgniter\Database\BaseConnection->query('SHOW TABLES FRO...')
#4 D:\TST-toko-material-toko-furnitur\system\Database\BaseConnection.php(1429): CodeIgniter\Database\BaseConnection->listTables()
#5 D:\TST-toko-material-toko-furnitur\system\Database\MigrationRunner.php(764): CodeIgniter\Database\BaseConnection->tableExists('migrations')
#6 D:\TST-toko-material-toko-furnitur\system\Database\MigrationRunner.php(168): CodeIgniter\Database\MigrationRunner->ensureTable()
#7 D:\TST-toko-material-toko-furnitur\system\Commands\Database\Migrate.php(84): CodeIgniter\Database\MigrationRunner->latest(NULL)
#8 D:\TST-toko-material-toko-furnitur\system\CLI\Commands.php(65): CodeIgniter\Commands\Database\Migrate->run(Array)
#9 D:\TST-toko-material-toko-furnitur\system\CLI\Console.php(46): CodeIgniter\CLI\Commands->run('migrate', Array)
#10 D:\TST-toko-material-toko-furnitur\spark(102): CodeIgniter\CLI\Console->run()
#11 {main}

Next CodeIgniter\Database\Exceptions\DatabaseException: No connection could be made because the target machine actively refused it in D:\TST-toko-material-toko-furnitur\system\Database\MySQLi\Connection.php:229
Stack trace:
#0 D:\TST-toko-material-toko-furnitur\system\Database\BaseConnection.php(392): CodeIgniter\Database\MySQLi\Connection->connect(false)
#1 D:\TST-toko-material-toko-furnitur\system\Database\BaseConnection.php(575): CodeIgniter\Database\BaseConnection->initialize()
#2 D:\TST-toko-material-toko-furnitur\system\Database\BaseConnection.php(1410): CodeIgniter\Database\BaseConnection->query('SHOW TABLES FRO...')
#3 D:\TST-toko-material-toko-furnitur\system\Database\BaseConnection.php(1429): CodeIgniter\Database\BaseConnection->listTables()
#4 D:\TST-toko-material-toko-furnitur\system\Database\MigrationRunner.php(764): CodeIgniter\Database\BaseConnection->tableExists('migrations')
#5 D:\TST-toko-material-toko-furnitur\system\Database\MigrationRunner.php(168): CodeIgniter\Database\MigrationRunner->ensureTable()
#6 D:\TST-toko-material-toko-furnitur\system\Commands\Database\Migrate.php(84): CodeIgniter\Database\MigrationRunner->latest(NULL)
#7 D:\TST-toko-material-toko-furnitur\system\CLI\Commands.php(65): CodeIgniter\Commands\Database\Migrate->run(Array)
#8 D:\TST-toko-material-toko-furnitur\system\CLI\Console.php(46): CodeIgniter\CLI\Commands->run('migrate', Array)
#9 D:\TST-toko-material-toko-furnitur\spark(102): CodeIgniter\CLI\Console->run()
#10 {main}
CRITICAL - 2023-12-15 10:12:06 --> Class "Myth\Auth\Filters\LoginFilter" not found
in SYSTEMPATH\Filters\Filters.php on line 175.
 1 SYSTEMPATH\CodeIgniter.php(474): CodeIgniter\Filters\Filters->run('', 'before')
 2 SYSTEMPATH\CodeIgniter.php(361): CodeIgniter\CodeIgniter->handleRequest(null, Object(Config\Cache), false)
 3 FCPATH\index.php(79): CodeIgniter\CodeIgniter->run()
 4 SYSTEMPATH\Commands\Server\rewrite.php(47): require_once('D:\\TST-toko-material-toko-furnitur\\public\\index.php')
CRITICAL - 2023-12-15 10:12:07 --> Class "Myth\Auth\Filters\LoginFilter" not found
in SYSTEMPATH\Filters\Filters.php on line 175.
 1 SYSTEMPATH\CodeIgniter.php(474): CodeIgniter\Filters\Filters->run('', 'before')
 2 SYSTEMPATH\CodeIgniter.php(361): CodeIgniter\CodeIgniter->handleRequest(null, Object(Config\Cache), false)
 3 FCPATH\index.php(79): CodeIgniter\CodeIgniter->run()
 4 SYSTEMPATH\Commands\Server\rewrite.php(47): require_once('D:\\TST-toko-material-toko-furnitur\\public\\index.php')
CRITICAL - 2023-12-15 10:16:54 --> Class "Myth\Auth\Filters\LoginFilter" not found
in SYSTEMPATH\Filters\Filters.php on line 175.
 1 SYSTEMPATH\CodeIgniter.php(474): CodeIgniter\Filters\Filters->run('', 'before')
 2 SYSTEMPATH\CodeIgniter.php(361): CodeIgniter\CodeIgniter->handleRequest(null, Object(Config\Cache), false)
 3 FCPATH\index.php(79): CodeIgniter\CodeIgniter->run()
 4 SYSTEMPATH\Commands\Server\rewrite.php(47): require_once('D:\\TST-toko-material-toko-furnitur\\public\\index.php')
CRITICAL - 2023-12-15 10:16:55 --> Class "Myth\Auth\Filters\LoginFilter" not found
in SYSTEMPATH\Filters\Filters.php on line 175.
 1 SYSTEMPATH\CodeIgniter.php(474): CodeIgniter\Filters\Filters->run('', 'before')
 2 SYSTEMPATH\CodeIgniter.php(361): CodeIgniter\CodeIgniter->handleRequest(null, Object(Config\Cache), false)
 3 FCPATH\index.php(79): CodeIgniter\CodeIgniter->run()
 4 SYSTEMPATH\Commands\Server\rewrite.php(47): require_once('D:\\TST-toko-material-toko-furnitur\\public\\index.php')
CRITICAL - 2023-12-15 10:16:56 --> Class "Myth\Auth\Filters\LoginFilter" not found
in SYSTEMPATH\Filters\Filters.php on line 175.
 1 SYSTEMPATH\CodeIgniter.php(474): CodeIgniter\Filters\Filters->run('', 'before')
 2 SYSTEMPATH\CodeIgniter.php(361): CodeIgniter\CodeIgniter->handleRequest(null, Object(Config\Cache), false)
 3 FCPATH\index.php(79): CodeIgniter\CodeIgniter->run()
 4 SYSTEMPATH\Commands\Server\rewrite.php(47): require_once('D:\\TST-toko-material-toko-furnitur\\public\\index.php')
CRITICAL - 2023-12-15 10:16:56 --> Class "Myth\Auth\Filters\LoginFilter" not found
in SYSTEMPATH\Filters\Filters.php on line 175.
 1 SYSTEMPATH\CodeIgniter.php(474): CodeIgniter\Filters\Filters->run('', 'before')
 2 SYSTEMPATH\CodeIgniter.php(361): CodeIgniter\CodeIgniter->handleRequest(null, Object(Config\Cache), false)
 3 FCPATH\index.php(79): CodeIgniter\CodeIgniter->run()
 4 SYSTEMPATH\Commands\Server\rewrite.php(47): require_once('D:\\TST-toko-material-toko-furnitur\\public\\index.php')
CRITICAL - 2023-12-15 10:16:56 --> Class "Myth\Auth\Filters\LoginFilter" not found
in SYSTEMPATH\Filters\Filters.php on line 175.
 1 SYSTEMPATH\CodeIgniter.php(474): CodeIgniter\Filters\Filters->run('', 'before')
 2 SYSTEMPATH\CodeIgniter.php(361): CodeIgniter\CodeIgniter->handleRequest(null, Object(Config\Cache), false)
 3 FCPATH\index.php(79): CodeIgniter\CodeIgniter->run()
 4 SYSTEMPATH\Commands\Server\rewrite.php(47): require_once('D:\\TST-toko-material-toko-furnitur\\public\\index.php')
INFO - 2023-12-15 10:21:45 --> Session: Class initialized using 'CodeIgniter\Session\Handlers\FileHandler' driver.
INFO - 2023-12-15 10:21:45 --> Session: Class initialized using 'CodeIgniter\Session\Handlers\FileHandler' driver.
INFO - 2023-12-15 14:11:02 --> Session: Class initialized using 'CodeIgniter\Session\Handlers\FileHandler' driver.
INFO - 2023-12-15 14:11:08 --> Session: Class initialized using 'CodeIgniter\Session\Handlers\FileHandler' driver.
INFO - 2023-12-15 14:11:08 --> Session: Class initialized using 'CodeIgniter\Session\Handlers\FileHandler' driver.
INFO - 2023-12-15 14:11:26 --> Session: Class initialized using 'CodeIgniter\Session\Handlers\FileHandler' driver.
INFO - 2023-12-15 14:12:00 --> Session: Class initialized using 'CodeIgniter\Session\Handlers\FileHandler' driver.
CRITICAL - 2023-12-15 14:12:00 --> Undefined variable $komik
in APPPATH\Views\PenilaianPelanggan\index.php on line 22.
 1 APPPATH\Views\PenilaianPelanggan\index.php(22): CodeIgniter\Debug\Exceptions->errorHandler(2, 'Undefined variable $komik', 'D:\\TST-toko-material-toko-furnitur\\app\\Views\\PenilaianPelanggan\\index.php', 22)
 2 SYSTEMPATH\View\View.php(228): include('D:\\TST-toko-material-toko-furnitur\\app\\Views\\PenilaianPelanggan\\index.php')
 3 SYSTEMPATH\View\View.php(231): CodeIgniter\View\View->CodeIgniter\View\{closure}()
 4 SYSTEMPATH\Common.php(1190): CodeIgniter\View\View->render('PenilaianPelanggan/index', [], true)
 5 APPPATH\Controllers\PenilaianPelanggan.php(23): view('PenilaianPelanggan/index', [...])
 6 SYSTEMPATH\CodeIgniter.php(942): App\Controllers\PenilaianPelanggan->index()
 7 SYSTEMPATH\CodeIgniter.php(502): CodeIgniter\CodeIgniter->runController(Object(App\Controllers\PenilaianPelanggan))
 8 SYSTEMPATH\CodeIgniter.php(361): CodeIgniter\CodeIgniter->handleRequest(null, Object(Config\Cache), false)
 9 FCPATH\index.php(79): CodeIgniter\CodeIgniter->run()
10 SYSTEMPATH\Commands\Server\rewrite.php(47): require_once('D:\\TST-toko-material-toko-furnitur\\public\\index.php')
