CRITICAL - 2023-11-15 06:54:09 --> The framework needs the following extension(s) installed and loaded: intl.
in SYSTEMPATH\CodeIgniter.php on line 252.
 1 SYSTEMPATH\CodeIgniter.php(252): CodeIgniter\Exceptions\FrameworkException::forMissingExtension('intl')
 2 SYSTEMPATH\CodeIgniter.php(214): CodeIgniter\CodeIgniter->resolvePlatformExtensions()
 3 ROOTPATH\spark(88): CodeIgniter\CodeIgniter->initialize()
CRITICAL - 2023-11-15 06:54:10 --> Uncaught Error: Class "Locale" not found in C:\Users\GABRIEL PANJAITAN\Downloads\CodeIgniter4-develop\CodeIgniter4-develop\system\I18n\TimeTrait.php:74
Stack trace:
#0 C:\Users\GABRIEL PANJAITAN\Downloads\CodeIgniter4-develop\CodeIgniter4-develop\system\I18n\TimeTrait.php(115): CodeIgniter\I18n\Time->__construct(NULL, NULL, NULL)
#1 C:\Users\GABRIEL PANJAITAN\Downloads\CodeIgniter4-develop\CodeIgniter4-develop\system\HTTP\ResponseTrait.php(468): CodeIgniter\I18n\Time::now()
#2 C:\Users\GABRIEL PANJAITAN\Downloads\CodeIgniter4-develop\CodeIgniter4-develop\system\HTTP\ResponseTrait.php(446): CodeIgniter\HTTP\Response->sendHeaders()
#3 C:\Users\GABRIEL PANJAITAN\Downloads\CodeIgniter4-develop\CodeIgniter4-develop\system\Debug\ExceptionHandler.php(81): CodeIgniter\HTTP\Response->send()
#4 C:\Users\GABRIEL PANJAITAN\Downloads\CodeIgniter4-develop\CodeIgniter4-develop\system\Debug\Exceptions.php(147): CodeIgniter\Debug\ExceptionHandler->handle(Object(CodeIgniter\Exceptions\FrameworkException), Object(CodeIgniter\HTTP\IncomingRequest), Object(CodeIgniter\HTTP\Response), 500, 1)
#5 [internal function]: CodeIgniter\Debug\Exceptions->exceptionHandler(Object(CodeIgniter\Exceptions\FrameworkException))
#6 {main}
  thrown
【Previous Exception】
CodeIgniter\Exceptions\FrameworkException
The framework needs the following extension(s) installed and loaded: intl.
#0 C:\Users\GABRIEL PANJAITAN\Downloads\CodeIgniter4-develop\CodeIgniter4-develop\system\CodeIgniter.php(252): CodeIgniter\Exceptions\FrameworkException::forMissingExtension('intl')
#1 C:\Users\GABRIEL PANJAITAN\Downloads\CodeIgniter4-develop\CodeIgniter4-develop\system\CodeIgniter.php(214): CodeIgniter\CodeIgniter->resolvePlatformExtensions()
#2 C:\Users\GABRIEL PANJAITAN\Downloads\CodeIgniter4-develop\CodeIgniter4-develop\spark(88): CodeIgniter\CodeIgniter->initialize()
#3 {main}
in SYSTEMPATH\I18n\TimeTrait.php on line 74.
 1 [internal function]: CodeIgniter\Debug\Exceptions->shutdownHandler()
CRITICAL - 2023-11-15 06:54:38 --> The framework needs the following extension(s) installed and loaded: intl.
in SYSTEMPATH\CodeIgniter.php on line 252.
 1 SYSTEMPATH\CodeIgniter.php(252): CodeIgniter\Exceptions\FrameworkException::forMissingExtension('intl')
 2 SYSTEMPATH\CodeIgniter.php(214): CodeIgniter\CodeIgniter->resolvePlatformExtensions()
 3 ROOTPATH\spark(88): CodeIgniter\CodeIgniter->initialize()
CRITICAL - 2023-11-15 06:54:38 --> Uncaught Error: Class "Locale" not found in C:\Users\GABRIEL PANJAITAN\Downloads\CodeIgniter4-develop\CodeIgniter4-develop\system\I18n\TimeTrait.php:74
Stack trace:
#0 C:\Users\GABRIEL PANJAITAN\Downloads\CodeIgniter4-develop\CodeIgniter4-develop\system\I18n\TimeTrait.php(115): CodeIgniter\I18n\Time->__construct(NULL, NULL, NULL)
#1 C:\Users\GABRIEL PANJAITAN\Downloads\CodeIgniter4-develop\CodeIgniter4-develop\system\HTTP\ResponseTrait.php(468): CodeIgniter\I18n\Time::now()
#2 C:\Users\GABRIEL PANJAITAN\Downloads\CodeIgniter4-develop\CodeIgniter4-develop\system\HTTP\ResponseTrait.php(446): CodeIgniter\HTTP\Response->sendHeaders()
#3 C:\Users\GABRIEL PANJAITAN\Downloads\CodeIgniter4-develop\CodeIgniter4-develop\system\Debug\ExceptionHandler.php(81): CodeIgniter\HTTP\Response->send()
#4 C:\Users\GABRIEL PANJAITAN\Downloads\CodeIgniter4-develop\CodeIgniter4-develop\system\Debug\Exceptions.php(147): CodeIgniter\Debug\ExceptionHandler->handle(Object(CodeIgniter\Exceptions\FrameworkException), Object(CodeIgniter\HTTP\IncomingRequest), Object(CodeIgniter\HTTP\Response), 500, 1)
#5 [internal function]: CodeIgniter\Debug\Exceptions->exceptionHandler(Object(CodeIgniter\Exceptions\FrameworkException))
#6 {main}
  thrown
【Previous Exception】
CodeIgniter\Exceptions\FrameworkException
The framework needs the following extension(s) installed and loaded: intl.
#0 C:\Users\GABRIEL PANJAITAN\Downloads\CodeIgniter4-develop\CodeIgniter4-develop\system\CodeIgniter.php(252): CodeIgniter\Exceptions\FrameworkException::forMissingExtension('intl')
#1 C:\Users\GABRIEL PANJAITAN\Downloads\CodeIgniter4-develop\CodeIgniter4-develop\system\CodeIgniter.php(214): CodeIgniter\CodeIgniter->resolvePlatformExtensions()
#2 C:\Users\GABRIEL PANJAITAN\Downloads\CodeIgniter4-develop\CodeIgniter4-develop\spark(88): CodeIgniter\CodeIgniter->initialize()
#3 {main}
in SYSTEMPATH\I18n\TimeTrait.php on line 74.
 1 [internal function]: CodeIgniter\Debug\Exceptions->shutdownHandler()
CRITICAL - 2023-11-15 06:59:57 --> The framework needs the following extension(s) installed and loaded: intl.
in SYSTEMPATH\CodeIgniter.php on line 252.
 1 SYSTEMPATH\CodeIgniter.php(252): CodeIgniter\Exceptions\FrameworkException::forMissingExtension('intl')
 2 SYSTEMPATH\CodeIgniter.php(214): CodeIgniter\CodeIgniter->resolvePlatformExtensions()
 3 ROOTPATH\spark(88): CodeIgniter\CodeIgniter->initialize()
CRITICAL - 2023-11-15 06:59:57 --> Uncaught Error: Class "Locale" not found in C:\Users\GABRIEL PANJAITAN\Downloads\CodeIgniter4-develop\CodeIgniter4-develop\system\I18n\TimeTrait.php:74
Stack trace:
#0 C:\Users\GABRIEL PANJAITAN\Downloads\CodeIgniter4-develop\CodeIgniter4-develop\system\I18n\TimeTrait.php(115): CodeIgniter\I18n\Time->__construct(NULL, NULL, NULL)
#1 C:\Users\GABRIEL PANJAITAN\Downloads\CodeIgniter4-develop\CodeIgniter4-develop\system\HTTP\ResponseTrait.php(468): CodeIgniter\I18n\Time::now()
#2 C:\Users\GABRIEL PANJAITAN\Downloads\CodeIgniter4-develop\CodeIgniter4-develop\system\HTTP\ResponseTrait.php(446): CodeIgniter\HTTP\Response->sendHeaders()
#3 C:\Users\GABRIEL PANJAITAN\Downloads\CodeIgniter4-develop\CodeIgniter4-develop\system\Debug\ExceptionHandler.php(81): CodeIgniter\HTTP\Response->send()
#4 C:\Users\GABRIEL PANJAITAN\Downloads\CodeIgniter4-develop\CodeIgniter4-develop\system\Debug\Exceptions.php(147): CodeIgniter\Debug\ExceptionHandler->handle(Object(CodeIgniter\Exceptions\FrameworkException), Object(CodeIgniter\HTTP\IncomingRequest), Object(CodeIgniter\HTTP\Response), 500, 1)
#5 [internal function]: CodeIgniter\Debug\Exceptions->exceptionHandler(Object(CodeIgniter\Exceptions\FrameworkException))
#6 {main}
  thrown
【Previous Exception】
CodeIgniter\Exceptions\FrameworkException
The framework needs the following extension(s) installed and loaded: intl.
#0 C:\Users\GABRIEL PANJAITAN\Downloads\CodeIgniter4-develop\CodeIgniter4-develop\system\CodeIgniter.php(252): CodeIgniter\Exceptions\FrameworkException::forMissingExtension('intl')
#1 C:\Users\GABRIEL PANJAITAN\Downloads\CodeIgniter4-develop\CodeIgniter4-develop\system\CodeIgniter.php(214): CodeIgniter\CodeIgniter->resolvePlatformExtensions()
#2 C:\Users\GABRIEL PANJAITAN\Downloads\CodeIgniter4-develop\CodeIgniter4-develop\spark(88): CodeIgniter\CodeIgniter->initialize()
#3 {main}
in SYSTEMPATH\I18n\TimeTrait.php on line 74.
 1 [internal function]: CodeIgniter\Debug\Exceptions->shutdownHandler()
CRITICAL - 2023-11-15 07:03:02 --> The framework needs the following extension(s) installed and loaded: intl.
in SYSTEMPATH\CodeIgniter.php on line 252.
 1 SYSTEMPATH\CodeIgniter.php(252): CodeIgniter\Exceptions\FrameworkException::forMissingExtension('intl')
 2 SYSTEMPATH\CodeIgniter.php(214): CodeIgniter\CodeIgniter->resolvePlatformExtensions()
 3 ROOTPATH\spark(88): CodeIgniter\CodeIgniter->initialize()
CRITICAL - 2023-11-15 07:03:02 --> Uncaught Error: Class "Locale" not found in C:\Users\GABRIEL PANJAITAN\Downloads\CodeIgniter4-develop\CodeIgniter4-develop\system\I18n\TimeTrait.php:74
Stack trace:
#0 C:\Users\GABRIEL PANJAITAN\Downloads\CodeIgniter4-develop\CodeIgniter4-develop\system\I18n\TimeTrait.php(115): CodeIgniter\I18n\Time->__construct(NULL, NULL, NULL)
#1 C:\Users\GABRIEL PANJAITAN\Downloads\CodeIgniter4-develop\CodeIgniter4-develop\system\HTTP\ResponseTrait.php(468): CodeIgniter\I18n\Time::now()
#2 C:\Users\GABRIEL PANJAITAN\Downloads\CodeIgniter4-develop\CodeIgniter4-develop\system\HTTP\ResponseTrait.php(446): CodeIgniter\HTTP\Response->sendHeaders()
#3 C:\Users\GABRIEL PANJAITAN\Downloads\CodeIgniter4-develop\CodeIgniter4-develop\system\Debug\ExceptionHandler.php(81): CodeIgniter\HTTP\Response->send()
#4 C:\Users\GABRIEL PANJAITAN\Downloads\CodeIgniter4-develop\CodeIgniter4-develop\system\Debug\Exceptions.php(147): CodeIgniter\Debug\ExceptionHandler->handle(Object(CodeIgniter\Exceptions\FrameworkException), Object(CodeIgniter\HTTP\IncomingRequest), Object(CodeIgniter\HTTP\Response), 500, 1)
#5 [internal function]: CodeIgniter\Debug\Exceptions->exceptionHandler(Object(CodeIgniter\Exceptions\FrameworkException))
#6 {main}
  thrown
【Previous Exception】
CodeIgniter\Exceptions\FrameworkException
The framework needs the following extension(s) installed and loaded: intl.
#0 C:\Users\GABRIEL PANJAITAN\Downloads\CodeIgniter4-develop\CodeIgniter4-develop\system\CodeIgniter.php(252): CodeIgniter\Exceptions\FrameworkException::forMissingExtension('intl')
#1 C:\Users\GABRIEL PANJAITAN\Downloads\CodeIgniter4-develop\CodeIgniter4-develop\system\CodeIgniter.php(214): CodeIgniter\CodeIgniter->resolvePlatformExtensions()
#2 C:\Users\GABRIEL PANJAITAN\Downloads\CodeIgniter4-develop\CodeIgniter4-develop\spark(88): CodeIgniter\CodeIgniter->initialize()
#3 {main}
in SYSTEMPATH\I18n\TimeTrait.php on line 74.
 1 [internal function]: CodeIgniter\Debug\Exceptions->shutdownHandler()
CRITICAL - 2023-11-15 07:09:53 --> The framework needs the following extension(s) installed and loaded: intl.
in SYSTEMPATH\CodeIgniter.php on line 252.
 1 SYSTEMPATH\CodeIgniter.php(252): CodeIgniter\Exceptions\FrameworkException::forMissingExtension('intl')
 2 SYSTEMPATH\CodeIgniter.php(214): CodeIgniter\CodeIgniter->resolvePlatformExtensions()
 3 ROOTPATH\spark(88): CodeIgniter\CodeIgniter->initialize()
CRITICAL - 2023-11-15 07:09:54 --> Uncaught Error: Class "Locale" not found in C:\Users\GABRIEL PANJAITAN\Downloads\CodeIgniter4-develop\CodeIgniter4-develop\system\I18n\TimeTrait.php:74
Stack trace:
#0 C:\Users\GABRIEL PANJAITAN\Downloads\CodeIgniter4-develop\CodeIgniter4-develop\system\I18n\TimeTrait.php(115): CodeIgniter\I18n\Time->__construct(NULL, NULL, NULL)
#1 C:\Users\GABRIEL PANJAITAN\Downloads\CodeIgniter4-develop\CodeIgniter4-develop\system\HTTP\ResponseTrait.php(468): CodeIgniter\I18n\Time::now()
#2 C:\Users\GABRIEL PANJAITAN\Downloads\CodeIgniter4-develop\CodeIgniter4-develop\system\HTTP\ResponseTrait.php(446): CodeIgniter\HTTP\Response->sendHeaders()
#3 C:\Users\GABRIEL PANJAITAN\Downloads\CodeIgniter4-develop\CodeIgniter4-develop\system\Debug\ExceptionHandler.php(81): CodeIgniter\HTTP\Response->send()
#4 C:\Users\GABRIEL PANJAITAN\Downloads\CodeIgniter4-develop\CodeIgniter4-develop\system\Debug\Exceptions.php(147): CodeIgniter\Debug\ExceptionHandler->handle(Object(CodeIgniter\Exceptions\FrameworkException), Object(CodeIgniter\HTTP\IncomingRequest), Object(CodeIgniter\HTTP\Response), 500, 1)
#5 [internal function]: CodeIgniter\Debug\Exceptions->exceptionHandler(Object(CodeIgniter\Exceptions\FrameworkException))
#6 {main}
  thrown
【Previous Exception】
CodeIgniter\Exceptions\FrameworkException
The framework needs the following extension(s) installed and loaded: intl.
#0 C:\Users\GABRIEL PANJAITAN\Downloads\CodeIgniter4-develop\CodeIgniter4-develop\system\CodeIgniter.php(252): CodeIgniter\Exceptions\FrameworkException::forMissingExtension('intl')
#1 C:\Users\GABRIEL PANJAITAN\Downloads\CodeIgniter4-develop\CodeIgniter4-develop\system\CodeIgniter.php(214): CodeIgniter\CodeIgniter->resolvePlatformExtensions()
#2 C:\Users\GABRIEL PANJAITAN\Downloads\CodeIgniter4-develop\CodeIgniter4-develop\spark(88): CodeIgniter\CodeIgniter->initialize()
#3 {main}
in SYSTEMPATH\I18n\TimeTrait.php on line 74.
 1 [internal function]: CodeIgniter\Debug\Exceptions->shutdownHandler()
CRITICAL - 2023-11-15 07:12:52 --> The framework needs the following extension(s) installed and loaded: intl.
in SYSTEMPATH\CodeIgniter.php on line 252.
 1 SYSTEMPATH\CodeIgniter.php(252): CodeIgniter\Exceptions\FrameworkException::forMissingExtension('intl')
 2 SYSTEMPATH\CodeIgniter.php(214): CodeIgniter\CodeIgniter->resolvePlatformExtensions()
 3 ROOTPATH\spark(88): CodeIgniter\CodeIgniter->initialize()
CRITICAL - 2023-11-15 07:12:52 --> Uncaught Error: Class "Locale" not found in C:\Users\GABRIEL PANJAITAN\Downloads\CodeIgniter4-develop\CodeIgniter4-develop\system\I18n\TimeTrait.php:74
Stack trace:
#0 C:\Users\GABRIEL PANJAITAN\Downloads\CodeIgniter4-develop\CodeIgniter4-develop\system\I18n\TimeTrait.php(115): CodeIgniter\I18n\Time->__construct(NULL, NULL, NULL)
#1 C:\Users\GABRIEL PANJAITAN\Downloads\CodeIgniter4-develop\CodeIgniter4-develop\system\HTTP\ResponseTrait.php(468): CodeIgniter\I18n\Time::now()
#2 C:\Users\GABRIEL PANJAITAN\Downloads\CodeIgniter4-develop\CodeIgniter4-develop\system\HTTP\ResponseTrait.php(446): CodeIgniter\HTTP\Response->sendHeaders()
#3 C:\Users\GABRIEL PANJAITAN\Downloads\CodeIgniter4-develop\CodeIgniter4-develop\system\Debug\ExceptionHandler.php(81): CodeIgniter\HTTP\Response->send()
#4 C:\Users\GABRIEL PANJAITAN\Downloads\CodeIgniter4-develop\CodeIgniter4-develop\system\Debug\Exceptions.php(147): CodeIgniter\Debug\ExceptionHandler->handle(Object(CodeIgniter\Exceptions\FrameworkException), Object(CodeIgniter\HTTP\IncomingRequest), Object(CodeIgniter\HTTP\Response), 500, 1)
#5 [internal function]: CodeIgniter\Debug\Exceptions->exceptionHandler(Object(CodeIgniter\Exceptions\FrameworkException))
#6 {main}
  thrown
【Previous Exception】
CodeIgniter\Exceptions\FrameworkException
The framework needs the following extension(s) installed and loaded: intl.
#0 C:\Users\GABRIEL PANJAITAN\Downloads\CodeIgniter4-develop\CodeIgniter4-develop\system\CodeIgniter.php(252): CodeIgniter\Exceptions\FrameworkException::forMissingExtension('intl')
#1 C:\Users\GABRIEL PANJAITAN\Downloads\CodeIgniter4-develop\CodeIgniter4-develop\system\CodeIgniter.php(214): CodeIgniter\CodeIgniter->resolvePlatformExtensions()
#2 C:\Users\GABRIEL PANJAITAN\Downloads\CodeIgniter4-develop\CodeIgniter4-develop\spark(88): CodeIgniter\CodeIgniter->initialize()
#3 {main}
in SYSTEMPATH\I18n\TimeTrait.php on line 74.
 1 [internal function]: CodeIgniter\Debug\Exceptions->shutdownHandler()
CRITICAL - 2023-11-15 06:28:07 --> syntax error, unexpected token "{"
in APPPATH\Controllers\Home.php on line 8.
 1 SYSTEMPATH\Autoloader\Autoloader.php(288): CodeIgniter\Autoloader\Autoloader->includeFile('C:\\Users\\GABRIEL PANJAITAN\\Downloads\\CodeIgniter4-develop\\CodeIgniter4-develop\\app\\Controllers\\Home.php')
 2 SYSTEMPATH\Autoloader\Autoloader.php(266): CodeIgniter\Autoloader\Autoloader->loadInNamespace('App\\Controllers\\Home')
 3 [internal function]: CodeIgniter\Autoloader\Autoloader->loadClass('App\\Controllers\\Home')
 4 SYSTEMPATH\CodeIgniter.php(900): class_exists('\\App\\Controllers\\Home', true)
 5 SYSTEMPATH\CodeIgniter.php(489): CodeIgniter\CodeIgniter->startController()
 6 SYSTEMPATH\CodeIgniter.php(361): CodeIgniter\CodeIgniter->handleRequest(null, Object(Config\Cache), false)
 7 FCPATH\index.php(79): CodeIgniter\CodeIgniter->run()
 8 SYSTEMPATH\Commands\Server\rewrite.php(47): require_once('C:\\Users\\GABRIEL PANJAITAN\\Downloads\\CodeIgniter4-develop\\CodeIgniter4-develop\\public\\index.php')
