CRITICAL - 2023-12-13 06:01:31 --> Class "Codeigniter\Controller" not found
in APPPATH\Controllers\PenilaianPerusahaan.php on line 8.
 1 SYSTEMPATH\Autoloader\Autoloader.php(309): include_once()
 2 SYSTEMPATH\Autoloader\Autoloader.php(288): CodeIgniter\Autoloader\Autoloader->includeFile('C:\\Users\\GABRIEL PANJAITAN\\Downloads\\CodeIgniter4-develop\\TST-toko-material-toko-furnitur\\app\\Controllers\\PenilaianPerusahaan.php')
 3 SYSTEMPATH\Autoloader\Autoloader.php(266): CodeIgniter\Autoloader\Autoloader->loadInNamespace('App\\Controllers\\PenilaianPerusahaan')
 4 [internal function]: CodeIgniter\Autoloader\Autoloader->loadClass('App\\Controllers\\PenilaianPerusahaan')
 5 SYSTEMPATH\CodeIgniter.php(900): class_exists('\\App\\Controllers\\PenilaianPerusahaan', true)
 6 SYSTEMPATH\CodeIgniter.php(489): CodeIgniter\CodeIgniter->startController()
 7 SYSTEMPATH\CodeIgniter.php(361): CodeIgniter\CodeIgniter->handleRequest(null, Object(Config\Cache), false)
 8 FCPATH\index.php(79): CodeIgniter\CodeIgniter->run()
 9 SYSTEMPATH\Commands\Server\rewrite.php(47): require_once('C:\\Users\\GABRIEL PANJAITAN\\Downloads\\CodeIgniter4-develop\\TST-toko-material-toko-furnitur\\public\\index.php')
CRITICAL - 2023-12-13 06:17:44 --> Class "App\Controllers\PenilaianPerusahaan\BaseControllers" not found
in APPPATH\Controllers\PenilaianPerusahaan.php on line 8.
 1 SYSTEMPATH\Autoloader\Autoloader.php(309): include_once()
 2 SYSTEMPATH\Autoloader\Autoloader.php(288): CodeIgniter\Autoloader\Autoloader->includeFile('C:\\Users\\GABRIEL PANJAITAN\\Downloads\\CodeIgniter4-develop\\TST-toko-material-toko-furnitur\\app\\Controllers\\PenilaianPerusahaan.php')
 3 SYSTEMPATH\Autoloader\Autoloader.php(266): CodeIgniter\Autoloader\Autoloader->loadInNamespace('App\\Controllers\\PenilaianPerusahaan')
 4 [internal function]: CodeIgniter\Autoloader\Autoloader->loadClass('App\\Controllers\\PenilaianPerusahaan')
 5 SYSTEMPATH\CodeIgniter.php(900): class_exists('\\App\\Controllers\\PenilaianPerusahaan', true)
 6 SYSTEMPATH\CodeIgniter.php(489): CodeIgniter\CodeIgniter->startController()
 7 SYSTEMPATH\CodeIgniter.php(361): CodeIgniter\CodeIgniter->handleRequest(null, Object(Config\Cache), false)
 8 FCPATH\index.php(79): CodeIgniter\CodeIgniter->run()
 9 SYSTEMPATH\Commands\Server\rewrite.php(47): require_once('C:\\Users\\GABRIEL PANJAITAN\\Downloads\\CodeIgniter4-develop\\TST-toko-material-toko-furnitur\\public\\index.php')
CRITICAL - 2023-12-13 06:18:22 --> Class "App\Controllers\PenilaianPerusahaan\BaseController" not found
in APPPATH\Controllers\PenilaianPerusahaan.php on line 8.
 1 SYSTEMPATH\Autoloader\Autoloader.php(309): include_once()
 2 SYSTEMPATH\Autoloader\Autoloader.php(288): CodeIgniter\Autoloader\Autoloader->includeFile('C:\\Users\\GABRIEL PANJAITAN\\Downloads\\CodeIgniter4-develop\\TST-toko-material-toko-furnitur\\app\\Controllers\\PenilaianPerusahaan.php')
 3 SYSTEMPATH\Autoloader\Autoloader.php(266): CodeIgniter\Autoloader\Autoloader->loadInNamespace('App\\Controllers\\PenilaianPerusahaan')
 4 [internal function]: CodeIgniter\Autoloader\Autoloader->loadClass('App\\Controllers\\PenilaianPerusahaan')
 5 SYSTEMPATH\CodeIgniter.php(900): class_exists('\\App\\Controllers\\PenilaianPerusahaan', true)
 6 SYSTEMPATH\CodeIgniter.php(489): CodeIgniter\CodeIgniter->startController()
 7 SYSTEMPATH\CodeIgniter.php(361): CodeIgniter\CodeIgniter->handleRequest(null, Object(Config\Cache), false)
 8 FCPATH\index.php(79): CodeIgniter\CodeIgniter->run()
 9 SYSTEMPATH\Commands\Server\rewrite.php(47): require_once('C:\\Users\\GABRIEL PANJAITAN\\Downloads\\CodeIgniter4-develop\\TST-toko-material-toko-furnitur\\public\\index.php')
CRITICAL - 2023-12-13 14:58:01 --> Class "App\Model" not found
in APPPATH\Models\M_PenilaianPerusahaan.php on line 7.
 1 SYSTEMPATH\Autoloader\Autoloader.php(309): include_once()
 2 SYSTEMPATH\Autoloader\Autoloader.php(288): CodeIgniter\Autoloader\Autoloader->includeFile('C:\\Users\\GABRIEL PANJAITAN\\Downloads\\CodeIgniter4-develop\\TST-toko-material-toko-furnitur\\app\\Models\\M_PenilaianPerusahaan.php')
 3 SYSTEMPATH\Autoloader\Autoloader.php(266): CodeIgniter\Autoloader\Autoloader->loadInNamespace('App\\Models\\M_PenilaianPerusahaan')
 4 APPPATH\Controllers\PenilaianPerusahaan.php(12): CodeIgniter\Autoloader\Autoloader->loadClass('App\\Models\\M_PenilaianPerusahaan')
 5 SYSTEMPATH\CodeIgniter.php(942): App\Controllers\PenilaianPerusahaan->index()
 6 SYSTEMPATH\CodeIgniter.php(502): CodeIgniter\CodeIgniter->runController(Object(App\Controllers\PenilaianPerusahaan))
 7 SYSTEMPATH\CodeIgniter.php(361): CodeIgniter\CodeIgniter->handleRequest(null, Object(Config\Cache), false)
 8 FCPATH\index.php(79): CodeIgniter\CodeIgniter->run()
 9 SYSTEMPATH\Commands\Server\rewrite.php(47): require_once('C:\\Users\\GABRIEL PANJAITAN\\Downloads\\CodeIgniter4-develop\\TST-toko-material-toko-furnitur\\public\\index.php')
ERROR - 2023-12-13 14:59:10 --> Error connecting to the database: mysqli_sql_exception: Access denied for user 'root'@'localhost' (using password: NO) in C:\Users\GABRIEL PANJAITAN\Downloads\CodeIgniter4-develop\TST-toko-material-toko-furnitur\system\Database\MySQLi\Connection.php:184
Stack trace:
#0 C:\Users\GABRIEL PANJAITAN\Downloads\CodeIgniter4-develop\TST-toko-material-toko-furnitur\system\Database\MySQLi\Connection.php(184): mysqli->real_connect('localhost', 'root', Object(SensitiveParameterValue), 'tst_db', 3306, '', 0)
#1 C:\Users\GABRIEL PANJAITAN\Downloads\CodeIgniter4-develop\TST-toko-material-toko-furnitur\system\Database\BaseConnection.php(392): CodeIgniter\Database\MySQLi\Connection->connect(false)
#2 C:\Users\GABRIEL PANJAITAN\Downloads\CodeIgniter4-develop\TST-toko-material-toko-furnitur\system\Database\BaseConnection.php(575): CodeIgniter\Database\BaseConnection->initialize()
#3 C:\Users\GABRIEL PANJAITAN\Downloads\CodeIgniter4-develop\TST-toko-material-toko-furnitur\system\Database\BaseBuilder.php(1612): CodeIgniter\Database\BaseConnection->query('SELECT *\nFROM `...', Array, false)
#4 C:\Users\GABRIEL PANJAITAN\Downloads\CodeIgniter4-develop\TST-toko-material-toko-furnitur\system\Model.php(237): CodeIgniter\Database\BaseBuilder->get()
#5 C:\Users\GABRIEL PANJAITAN\Downloads\CodeIgniter4-develop\TST-toko-material-toko-furnitur\system\BaseModel.php(623): CodeIgniter\Model->doFindAll(0, 0)
#6 C:\Users\GABRIEL PANJAITAN\Downloads\CodeIgniter4-develop\TST-toko-material-toko-furnitur\app\Models\M_PenilaianPerusahaan.php(11): CodeIgniter\BaseModel->findAll()
#7 C:\Users\GABRIEL PANJAITAN\Downloads\CodeIgniter4-develop\TST-toko-material-toko-furnitur\app\Controllers\PenilaianPerusahaan.php(17): App\Models\M_PenilaianPerusahaan->getAllData()
#8 C:\Users\GABRIEL PANJAITAN\Downloads\CodeIgniter4-develop\TST-toko-material-toko-furnitur\system\CodeIgniter.php(942): App\Controllers\PenilaianPerusahaan->index()
#9 C:\Users\GABRIEL PANJAITAN\Downloads\CodeIgniter4-develop\TST-toko-material-toko-furnitur\system\CodeIgniter.php(502): CodeIgniter\CodeIgniter->runController(Object(App\Controllers\PenilaianPerusahaan))
#10 C:\Users\GABRIEL PANJAITAN\Downloads\CodeIgniter4-develop\TST-toko-material-toko-furnitur\system\CodeIgniter.php(361): CodeIgniter\CodeIgniter->handleRequest(NULL, Object(Config\Cache), false)
#11 C:\Users\GABRIEL PANJAITAN\Downloads\CodeIgniter4-develop\TST-toko-material-toko-furnitur\public\index.php(79): CodeIgniter\CodeIgniter->run()
#12 C:\Users\GABRIEL PANJAITAN\Downloads\CodeIgniter4-develop\TST-toko-material-toko-furnitur\system\Commands\Server\rewrite.php(47): require_once('C:\\Users\\GABRIE...')
#13 {main}

Next CodeIgniter\Database\Exceptions\DatabaseException: Access denied for user '****'@'localhost' (using password: NO) in C:\Users\GABRIEL PANJAITAN\Downloads\CodeIgniter4-develop\TST-toko-material-toko-furnitur\system\Database\MySQLi\Connection.php:229
Stack trace:
#0 C:\Users\GABRIEL PANJAITAN\Downloads\CodeIgniter4-develop\TST-toko-material-toko-furnitur\system\Database\BaseConnection.php(392): CodeIgniter\Database\MySQLi\Connection->connect(false)
#1 C:\Users\GABRIEL PANJAITAN\Downloads\CodeIgniter4-develop\TST-toko-material-toko-furnitur\system\Database\BaseConnection.php(575): CodeIgniter\Database\BaseConnection->initialize()
#2 C:\Users\GABRIEL PANJAITAN\Downloads\CodeIgniter4-develop\TST-toko-material-toko-furnitur\system\Database\BaseBuilder.php(1612): CodeIgniter\Database\BaseConnection->query('SELECT *\nFROM `...', Array, false)
#3 C:\Users\GABRIEL PANJAITAN\Downloads\CodeIgniter4-develop\TST-toko-material-toko-furnitur\system\Model.php(237): CodeIgniter\Database\BaseBuilder->get()
#4 C:\Users\GABRIEL PANJAITAN\Downloads\CodeIgniter4-develop\TST-toko-material-toko-furnitur\system\BaseModel.php(623): CodeIgniter\Model->doFindAll(0, 0)
#5 C:\Users\GABRIEL PANJAITAN\Downloads\CodeIgniter4-develop\TST-toko-material-toko-furnitur\app\Models\M_PenilaianPerusahaan.php(11): CodeIgniter\BaseModel->findAll()
#6 C:\Users\GABRIEL PANJAITAN\Downloads\CodeIgniter4-develop\TST-toko-material-toko-furnitur\app\Controllers\PenilaianPerusahaan.php(17): App\Models\M_PenilaianPerusahaan->getAllData()
#7 C:\Users\GABRIEL PANJAITAN\Downloads\CodeIgniter4-develop\TST-toko-material-toko-furnitur\system\CodeIgniter.php(942): App\Controllers\PenilaianPerusahaan->index()
#8 C:\Users\GABRIEL PANJAITAN\Downloads\CodeIgniter4-develop\TST-toko-material-toko-furnitur\system\CodeIgniter.php(502): CodeIgniter\CodeIgniter->runController(Object(App\Controllers\PenilaianPerusahaan))
#9 C:\Users\GABRIEL PANJAITAN\Downloads\CodeIgniter4-develop\TST-toko-material-toko-furnitur\system\CodeIgniter.php(361): CodeIgniter\CodeIgniter->handleRequest(NULL, Object(Config\Cache), false)
#10 C:\Users\GABRIEL PANJAITAN\Downloads\CodeIgniter4-develop\TST-toko-material-toko-furnitur\public\index.php(79): CodeIgniter\CodeIgniter->run()
#11 C:\Users\GABRIEL PANJAITAN\Downloads\CodeIgniter4-develop\TST-toko-material-toko-furnitur\system\Commands\Server\rewrite.php(47): require_once('C:\\Users\\GABRIE...')
#12 {main}
CRITICAL - 2023-12-13 14:59:10 --> Unable to connect to the database.
Main connection [MySQLi]: Access denied for user '****'@'localhost' (using password: NO)
in SYSTEMPATH\Database\BaseConnection.php on line 428.
 1 SYSTEMPATH\Database\BaseConnection.php(575): CodeIgniter\Database\BaseConnection->initialize()
 2 SYSTEMPATH\Database\BaseBuilder.php(1612): CodeIgniter\Database\BaseConnection->query('SELECT *
FROM `data_penilaian_kayu_dari_perusahaan`', [], false)
 3 SYSTEMPATH\Model.php(237): CodeIgniter\Database\BaseBuilder->get()
 4 SYSTEMPATH\BaseModel.php(623): CodeIgniter\Model->doFindAll(0, 0)
 5 APPPATH\Models\M_PenilaianPerusahaan.php(11): CodeIgniter\BaseModel->findAll()
 6 APPPATH\Controllers\PenilaianPerusahaan.php(17): App\Models\M_PenilaianPerusahaan->getAllData()
 7 SYSTEMPATH\CodeIgniter.php(942): App\Controllers\PenilaianPerusahaan->index()
 8 SYSTEMPATH\CodeIgniter.php(502): CodeIgniter\CodeIgniter->runController(Object(App\Controllers\PenilaianPerusahaan))
 9 SYSTEMPATH\CodeIgniter.php(361): CodeIgniter\CodeIgniter->handleRequest(null, Object(Config\Cache), false)
10 FCPATH\index.php(79): CodeIgniter\CodeIgniter->run()
11 SYSTEMPATH\Commands\Server\rewrite.php(47): require_once('C:\\Users\\GABRIEL PANJAITAN\\Downloads\\CodeIgniter4-develop\\TST-toko-material-toko-furnitur\\public\\index.php')
ERROR - 2023-12-13 15:00:11 --> Error connecting to the database: mysqli_sql_exception: Access denied for user 'root'@'localhost' (using password: NO) in C:\Users\GABRIEL PANJAITAN\Downloads\CodeIgniter4-develop\TST-toko-material-toko-furnitur\system\Database\MySQLi\Connection.php:184
Stack trace:
#0 C:\Users\GABRIEL PANJAITAN\Downloads\CodeIgniter4-develop\TST-toko-material-toko-furnitur\system\Database\MySQLi\Connection.php(184): mysqli->real_connect('localhost', 'root', Object(SensitiveParameterValue), 'tsttokomaterial', 3306, '', 0)
#1 C:\Users\GABRIEL PANJAITAN\Downloads\CodeIgniter4-develop\TST-toko-material-toko-furnitur\system\Database\BaseConnection.php(392): CodeIgniter\Database\MySQLi\Connection->connect(false)
#2 C:\Users\GABRIEL PANJAITAN\Downloads\CodeIgniter4-develop\TST-toko-material-toko-furnitur\system\Database\BaseConnection.php(575): CodeIgniter\Database\BaseConnection->initialize()
#3 C:\Users\GABRIEL PANJAITAN\Downloads\CodeIgniter4-develop\TST-toko-material-toko-furnitur\system\Database\BaseBuilder.php(1612): CodeIgniter\Database\BaseConnection->query('SELECT *\nFROM `...', Array, false)
#4 C:\Users\GABRIEL PANJAITAN\Downloads\CodeIgniter4-develop\TST-toko-material-toko-furnitur\system\Model.php(237): CodeIgniter\Database\BaseBuilder->get()
#5 C:\Users\GABRIEL PANJAITAN\Downloads\CodeIgniter4-develop\TST-toko-material-toko-furnitur\system\BaseModel.php(623): CodeIgniter\Model->doFindAll(0, 0)
#6 C:\Users\GABRIEL PANJAITAN\Downloads\CodeIgniter4-develop\TST-toko-material-toko-furnitur\app\Models\M_PenilaianPerusahaan.php(11): CodeIgniter\BaseModel->findAll()
#7 C:\Users\GABRIEL PANJAITAN\Downloads\CodeIgniter4-develop\TST-toko-material-toko-furnitur\app\Controllers\PenilaianPerusahaan.php(17): App\Models\M_PenilaianPerusahaan->getAllData()
#8 C:\Users\GABRIEL PANJAITAN\Downloads\CodeIgniter4-develop\TST-toko-material-toko-furnitur\system\CodeIgniter.php(942): App\Controllers\PenilaianPerusahaan->index()
#9 C:\Users\GABRIEL PANJAITAN\Downloads\CodeIgniter4-develop\TST-toko-material-toko-furnitur\system\CodeIgniter.php(502): CodeIgniter\CodeIgniter->runController(Object(App\Controllers\PenilaianPerusahaan))
#10 C:\Users\GABRIEL PANJAITAN\Downloads\CodeIgniter4-develop\TST-toko-material-toko-furnitur\system\CodeIgniter.php(361): CodeIgniter\CodeIgniter->handleRequest(NULL, Object(Config\Cache), false)
#11 C:\Users\GABRIEL PANJAITAN\Downloads\CodeIgniter4-develop\TST-toko-material-toko-furnitur\public\index.php(79): CodeIgniter\CodeIgniter->run()
#12 C:\Users\GABRIEL PANJAITAN\Downloads\CodeIgniter4-develop\TST-toko-material-toko-furnitur\system\Commands\Server\rewrite.php(47): require_once('C:\\Users\\GABRIE...')
#13 {main}

Next CodeIgniter\Database\Exceptions\DatabaseException: Access denied for user '****'@'localhost' (using password: NO) in C:\Users\GABRIEL PANJAITAN\Downloads\CodeIgniter4-develop\TST-toko-material-toko-furnitur\system\Database\MySQLi\Connection.php:229
Stack trace:
#0 C:\Users\GABRIEL PANJAITAN\Downloads\CodeIgniter4-develop\TST-toko-material-toko-furnitur\system\Database\BaseConnection.php(392): CodeIgniter\Database\MySQLi\Connection->connect(false)
#1 C:\Users\GABRIEL PANJAITAN\Downloads\CodeIgniter4-develop\TST-toko-material-toko-furnitur\system\Database\BaseConnection.php(575): CodeIgniter\Database\BaseConnection->initialize()
#2 C:\Users\GABRIEL PANJAITAN\Downloads\CodeIgniter4-develop\TST-toko-material-toko-furnitur\system\Database\BaseBuilder.php(1612): CodeIgniter\Database\BaseConnection->query('SELECT *\nFROM `...', Array, false)
#3 C:\Users\GABRIEL PANJAITAN\Downloads\CodeIgniter4-develop\TST-toko-material-toko-furnitur\system\Model.php(237): CodeIgniter\Database\BaseBuilder->get()
#4 C:\Users\GABRIEL PANJAITAN\Downloads\CodeIgniter4-develop\TST-toko-material-toko-furnitur\system\BaseModel.php(623): CodeIgniter\Model->doFindAll(0, 0)
#5 C:\Users\GABRIEL PANJAITAN\Downloads\CodeIgniter4-develop\TST-toko-material-toko-furnitur\app\Models\M_PenilaianPerusahaan.php(11): CodeIgniter\BaseModel->findAll()
#6 C:\Users\GABRIEL PANJAITAN\Downloads\CodeIgniter4-develop\TST-toko-material-toko-furnitur\app\Controllers\PenilaianPerusahaan.php(17): App\Models\M_PenilaianPerusahaan->getAllData()
#7 C:\Users\GABRIEL PANJAITAN\Downloads\CodeIgniter4-develop\TST-toko-material-toko-furnitur\system\CodeIgniter.php(942): App\Controllers\PenilaianPerusahaan->index()
#8 C:\Users\GABRIEL PANJAITAN\Downloads\CodeIgniter4-develop\TST-toko-material-toko-furnitur\system\CodeIgniter.php(502): CodeIgniter\CodeIgniter->runController(Object(App\Controllers\PenilaianPerusahaan))
#9 C:\Users\GABRIEL PANJAITAN\Downloads\CodeIgniter4-develop\TST-toko-material-toko-furnitur\system\CodeIgniter.php(361): CodeIgniter\CodeIgniter->handleRequest(NULL, Object(Config\Cache), false)
#10 C:\Users\GABRIEL PANJAITAN\Downloads\CodeIgniter4-develop\TST-toko-material-toko-furnitur\public\index.php(79): CodeIgniter\CodeIgniter->run()
#11 C:\Users\GABRIEL PANJAITAN\Downloads\CodeIgniter4-develop\TST-toko-material-toko-furnitur\system\Commands\Server\rewrite.php(47): require_once('C:\\Users\\GABRIE...')
#12 {main}
CRITICAL - 2023-12-13 15:00:11 --> Unable to connect to the database.
Main connection [MySQLi]: Access denied for user '****'@'localhost' (using password: NO)
in SYSTEMPATH\Database\BaseConnection.php on line 428.
 1 SYSTEMPATH\Database\BaseConnection.php(575): CodeIgniter\Database\BaseConnection->initialize()
 2 SYSTEMPATH\Database\BaseBuilder.php(1612): CodeIgniter\Database\BaseConnection->query('SELECT *
FROM `data_penilaian_kayu_dari_perusahaan`', [], false)
 3 SYSTEMPATH\Model.php(237): CodeIgniter\Database\BaseBuilder->get()
 4 SYSTEMPATH\BaseModel.php(623): CodeIgniter\Model->doFindAll(0, 0)
 5 APPPATH\Models\M_PenilaianPerusahaan.php(11): CodeIgniter\BaseModel->findAll()
 6 APPPATH\Controllers\PenilaianPerusahaan.php(17): App\Models\M_PenilaianPerusahaan->getAllData()
 7 SYSTEMPATH\CodeIgniter.php(942): App\Controllers\PenilaianPerusahaan->index()
 8 SYSTEMPATH\CodeIgniter.php(502): CodeIgniter\CodeIgniter->runController(Object(App\Controllers\PenilaianPerusahaan))
 9 SYSTEMPATH\CodeIgniter.php(361): CodeIgniter\CodeIgniter->handleRequest(null, Object(Config\Cache), false)
10 FCPATH\index.php(79): CodeIgniter\CodeIgniter->run()
11 SYSTEMPATH\Commands\Server\rewrite.php(47): require_once('C:\\Users\\GABRIEL PANJAITAN\\Downloads\\CodeIgniter4-develop\\TST-toko-material-toko-furnitur\\public\\index.php')
ERROR - 2023-12-13 15:11:37 --> mysqli_sql_exception: Table 'tsttokomaterial.data_penilaian_kayu_dari_perusahaan' doesn't exist in C:\Users\GABRIEL PANJAITAN\Downloads\CodeIgniter4-develop\TST-toko-material-toko-furnitur\system\Database\MySQLi\Connection.php:306
Stack trace:
#0 C:\Users\GABRIEL PANJAITAN\Downloads\CodeIgniter4-develop\TST-toko-material-toko-furnitur\system\Database\MySQLi\Connection.php(306): mysqli->query('SELECT *\nFROM `...', 0)
#1 C:\Users\GABRIEL PANJAITAN\Downloads\CodeIgniter4-develop\TST-toko-material-toko-furnitur\system\Database\BaseConnection.php(693): CodeIgniter\Database\MySQLi\Connection->execute('SELECT *\nFROM `...')
#2 C:\Users\GABRIEL PANJAITAN\Downloads\CodeIgniter4-develop\TST-toko-material-toko-furnitur\system\Database\BaseConnection.php(607): CodeIgniter\Database\BaseConnection->simpleQuery('SELECT *\nFROM `...')
#3 C:\Users\GABRIEL PANJAITAN\Downloads\CodeIgniter4-develop\TST-toko-material-toko-furnitur\system\Database\BaseBuilder.php(1612): CodeIgniter\Database\BaseConnection->query('SELECT *\nFROM `...', Array, false)
#4 C:\Users\GABRIEL PANJAITAN\Downloads\CodeIgniter4-develop\TST-toko-material-toko-furnitur\system\Model.php(237): CodeIgniter\Database\BaseBuilder->get()
#5 C:\Users\GABRIEL PANJAITAN\Downloads\CodeIgniter4-develop\TST-toko-material-toko-furnitur\system\BaseModel.php(623): CodeIgniter\Model->doFindAll(0, 0)
#6 C:\Users\GABRIEL PANJAITAN\Downloads\CodeIgniter4-develop\TST-toko-material-toko-furnitur\app\Models\M_PenilaianPerusahaan.php(11): CodeIgniter\BaseModel->findAll()
#7 C:\Users\GABRIEL PANJAITAN\Downloads\CodeIgniter4-develop\TST-toko-material-toko-furnitur\app\Controllers\PenilaianPerusahaan.php(17): App\Models\M_PenilaianPerusahaan->getAllData()
#8 C:\Users\GABRIEL PANJAITAN\Downloads\CodeIgniter4-develop\TST-toko-material-toko-furnitur\system\CodeIgniter.php(942): App\Controllers\PenilaianPerusahaan->index()
#9 C:\Users\GABRIEL PANJAITAN\Downloads\CodeIgniter4-develop\TST-toko-material-toko-furnitur\system\CodeIgniter.php(502): CodeIgniter\CodeIgniter->runController(Object(App\Controllers\PenilaianPerusahaan))
#10 C:\Users\GABRIEL PANJAITAN\Downloads\CodeIgniter4-develop\TST-toko-material-toko-furnitur\system\CodeIgniter.php(361): CodeIgniter\CodeIgniter->handleRequest(NULL, Object(Config\Cache), false)
#11 C:\Users\GABRIEL PANJAITAN\Downloads\CodeIgniter4-develop\TST-toko-material-toko-furnitur\public\index.php(79): CodeIgniter\CodeIgniter->run()
#12 C:\Users\GABRIEL PANJAITAN\Downloads\CodeIgniter4-develop\TST-toko-material-toko-furnitur\system\Commands\Server\rewrite.php(47): require_once('C:\\Users\\GABRIE...')
#13 {main}
CRITICAL - 2023-12-13 15:11:37 --> Table 'tsttokomaterial.data_penilaian_kayu_dari_perusahaan' doesn't exist
in SYSTEMPATH\Database\BaseConnection.php on line 647.
 1 SYSTEMPATH\Database\BaseBuilder.php(1612): CodeIgniter\Database\BaseConnection->query('SELECT *
FROM `data_penilaian_kayu_dari_perusahaan`', [], false)
 2 SYSTEMPATH\Model.php(237): CodeIgniter\Database\BaseBuilder->get()
 3 SYSTEMPATH\BaseModel.php(623): CodeIgniter\Model->doFindAll(0, 0)
 4 APPPATH\Models\M_PenilaianPerusahaan.php(11): CodeIgniter\BaseModel->findAll()
 5 APPPATH\Controllers\PenilaianPerusahaan.php(17): App\Models\M_PenilaianPerusahaan->getAllData()
 6 SYSTEMPATH\CodeIgniter.php(942): App\Controllers\PenilaianPerusahaan->index()
 7 SYSTEMPATH\CodeIgniter.php(502): CodeIgniter\CodeIgniter->runController(Object(App\Controllers\PenilaianPerusahaan))
 8 SYSTEMPATH\CodeIgniter.php(361): CodeIgniter\CodeIgniter->handleRequest(null, Object(Config\Cache), false)
 9 FCPATH\index.php(79): CodeIgniter\CodeIgniter->run()
10 SYSTEMPATH\Commands\Server\rewrite.php(47): require_once('C:\\Users\\GABRIEL PANJAITAN\\Downloads\\CodeIgniter4-develop\\TST-toko-material-toko-furnitur\\public\\index.php')
ERROR - 2023-12-13 15:13:06 --> mysqli_sql_exception: Table 'tsttokomaterial.data penilaian kayu dari' doesn't exist in C:\Users\GABRIEL PANJAITAN\Downloads\CodeIgniter4-develop\TST-toko-material-toko-furnitur\system\Database\MySQLi\Connection.php:306
Stack trace:
#0 C:\Users\GABRIEL PANJAITAN\Downloads\CodeIgniter4-develop\TST-toko-material-toko-furnitur\system\Database\MySQLi\Connection.php(306): mysqli->query('SELECT *\nFROM `...', 0)
#1 C:\Users\GABRIEL PANJAITAN\Downloads\CodeIgniter4-develop\TST-toko-material-toko-furnitur\system\Database\BaseConnection.php(693): CodeIgniter\Database\MySQLi\Connection->execute('SELECT *\nFROM `...')
#2 C:\Users\GABRIEL PANJAITAN\Downloads\CodeIgniter4-develop\TST-toko-material-toko-furnitur\system\Database\BaseConnection.php(607): CodeIgniter\Database\BaseConnection->simpleQuery('SELECT *\nFROM `...')
#3 C:\Users\GABRIEL PANJAITAN\Downloads\CodeIgniter4-develop\TST-toko-material-toko-furnitur\system\Database\BaseBuilder.php(1612): CodeIgniter\Database\BaseConnection->query('SELECT *\nFROM `...', Array, false)
#4 C:\Users\GABRIEL PANJAITAN\Downloads\CodeIgniter4-develop\TST-toko-material-toko-furnitur\system\Model.php(237): CodeIgniter\Database\BaseBuilder->get()
#5 C:\Users\GABRIEL PANJAITAN\Downloads\CodeIgniter4-develop\TST-toko-material-toko-furnitur\system\BaseModel.php(623): CodeIgniter\Model->doFindAll(0, 0)
#6 C:\Users\GABRIEL PANJAITAN\Downloads\CodeIgniter4-develop\TST-toko-material-toko-furnitur\app\Models\M_PenilaianPerusahaan.php(11): CodeIgniter\BaseModel->findAll()
#7 C:\Users\GABRIEL PANJAITAN\Downloads\CodeIgniter4-develop\TST-toko-material-toko-furnitur\app\Controllers\PenilaianPerusahaan.php(17): App\Models\M_PenilaianPerusahaan->getAllData()
#8 C:\Users\GABRIEL PANJAITAN\Downloads\CodeIgniter4-develop\TST-toko-material-toko-furnitur\system\CodeIgniter.php(942): App\Controllers\PenilaianPerusahaan->index()
#9 C:\Users\GABRIEL PANJAITAN\Downloads\CodeIgniter4-develop\TST-toko-material-toko-furnitur\system\CodeIgniter.php(502): CodeIgniter\CodeIgniter->runController(Object(App\Controllers\PenilaianPerusahaan))
#10 C:\Users\GABRIEL PANJAITAN\Downloads\CodeIgniter4-develop\TST-toko-material-toko-furnitur\system\CodeIgniter.php(361): CodeIgniter\CodeIgniter->handleRequest(NULL, Object(Config\Cache), false)
#11 C:\Users\GABRIEL PANJAITAN\Downloads\CodeIgniter4-develop\TST-toko-material-toko-furnitur\public\index.php(79): CodeIgniter\CodeIgniter->run()
#12 C:\Users\GABRIEL PANJAITAN\Downloads\CodeIgniter4-develop\TST-toko-material-toko-furnitur\system\Commands\Server\rewrite.php(47): require_once('C:\\Users\\GABRIE...')
#13 {main}
CRITICAL - 2023-12-13 15:13:06 --> Table 'tsttokomaterial.data penilaian kayu dari' doesn't exist
in SYSTEMPATH\Database\BaseConnection.php on line 647.
 1 SYSTEMPATH\Database\BaseBuilder.php(1612): CodeIgniter\Database\BaseConnection->query('SELECT *
FROM `data penilaian kayu dari` `perusahaan`', [], false)
 2 SYSTEMPATH\Model.php(237): CodeIgniter\Database\BaseBuilder->get()
 3 SYSTEMPATH\BaseModel.php(623): CodeIgniter\Model->doFindAll(0, 0)
 4 APPPATH\Models\M_PenilaianPerusahaan.php(11): CodeIgniter\BaseModel->findAll()
 5 APPPATH\Controllers\PenilaianPerusahaan.php(17): App\Models\M_PenilaianPerusahaan->getAllData()
 6 SYSTEMPATH\CodeIgniter.php(942): App\Controllers\PenilaianPerusahaan->index()
 7 SYSTEMPATH\CodeIgniter.php(502): CodeIgniter\CodeIgniter->runController(Object(App\Controllers\PenilaianPerusahaan))
 8 SYSTEMPATH\CodeIgniter.php(361): CodeIgniter\CodeIgniter->handleRequest(null, Object(Config\Cache), false)
 9 FCPATH\index.php(79): CodeIgniter\CodeIgniter->run()
10 SYSTEMPATH\Commands\Server\rewrite.php(47): require_once('C:\\Users\\GABRIEL PANJAITAN\\Downloads\\CodeIgniter4-develop\\TST-toko-material-toko-furnitur\\public\\index.php')
ERROR - 2023-12-13 15:31:56 --> Error connecting to the database: mysqli_sql_exception: No connection could be made because the target machine actively refused it in C:\Users\GABRIEL PANJAITAN\Downloads\CodeIgniter4-develop\TST-toko-material-toko-furnitur\system\Database\MySQLi\Connection.php:184
Stack trace:
#0 C:\Users\GABRIEL PANJAITAN\Downloads\CodeIgniter4-develop\TST-toko-material-toko-furnitur\system\Database\MySQLi\Connection.php(184): mysqli->real_connect('localhost', 'root', Object(SensitiveParameterValue), 'tsttokomaterial', 3308, '', 0)
#1 C:\Users\GABRIEL PANJAITAN\Downloads\CodeIgniter4-develop\TST-toko-material-toko-furnitur\system\Database\BaseConnection.php(392): CodeIgniter\Database\MySQLi\Connection->connect(false)
#2 C:\Users\GABRIEL PANJAITAN\Downloads\CodeIgniter4-develop\TST-toko-material-toko-furnitur\system\Database\BaseConnection.php(575): CodeIgniter\Database\BaseConnection->initialize()
#3 C:\Users\GABRIEL PANJAITAN\Downloads\CodeIgniter4-develop\TST-toko-material-toko-furnitur\system\Database\BaseBuilder.php(1612): CodeIgniter\Database\BaseConnection->query('SELECT *\nFROM `...', Array, false)
#4 C:\Users\GABRIEL PANJAITAN\Downloads\CodeIgniter4-develop\TST-toko-material-toko-furnitur\system\Model.php(237): CodeIgniter\Database\BaseBuilder->get()
#5 C:\Users\GABRIEL PANJAITAN\Downloads\CodeIgniter4-develop\TST-toko-material-toko-furnitur\system\BaseModel.php(623): CodeIgniter\Model->doFindAll(0, 0)
#6 C:\Users\GABRIEL PANJAITAN\Downloads\CodeIgniter4-develop\TST-toko-material-toko-furnitur\app\Models\M_PenilaianPerusahaan.php(11): CodeIgniter\BaseModel->findAll()
#7 C:\Users\GABRIEL PANJAITAN\Downloads\CodeIgniter4-develop\TST-toko-material-toko-furnitur\app\Controllers\PenilaianPerusahaan.php(17): App\Models\M_PenilaianPerusahaan->getAllData()
#8 C:\Users\GABRIEL PANJAITAN\Downloads\CodeIgniter4-develop\TST-toko-material-toko-furnitur\system\CodeIgniter.php(942): App\Controllers\PenilaianPerusahaan->index()
#9 C:\Users\GABRIEL PANJAITAN\Downloads\CodeIgniter4-develop\TST-toko-material-toko-furnitur\system\CodeIgniter.php(502): CodeIgniter\CodeIgniter->runController(Object(App\Controllers\PenilaianPerusahaan))
#10 C:\Users\GABRIEL PANJAITAN\Downloads\CodeIgniter4-develop\TST-toko-material-toko-furnitur\system\CodeIgniter.php(361): CodeIgniter\CodeIgniter->handleRequest(NULL, Object(Config\Cache), false)
#11 C:\Users\GABRIEL PANJAITAN\Downloads\CodeIgniter4-develop\TST-toko-material-toko-furnitur\public\index.php(79): CodeIgniter\CodeIgniter->run()
#12 C:\Users\GABRIEL PANJAITAN\Downloads\CodeIgniter4-develop\TST-toko-material-toko-furnitur\system\Commands\Server\rewrite.php(47): require_once('C:\\Users\\GABRIE...')
#13 {main}

Next CodeIgniter\Database\Exceptions\DatabaseException: No connection could be made because the target machine actively refused it in C:\Users\GABRIEL PANJAITAN\Downloads\CodeIgniter4-develop\TST-toko-material-toko-furnitur\system\Database\MySQLi\Connection.php:229
Stack trace:
#0 C:\Users\GABRIEL PANJAITAN\Downloads\CodeIgniter4-develop\TST-toko-material-toko-furnitur\system\Database\BaseConnection.php(392): CodeIgniter\Database\MySQLi\Connection->connect(false)
#1 C:\Users\GABRIEL PANJAITAN\Downloads\CodeIgniter4-develop\TST-toko-material-toko-furnitur\system\Database\BaseConnection.php(575): CodeIgniter\Database\BaseConnection->initialize()
#2 C:\Users\GABRIEL PANJAITAN\Downloads\CodeIgniter4-develop\TST-toko-material-toko-furnitur\system\Database\BaseBuilder.php(1612): CodeIgniter\Database\BaseConnection->query('SELECT *\nFROM `...', Array, false)
#3 C:\Users\GABRIEL PANJAITAN\Downloads\CodeIgniter4-develop\TST-toko-material-toko-furnitur\system\Model.php(237): CodeIgniter\Database\BaseBuilder->get()
#4 C:\Users\GABRIEL PANJAITAN\Downloads\CodeIgniter4-develop\TST-toko-material-toko-furnitur\system\BaseModel.php(623): CodeIgniter\Model->doFindAll(0, 0)
#5 C:\Users\GABRIEL PANJAITAN\Downloads\CodeIgniter4-develop\TST-toko-material-toko-furnitur\app\Models\M_PenilaianPerusahaan.php(11): CodeIgniter\BaseModel->findAll()
#6 C:\Users\GABRIEL PANJAITAN\Downloads\CodeIgniter4-develop\TST-toko-material-toko-furnitur\app\Controllers\PenilaianPerusahaan.php(17): App\Models\M_PenilaianPerusahaan->getAllData()
#7 C:\Users\GABRIEL PANJAITAN\Downloads\CodeIgniter4-develop\TST-toko-material-toko-furnitur\system\CodeIgniter.php(942): App\Controllers\PenilaianPerusahaan->index()
#8 C:\Users\GABRIEL PANJAITAN\Downloads\CodeIgniter4-develop\TST-toko-material-toko-furnitur\system\CodeIgniter.php(502): CodeIgniter\CodeIgniter->runController(Object(App\Controllers\PenilaianPerusahaan))
#9 C:\Users\GABRIEL PANJAITAN\Downloads\CodeIgniter4-develop\TST-toko-material-toko-furnitur\system\CodeIgniter.php(361): CodeIgniter\CodeIgniter->handleRequest(NULL, Object(Config\Cache), false)
#10 C:\Users\GABRIEL PANJAITAN\Downloads\CodeIgniter4-develop\TST-toko-material-toko-furnitur\public\index.php(79): CodeIgniter\CodeIgniter->run()
#11 C:\Users\GABRIEL PANJAITAN\Downloads\CodeIgniter4-develop\TST-toko-material-toko-furnitur\system\Commands\Server\rewrite.php(47): require_once('C:\\Users\\GABRIE...')
#12 {main}
CRITICAL - 2023-12-13 15:31:56 --> Unable to connect to the database.
Main connection [MySQLi]: No connection could be made because the target machine actively refused it
in SYSTEMPATH\Database\BaseConnection.php on line 428.
 1 SYSTEMPATH\Database\BaseConnection.php(575): CodeIgniter\Database\BaseConnection->initialize()
 2 SYSTEMPATH\Database\BaseBuilder.php(1612): CodeIgniter\Database\BaseConnection->query('SELECT *
FROM `data_penilaian_kayu_dari_perusahaan`', [], false)
 3 SYSTEMPATH\Model.php(237): CodeIgniter\Database\BaseBuilder->get()
 4 SYSTEMPATH\BaseModel.php(623): CodeIgniter\Model->doFindAll(0, 0)
 5 APPPATH\Models\M_PenilaianPerusahaan.php(11): CodeIgniter\BaseModel->findAll()
 6 APPPATH\Controllers\PenilaianPerusahaan.php(17): App\Models\M_PenilaianPerusahaan->getAllData()
 7 SYSTEMPATH\CodeIgniter.php(942): App\Controllers\PenilaianPerusahaan->index()
 8 SYSTEMPATH\CodeIgniter.php(502): CodeIgniter\CodeIgniter->runController(Object(App\Controllers\PenilaianPerusahaan))
 9 SYSTEMPATH\CodeIgniter.php(361): CodeIgniter\CodeIgniter->handleRequest(null, Object(Config\Cache), false)
10 FCPATH\index.php(79): CodeIgniter\CodeIgniter->run()
11 SYSTEMPATH\Commands\Server\rewrite.php(47): require_once('C:\\Users\\GABRIEL PANJAITAN\\Downloads\\CodeIgniter4-develop\\TST-toko-material-toko-furnitur\\public\\index.php')
ERROR - 2023-12-13 15:34:16 --> Error connecting to the database: mysqli_sql_exception: No connection could be made because the target machine actively refused it in C:\Users\GABRIEL PANJAITAN\Downloads\CodeIgniter4-develop\TST-toko-material-toko-furnitur\system\Database\MySQLi\Connection.php:184
Stack trace:
#0 C:\Users\GABRIEL PANJAITAN\Downloads\CodeIgniter4-develop\TST-toko-material-toko-furnitur\system\Database\MySQLi\Connection.php(184): mysqli->real_connect('localhost', 'root', Object(SensitiveParameterValue), 'tsttokomaterial', 3308, '', 0)
#1 C:\Users\GABRIEL PANJAITAN\Downloads\CodeIgniter4-develop\TST-toko-material-toko-furnitur\system\Database\BaseConnection.php(392): CodeIgniter\Database\MySQLi\Connection->connect(false)
#2 C:\Users\GABRIEL PANJAITAN\Downloads\CodeIgniter4-develop\TST-toko-material-toko-furnitur\system\Database\BaseConnection.php(575): CodeIgniter\Database\BaseConnection->initialize()
#3 C:\Users\GABRIEL PANJAITAN\Downloads\CodeIgniter4-develop\TST-toko-material-toko-furnitur\system\Database\BaseBuilder.php(1612): CodeIgniter\Database\BaseConnection->query('SELECT *\nFROM `...', Array, false)
#4 C:\Users\GABRIEL PANJAITAN\Downloads\CodeIgniter4-develop\TST-toko-material-toko-furnitur\system\Model.php(237): CodeIgniter\Database\BaseBuilder->get()
#5 C:\Users\GABRIEL PANJAITAN\Downloads\CodeIgniter4-develop\TST-toko-material-toko-furnitur\system\BaseModel.php(623): CodeIgniter\Model->doFindAll(0, 0)
#6 C:\Users\GABRIEL PANJAITAN\Downloads\CodeIgniter4-develop\TST-toko-material-toko-furnitur\app\Models\M_PenilaianPerusahaan.php(11): CodeIgniter\BaseModel->findAll()
#7 C:\Users\GABRIEL PANJAITAN\Downloads\CodeIgniter4-develop\TST-toko-material-toko-furnitur\app\Controllers\PenilaianPerusahaan.php(17): App\Models\M_PenilaianPerusahaan->getAllData()
#8 C:\Users\GABRIEL PANJAITAN\Downloads\CodeIgniter4-develop\TST-toko-material-toko-furnitur\system\CodeIgniter.php(942): App\Controllers\PenilaianPerusahaan->index()
#9 C:\Users\GABRIEL PANJAITAN\Downloads\CodeIgniter4-develop\TST-toko-material-toko-furnitur\system\CodeIgniter.php(502): CodeIgniter\CodeIgniter->runController(Object(App\Controllers\PenilaianPerusahaan))
#10 C:\Users\GABRIEL PANJAITAN\Downloads\CodeIgniter4-develop\TST-toko-material-toko-furnitur\system\CodeIgniter.php(361): CodeIgniter\CodeIgniter->handleRequest(NULL, Object(Config\Cache), false)
#11 C:\Users\GABRIEL PANJAITAN\Downloads\CodeIgniter4-develop\TST-toko-material-toko-furnitur\public\index.php(79): CodeIgniter\CodeIgniter->run()
#12 C:\Users\GABRIEL PANJAITAN\Downloads\CodeIgniter4-develop\TST-toko-material-toko-furnitur\system\Commands\Server\rewrite.php(47): require_once('C:\\Users\\GABRIE...')
#13 {main}

Next CodeIgniter\Database\Exceptions\DatabaseException: No connection could be made because the target machine actively refused it in C:\Users\GABRIEL PANJAITAN\Downloads\CodeIgniter4-develop\TST-toko-material-toko-furnitur\system\Database\MySQLi\Connection.php:229
Stack trace:
#0 C:\Users\GABRIEL PANJAITAN\Downloads\CodeIgniter4-develop\TST-toko-material-toko-furnitur\system\Database\BaseConnection.php(392): CodeIgniter\Database\MySQLi\Connection->connect(false)
#1 C:\Users\GABRIEL PANJAITAN\Downloads\CodeIgniter4-develop\TST-toko-material-toko-furnitur\system\Database\BaseConnection.php(575): CodeIgniter\Database\BaseConnection->initialize()
#2 C:\Users\GABRIEL PANJAITAN\Downloads\CodeIgniter4-develop\TST-toko-material-toko-furnitur\system\Database\BaseBuilder.php(1612): CodeIgniter\Database\BaseConnection->query('SELECT *\nFROM `...', Array, false)
#3 C:\Users\GABRIEL PANJAITAN\Downloads\CodeIgniter4-develop\TST-toko-material-toko-furnitur\system\Model.php(237): CodeIgniter\Database\BaseBuilder->get()
#4 C:\Users\GABRIEL PANJAITAN\Downloads\CodeIgniter4-develop\TST-toko-material-toko-furnitur\system\BaseModel.php(623): CodeIgniter\Model->doFindAll(0, 0)
#5 C:\Users\GABRIEL PANJAITAN\Downloads\CodeIgniter4-develop\TST-toko-material-toko-furnitur\app\Models\M_PenilaianPerusahaan.php(11): CodeIgniter\BaseModel->findAll()
#6 C:\Users\GABRIEL PANJAITAN\Downloads\CodeIgniter4-develop\TST-toko-material-toko-furnitur\app\Controllers\PenilaianPerusahaan.php(17): App\Models\M_PenilaianPerusahaan->getAllData()
#7 C:\Users\GABRIEL PANJAITAN\Downloads\CodeIgniter4-develop\TST-toko-material-toko-furnitur\system\CodeIgniter.php(942): App\Controllers\PenilaianPerusahaan->index()
#8 C:\Users\GABRIEL PANJAITAN\Downloads\CodeIgniter4-develop\TST-toko-material-toko-furnitur\system\CodeIgniter.php(502): CodeIgniter\CodeIgniter->runController(Object(App\Controllers\PenilaianPerusahaan))
#9 C:\Users\GABRIEL PANJAITAN\Downloads\CodeIgniter4-develop\TST-toko-material-toko-furnitur\system\CodeIgniter.php(361): CodeIgniter\CodeIgniter->handleRequest(NULL, Object(Config\Cache), false)
#10 C:\Users\GABRIEL PANJAITAN\Downloads\CodeIgniter4-develop\TST-toko-material-toko-furnitur\public\index.php(79): CodeIgniter\CodeIgniter->run()
#11 C:\Users\GABRIEL PANJAITAN\Downloads\CodeIgniter4-develop\TST-toko-material-toko-furnitur\system\Commands\Server\rewrite.php(47): require_once('C:\\Users\\GABRIE...')
#12 {main}
CRITICAL - 2023-12-13 15:34:16 --> Unable to connect to the database.
Main connection [MySQLi]: No connection could be made because the target machine actively refused it
in SYSTEMPATH\Database\BaseConnection.php on line 428.
 1 SYSTEMPATH\Database\BaseConnection.php(575): CodeIgniter\Database\BaseConnection->initialize()
 2 SYSTEMPATH\Database\BaseBuilder.php(1612): CodeIgniter\Database\BaseConnection->query('SELECT *
FROM `data_penilaian_kayu_dari_perusahaan`', [], false)
 3 SYSTEMPATH\Model.php(237): CodeIgniter\Database\BaseBuilder->get()
 4 SYSTEMPATH\BaseModel.php(623): CodeIgniter\Model->doFindAll(0, 0)
 5 APPPATH\Models\M_PenilaianPerusahaan.php(11): CodeIgniter\BaseModel->findAll()
 6 APPPATH\Controllers\PenilaianPerusahaan.php(17): App\Models\M_PenilaianPerusahaan->getAllData()
 7 SYSTEMPATH\CodeIgniter.php(942): App\Controllers\PenilaianPerusahaan->index()
 8 SYSTEMPATH\CodeIgniter.php(502): CodeIgniter\CodeIgniter->runController(Object(App\Controllers\PenilaianPerusahaan))
 9 SYSTEMPATH\CodeIgniter.php(361): CodeIgniter\CodeIgniter->handleRequest(null, Object(Config\Cache), false)
10 FCPATH\index.php(79): CodeIgniter\CodeIgniter->run()
11 SYSTEMPATH\Commands\Server\rewrite.php(47): require_once('C:\\Users\\GABRIEL PANJAITAN\\Downloads\\CodeIgniter4-develop\\TST-toko-material-toko-furnitur\\public\\index.php')
ERROR - 2023-12-13 15:34:35 --> Error connecting to the database: mysqli_sql_exception: No connection could be made because the target machine actively refused it in C:\Users\GABRIEL PANJAITAN\Downloads\CodeIgniter4-develop\TST-toko-material-toko-furnitur\system\Database\MySQLi\Connection.php:184
Stack trace:
#0 C:\Users\GABRIEL PANJAITAN\Downloads\CodeIgniter4-develop\TST-toko-material-toko-furnitur\system\Database\MySQLi\Connection.php(184): mysqli->real_connect('localhost', 'root', Object(SensitiveParameterValue), 'tsttokomaterial', 3308, '', 0)
#1 C:\Users\GABRIEL PANJAITAN\Downloads\CodeIgniter4-develop\TST-toko-material-toko-furnitur\system\Database\BaseConnection.php(392): CodeIgniter\Database\MySQLi\Connection->connect(false)
#2 C:\Users\GABRIEL PANJAITAN\Downloads\CodeIgniter4-develop\TST-toko-material-toko-furnitur\system\Database\BaseConnection.php(575): CodeIgniter\Database\BaseConnection->initialize()
#3 C:\Users\GABRIEL PANJAITAN\Downloads\CodeIgniter4-develop\TST-toko-material-toko-furnitur\system\Database\BaseBuilder.php(1612): CodeIgniter\Database\BaseConnection->query('SELECT *\nFROM `...', Array, false)
#4 C:\Users\GABRIEL PANJAITAN\Downloads\CodeIgniter4-develop\TST-toko-material-toko-furnitur\system\Model.php(237): CodeIgniter\Database\BaseBuilder->get()
#5 C:\Users\GABRIEL PANJAITAN\Downloads\CodeIgniter4-develop\TST-toko-material-toko-furnitur\system\BaseModel.php(623): CodeIgniter\Model->doFindAll(0, 0)
#6 C:\Users\GABRIEL PANJAITAN\Downloads\CodeIgniter4-develop\TST-toko-material-toko-furnitur\app\Models\M_PenilaianPerusahaan.php(11): CodeIgniter\BaseModel->findAll()
#7 C:\Users\GABRIEL PANJAITAN\Downloads\CodeIgniter4-develop\TST-toko-material-toko-furnitur\app\Controllers\PenilaianPerusahaan.php(17): App\Models\M_PenilaianPerusahaan->getAllData()
#8 C:\Users\GABRIEL PANJAITAN\Downloads\CodeIgniter4-develop\TST-toko-material-toko-furnitur\system\CodeIgniter.php(942): App\Controllers\PenilaianPerusahaan->index()
#9 C:\Users\GABRIEL PANJAITAN\Downloads\CodeIgniter4-develop\TST-toko-material-toko-furnitur\system\CodeIgniter.php(502): CodeIgniter\CodeIgniter->runController(Object(App\Controllers\PenilaianPerusahaan))
#10 C:\Users\GABRIEL PANJAITAN\Downloads\CodeIgniter4-develop\TST-toko-material-toko-furnitur\system\CodeIgniter.php(361): CodeIgniter\CodeIgniter->handleRequest(NULL, Object(Config\Cache), false)
#11 C:\Users\GABRIEL PANJAITAN\Downloads\CodeIgniter4-develop\TST-toko-material-toko-furnitur\public\index.php(79): CodeIgniter\CodeIgniter->run()
#12 C:\Users\GABRIEL PANJAITAN\Downloads\CodeIgniter4-develop\TST-toko-material-toko-furnitur\system\Commands\Server\rewrite.php(47): require_once('C:\\Users\\GABRIE...')
#13 {main}

Next CodeIgniter\Database\Exceptions\DatabaseException: No connection could be made because the target machine actively refused it in C:\Users\GABRIEL PANJAITAN\Downloads\CodeIgniter4-develop\TST-toko-material-toko-furnitur\system\Database\MySQLi\Connection.php:229
Stack trace:
#0 C:\Users\GABRIEL PANJAITAN\Downloads\CodeIgniter4-develop\TST-toko-material-toko-furnitur\system\Database\BaseConnection.php(392): CodeIgniter\Database\MySQLi\Connection->connect(false)
#1 C:\Users\GABRIEL PANJAITAN\Downloads\CodeIgniter4-develop\TST-toko-material-toko-furnitur\system\Database\BaseConnection.php(575): CodeIgniter\Database\BaseConnection->initialize()
#2 C:\Users\GABRIEL PANJAITAN\Downloads\CodeIgniter4-develop\TST-toko-material-toko-furnitur\system\Database\BaseBuilder.php(1612): CodeIgniter\Database\BaseConnection->query('SELECT *\nFROM `...', Array, false)
#3 C:\Users\GABRIEL PANJAITAN\Downloads\CodeIgniter4-develop\TST-toko-material-toko-furnitur\system\Model.php(237): CodeIgniter\Database\BaseBuilder->get()
#4 C:\Users\GABRIEL PANJAITAN\Downloads\CodeIgniter4-develop\TST-toko-material-toko-furnitur\system\BaseModel.php(623): CodeIgniter\Model->doFindAll(0, 0)
#5 C:\Users\GABRIEL PANJAITAN\Downloads\CodeIgniter4-develop\TST-toko-material-toko-furnitur\app\Models\M_PenilaianPerusahaan.php(11): CodeIgniter\BaseModel->findAll()
#6 C:\Users\GABRIEL PANJAITAN\Downloads\CodeIgniter4-develop\TST-toko-material-toko-furnitur\app\Controllers\PenilaianPerusahaan.php(17): App\Models\M_PenilaianPerusahaan->getAllData()
#7 C:\Users\GABRIEL PANJAITAN\Downloads\CodeIgniter4-develop\TST-toko-material-toko-furnitur\system\CodeIgniter.php(942): App\Controllers\PenilaianPerusahaan->index()
#8 C:\Users\GABRIEL PANJAITAN\Downloads\CodeIgniter4-develop\TST-toko-material-toko-furnitur\system\CodeIgniter.php(502): CodeIgniter\CodeIgniter->runController(Object(App\Controllers\PenilaianPerusahaan))
#9 C:\Users\GABRIEL PANJAITAN\Downloads\CodeIgniter4-develop\TST-toko-material-toko-furnitur\system\CodeIgniter.php(361): CodeIgniter\CodeIgniter->handleRequest(NULL, Object(Config\Cache), false)
#10 C:\Users\GABRIEL PANJAITAN\Downloads\CodeIgniter4-develop\TST-toko-material-toko-furnitur\public\index.php(79): CodeIgniter\CodeIgniter->run()
#11 C:\Users\GABRIEL PANJAITAN\Downloads\CodeIgniter4-develop\TST-toko-material-toko-furnitur\system\Commands\Server\rewrite.php(47): require_once('C:\\Users\\GABRIE...')
#12 {main}
CRITICAL - 2023-12-13 15:34:35 --> Unable to connect to the database.
Main connection [MySQLi]: No connection could be made because the target machine actively refused it
in SYSTEMPATH\Database\BaseConnection.php on line 428.
 1 SYSTEMPATH\Database\BaseConnection.php(575): CodeIgniter\Database\BaseConnection->initialize()
 2 SYSTEMPATH\Database\BaseBuilder.php(1612): CodeIgniter\Database\BaseConnection->query('SELECT *
FROM `data_penilaian_kayu_dari_perusahaan`', [], false)
 3 SYSTEMPATH\Model.php(237): CodeIgniter\Database\BaseBuilder->get()
 4 SYSTEMPATH\BaseModel.php(623): CodeIgniter\Model->doFindAll(0, 0)
 5 APPPATH\Models\M_PenilaianPerusahaan.php(11): CodeIgniter\BaseModel->findAll()
 6 APPPATH\Controllers\PenilaianPerusahaan.php(17): App\Models\M_PenilaianPerusahaan->getAllData()
 7 SYSTEMPATH\CodeIgniter.php(942): App\Controllers\PenilaianPerusahaan->index()
 8 SYSTEMPATH\CodeIgniter.php(502): CodeIgniter\CodeIgniter->runController(Object(App\Controllers\PenilaianPerusahaan))
 9 SYSTEMPATH\CodeIgniter.php(361): CodeIgniter\CodeIgniter->handleRequest(null, Object(Config\Cache), false)
10 FCPATH\index.php(79): CodeIgniter\CodeIgniter->run()
11 SYSTEMPATH\Commands\Server\rewrite.php(47): require_once('C:\\Users\\GABRIEL PANJAITAN\\Downloads\\CodeIgniter4-develop\\TST-toko-material-toko-furnitur\\public\\index.php')
ERROR - 2023-12-13 15:35:02 --> Error connecting to the database: mysqli_sql_exception: No connection could be made because the target machine actively refused it in C:\Users\GABRIEL PANJAITAN\Downloads\CodeIgniter4-develop\TST-toko-material-toko-furnitur\system\Database\MySQLi\Connection.php:184
Stack trace:
#0 C:\Users\GABRIEL PANJAITAN\Downloads\CodeIgniter4-develop\TST-toko-material-toko-furnitur\system\Database\MySQLi\Connection.php(184): mysqli->real_connect('localhost', 'root', Object(SensitiveParameterValue), 'tsttokomaterial', 3308, '', 0)
#1 C:\Users\GABRIEL PANJAITAN\Downloads\CodeIgniter4-develop\TST-toko-material-toko-furnitur\system\Database\BaseConnection.php(392): CodeIgniter\Database\MySQLi\Connection->connect(false)
#2 C:\Users\GABRIEL PANJAITAN\Downloads\CodeIgniter4-develop\TST-toko-material-toko-furnitur\system\Database\BaseConnection.php(575): CodeIgniter\Database\BaseConnection->initialize()
#3 C:\Users\GABRIEL PANJAITAN\Downloads\CodeIgniter4-develop\TST-toko-material-toko-furnitur\system\Database\BaseBuilder.php(1612): CodeIgniter\Database\BaseConnection->query('SELECT *\nFROM `...', Array, false)
#4 C:\Users\GABRIEL PANJAITAN\Downloads\CodeIgniter4-develop\TST-toko-material-toko-furnitur\system\Model.php(237): CodeIgniter\Database\BaseBuilder->get()
#5 C:\Users\GABRIEL PANJAITAN\Downloads\CodeIgniter4-develop\TST-toko-material-toko-furnitur\system\BaseModel.php(623): CodeIgniter\Model->doFindAll(0, 0)
#6 C:\Users\GABRIEL PANJAITAN\Downloads\CodeIgniter4-develop\TST-toko-material-toko-furnitur\app\Models\M_PenilaianPerusahaan.php(11): CodeIgniter\BaseModel->findAll()
#7 C:\Users\GABRIEL PANJAITAN\Downloads\CodeIgniter4-develop\TST-toko-material-toko-furnitur\app\Controllers\PenilaianPerusahaan.php(17): App\Models\M_PenilaianPerusahaan->getAllData()
#8 C:\Users\GABRIEL PANJAITAN\Downloads\CodeIgniter4-develop\TST-toko-material-toko-furnitur\system\CodeIgniter.php(942): App\Controllers\PenilaianPerusahaan->index()
#9 C:\Users\GABRIEL PANJAITAN\Downloads\CodeIgniter4-develop\TST-toko-material-toko-furnitur\system\CodeIgniter.php(502): CodeIgniter\CodeIgniter->runController(Object(App\Controllers\PenilaianPerusahaan))
#10 C:\Users\GABRIEL PANJAITAN\Downloads\CodeIgniter4-develop\TST-toko-material-toko-furnitur\system\CodeIgniter.php(361): CodeIgniter\CodeIgniter->handleRequest(NULL, Object(Config\Cache), false)
#11 C:\Users\GABRIEL PANJAITAN\Downloads\CodeIgniter4-develop\TST-toko-material-toko-furnitur\public\index.php(79): CodeIgniter\CodeIgniter->run()
#12 C:\Users\GABRIEL PANJAITAN\Downloads\CodeIgniter4-develop\TST-toko-material-toko-furnitur\system\Commands\Server\rewrite.php(47): require_once('C:\\Users\\GABRIE...')
#13 {main}

Next CodeIgniter\Database\Exceptions\DatabaseException: No connection could be made because the target machine actively refused it in C:\Users\GABRIEL PANJAITAN\Downloads\CodeIgniter4-develop\TST-toko-material-toko-furnitur\system\Database\MySQLi\Connection.php:229
Stack trace:
#0 C:\Users\GABRIEL PANJAITAN\Downloads\CodeIgniter4-develop\TST-toko-material-toko-furnitur\system\Database\BaseConnection.php(392): CodeIgniter\Database\MySQLi\Connection->connect(false)
#1 C:\Users\GABRIEL PANJAITAN\Downloads\CodeIgniter4-develop\TST-toko-material-toko-furnitur\system\Database\BaseConnection.php(575): CodeIgniter\Database\BaseConnection->initialize()
#2 C:\Users\GABRIEL PANJAITAN\Downloads\CodeIgniter4-develop\TST-toko-material-toko-furnitur\system\Database\BaseBuilder.php(1612): CodeIgniter\Database\BaseConnection->query('SELECT *\nFROM `...', Array, false)
#3 C:\Users\GABRIEL PANJAITAN\Downloads\CodeIgniter4-develop\TST-toko-material-toko-furnitur\system\Model.php(237): CodeIgniter\Database\BaseBuilder->get()
#4 C:\Users\GABRIEL PANJAITAN\Downloads\CodeIgniter4-develop\TST-toko-material-toko-furnitur\system\BaseModel.php(623): CodeIgniter\Model->doFindAll(0, 0)
#5 C:\Users\GABRIEL PANJAITAN\Downloads\CodeIgniter4-develop\TST-toko-material-toko-furnitur\app\Models\M_PenilaianPerusahaan.php(11): CodeIgniter\BaseModel->findAll()
#6 C:\Users\GABRIEL PANJAITAN\Downloads\CodeIgniter4-develop\TST-toko-material-toko-furnitur\app\Controllers\PenilaianPerusahaan.php(17): App\Models\M_PenilaianPerusahaan->getAllData()
#7 C:\Users\GABRIEL PANJAITAN\Downloads\CodeIgniter4-develop\TST-toko-material-toko-furnitur\system\CodeIgniter.php(942): App\Controllers\PenilaianPerusahaan->index()
#8 C:\Users\GABRIEL PANJAITAN\Downloads\CodeIgniter4-develop\TST-toko-material-toko-furnitur\system\CodeIgniter.php(502): CodeIgniter\CodeIgniter->runController(Object(App\Controllers\PenilaianPerusahaan))
#9 C:\Users\GABRIEL PANJAITAN\Downloads\CodeIgniter4-develop\TST-toko-material-toko-furnitur\system\CodeIgniter.php(361): CodeIgniter\CodeIgniter->handleRequest(NULL, Object(Config\Cache), false)
#10 C:\Users\GABRIEL PANJAITAN\Downloads\CodeIgniter4-develop\TST-toko-material-toko-furnitur\public\index.php(79): CodeIgniter\CodeIgniter->run()
#11 C:\Users\GABRIEL PANJAITAN\Downloads\CodeIgniter4-develop\TST-toko-material-toko-furnitur\system\Commands\Server\rewrite.php(47): require_once('C:\\Users\\GABRIE...')
#12 {main}
CRITICAL - 2023-12-13 15:35:02 --> Unable to connect to the database.
Main connection [MySQLi]: No connection could be made because the target machine actively refused it
in SYSTEMPATH\Database\BaseConnection.php on line 428.
 1 SYSTEMPATH\Database\BaseConnection.php(575): CodeIgniter\Database\BaseConnection->initialize()
 2 SYSTEMPATH\Database\BaseBuilder.php(1612): CodeIgniter\Database\BaseConnection->query('SELECT *
FROM `data_penilaian_kayu_dari_perusahaan`', [], false)
 3 SYSTEMPATH\Model.php(237): CodeIgniter\Database\BaseBuilder->get()
 4 SYSTEMPATH\BaseModel.php(623): CodeIgniter\Model->doFindAll(0, 0)
 5 APPPATH\Models\M_PenilaianPerusahaan.php(11): CodeIgniter\BaseModel->findAll()
 6 APPPATH\Controllers\PenilaianPerusahaan.php(17): App\Models\M_PenilaianPerusahaan->getAllData()
 7 SYSTEMPATH\CodeIgniter.php(942): App\Controllers\PenilaianPerusahaan->index()
 8 SYSTEMPATH\CodeIgniter.php(502): CodeIgniter\CodeIgniter->runController(Object(App\Controllers\PenilaianPerusahaan))
 9 SYSTEMPATH\CodeIgniter.php(361): CodeIgniter\CodeIgniter->handleRequest(null, Object(Config\Cache), false)
10 FCPATH\index.php(79): CodeIgniter\CodeIgniter->run()
11 SYSTEMPATH\Commands\Server\rewrite.php(47): require_once('C:\\Users\\GABRIEL PANJAITAN\\Downloads\\CodeIgniter4-develop\\TST-toko-material-toko-furnitur\\public\\index.php')
CRITICAL - 2023-12-13 21:44:04 --> Call to undefined function baseurl()
in APPPATH\Views\template\v_sidebar.php on line 5.
 1 SYSTEMPATH\View\View.php(228): include()
 2 SYSTEMPATH\View\View.php(231): CodeIgniter\View\View->CodeIgniter\View\{closure}()
 3 SYSTEMPATH\Common.php(1190): CodeIgniter\View\View->render('template/v_sidebar', [], true)
 4 APPPATH\Controllers\PenilaianPerusahaan.php(22): view('template/v_sidebar')
 5 SYSTEMPATH\CodeIgniter.php(942): App\Controllers\PenilaianPerusahaan->index()
 6 SYSTEMPATH\CodeIgniter.php(502): CodeIgniter\CodeIgniter->runController(Object(App\Controllers\PenilaianPerusahaan))
 7 SYSTEMPATH\CodeIgniter.php(361): CodeIgniter\CodeIgniter->handleRequest(null, Object(Config\Cache), false)
 8 FCPATH\index.php(79): CodeIgniter\CodeIgniter->run()
 9 SYSTEMPATH\Commands\Server\rewrite.php(47): require_once('C:\\Users\\GABRIEL PANJAITAN\\Downloads\\CodeIgniter4-develop\\TST-toko-material-toko-furnitur\\public\\index.php')
WARNING - 2023-12-13 22:36:20 --> [DEPRECATED] Creation of dynamic property App\Controllers\PenilaianPerusahaan::$model is deprecated in APPPATH\Controllers\PenilaianPerusahaan.php on line 11.
 1 SYSTEMPATH\CodeIgniter.php(914): App\Controllers\PenilaianPerusahaan->__construct()
 2 SYSTEMPATH\CodeIgniter.php(493): CodeIgniter\CodeIgniter->createController()
 3 SYSTEMPATH\CodeIgniter.php(361): CodeIgniter\CodeIgniter->handleRequest(null, Object(Config\Cache), false)
 4 FCPATH\index.php(79): CodeIgniter\CodeIgniter->run()
 5 SYSTEMPATH\Commands\Server\rewrite.php(47): require_once('C:\\Users\\GABRIEL PANJAITAN\\Downloads\\CodeIgniter4-develop\\TST-toko-material-toko-furnitur\\public\\index.php')
CRITICAL - 2023-12-13 22:40:34 --> Unsupported operand types: array + string
in APPPATH\Controllers\PenilaianPerusahaan.php on line 26.
 1 SYSTEMPATH\CodeIgniter.php(942): App\Controllers\PenilaianPerusahaan->index()
 2 SYSTEMPATH\CodeIgniter.php(502): CodeIgniter\CodeIgniter->runController(Object(App\Controllers\PenilaianPerusahaan))
 3 SYSTEMPATH\CodeIgniter.php(361): CodeIgniter\CodeIgniter->handleRequest(null, Object(Config\Cache), false)
 4 FCPATH\index.php(79): CodeIgniter\CodeIgniter->run()
 5 SYSTEMPATH\Commands\Server\rewrite.php(47): require_once('C:\\Users\\GABRIEL PANJAITAN\\Downloads\\CodeIgniter4-develop\\TST-toko-material-toko-furnitur\\public\\index.php')
CRITICAL - 2023-12-13 22:40:49 --> Unsupported operand types: array + string
in APPPATH\Controllers\PenilaianPerusahaan.php on line 26.
 1 SYSTEMPATH\CodeIgniter.php(942): App\Controllers\PenilaianPerusahaan->index()
 2 SYSTEMPATH\CodeIgniter.php(502): CodeIgniter\CodeIgniter->runController(Object(App\Controllers\PenilaianPerusahaan))
 3 SYSTEMPATH\CodeIgniter.php(361): CodeIgniter\CodeIgniter->handleRequest(null, Object(Config\Cache), false)
 4 FCPATH\index.php(79): CodeIgniter\CodeIgniter->run()
 5 SYSTEMPATH\Commands\Server\rewrite.php(47): require_once('C:\\Users\\GABRIEL PANJAITAN\\Downloads\\CodeIgniter4-develop\\TST-toko-material-toko-furnitur\\public\\index.php')
ERROR - 2023-12-13 22:43:57 --> mysqli_sql_exception: Unknown column 'jenis_kayu' in 'field list' in C:\Users\GABRIEL PANJAITAN\Downloads\CodeIgniter4-develop\TST-toko-material-toko-furnitur\system\Database\MySQLi\Connection.php:306
Stack trace:
#0 C:\Users\GABRIEL PANJAITAN\Downloads\CodeIgniter4-develop\TST-toko-material-toko-furnitur\system\Database\MySQLi\Connection.php(306): mysqli->query('INSERT INTO `da...', 0)
#1 C:\Users\GABRIEL PANJAITAN\Downloads\CodeIgniter4-develop\TST-toko-material-toko-furnitur\system\Database\BaseConnection.php(693): CodeIgniter\Database\MySQLi\Connection->execute('INSERT INTO `da...')
#2 C:\Users\GABRIEL PANJAITAN\Downloads\CodeIgniter4-develop\TST-toko-material-toko-furnitur\system\Database\BaseConnection.php(607): CodeIgniter\Database\BaseConnection->simpleQuery('INSERT INTO `da...')
#3 C:\Users\GABRIEL PANJAITAN\Downloads\CodeIgniter4-develop\TST-toko-material-toko-furnitur\system\Database\BaseBuilder.php(2301): CodeIgniter\Database\BaseConnection->query('INSERT INTO `da...', Array, false)
#4 C:\Users\GABRIEL PANJAITAN\Downloads\CodeIgniter4-develop\TST-toko-material-toko-furnitur\app\Models\M_PenilaianPerusahaan.php(15): CodeIgniter\Database\BaseBuilder->insert(Array)
#5 C:\Users\GABRIEL PANJAITAN\Downloads\CodeIgniter4-develop\TST-toko-material-toko-furnitur\app\Controllers\PenilaianPerusahaan.php(46): App\Models\M_PenilaianPerusahaan->tambah(Array)
#6 C:\Users\GABRIEL PANJAITAN\Downloads\CodeIgniter4-develop\TST-toko-material-toko-furnitur\system\CodeIgniter.php(942): App\Controllers\PenilaianPerusahaan->tambah()
#7 C:\Users\GABRIEL PANJAITAN\Downloads\CodeIgniter4-develop\TST-toko-material-toko-furnitur\system\CodeIgniter.php(502): CodeIgniter\CodeIgniter->runController(Object(App\Controllers\PenilaianPerusahaan))
#8 C:\Users\GABRIEL PANJAITAN\Downloads\CodeIgniter4-develop\TST-toko-material-toko-furnitur\system\CodeIgniter.php(361): CodeIgniter\CodeIgniter->handleRequest(NULL, Object(Config\Cache), false)
#9 C:\Users\GABRIEL PANJAITAN\Downloads\CodeIgniter4-develop\TST-toko-material-toko-furnitur\public\index.php(79): CodeIgniter\CodeIgniter->run()
#10 C:\Users\GABRIEL PANJAITAN\Downloads\CodeIgniter4-develop\TST-toko-material-toko-furnitur\system\Commands\Server\rewrite.php(47): require_once('C:\\Users\\GABRIE...')
#11 {main}
CRITICAL - 2023-12-13 22:43:57 --> Unknown column 'jenis_kayu' in 'field list'
in SYSTEMPATH\Database\BaseConnection.php on line 647.
 1 SYSTEMPATH\Database\BaseBuilder.php(2301): CodeIgniter\Database\BaseConnection->query('INSERT INTO `data_penilaian_kayu_dari_perusahaan` (`jenis_kayu`, `merek_kayu`, `tingkat_tekstur`, `tingkat_ketahanan`, `tingkat_keperawatan`, `harga`, `massa_jenis`, `tipe_finishing_warna`, `kelebihan`, `kekurangan`) VALUES (:jenis_kayu:, :merek_kayu:, :tingkat_tekstur:, :tingkat_ketahanan:, :tingkat_keperawatan:, :harga:, :massa_jenis:, :tipe_finishing_warna:, :kelebihan:, :kekurangan:)', [...], false)
 2 APPPATH\Models\M_PenilaianPerusahaan.php(15): CodeIgniter\Database\BaseBuilder->insert([...])
 3 APPPATH\Controllers\PenilaianPerusahaan.php(46): App\Models\M_PenilaianPerusahaan->tambah([...])
 4 SYSTEMPATH\CodeIgniter.php(942): App\Controllers\PenilaianPerusahaan->tambah()
 5 SYSTEMPATH\CodeIgniter.php(502): CodeIgniter\CodeIgniter->runController(Object(App\Controllers\PenilaianPerusahaan))
 6 SYSTEMPATH\CodeIgniter.php(361): CodeIgniter\CodeIgniter->handleRequest(null, Object(Config\Cache), false)
 7 FCPATH\index.php(79): CodeIgniter\CodeIgniter->run()
 8 SYSTEMPATH\Commands\Server\rewrite.php(47): require_once('C:\\Users\\GABRIEL PANJAITAN\\Downloads\\CodeIgniter4-develop\\TST-toko-material-toko-furnitur\\public\\index.php')
ERROR - 2023-12-13 22:45:21 --> mysqli_sql_exception: You have an error in your SQL syntax; check the manual that corresponds to your MariaDB server version for the right syntax to use near '`Kayu`, `Merek` `Kayu`, `Tingkat` `Tekstur`, `Tingkat` `Ketahanan`, `Tingkat`...' at line 1 in C:\Users\GABRIEL PANJAITAN\Downloads\CodeIgniter4-develop\TST-toko-material-toko-furnitur\system\Database\MySQLi\Connection.php:306
Stack trace:
#0 C:\Users\GABRIEL PANJAITAN\Downloads\CodeIgniter4-develop\TST-toko-material-toko-furnitur\system\Database\MySQLi\Connection.php(306): mysqli->query('INSERT INTO `da...', 0)
#1 C:\Users\GABRIEL PANJAITAN\Downloads\CodeIgniter4-develop\TST-toko-material-toko-furnitur\system\Database\BaseConnection.php(693): CodeIgniter\Database\MySQLi\Connection->execute('INSERT INTO `da...')
#2 C:\Users\GABRIEL PANJAITAN\Downloads\CodeIgniter4-develop\TST-toko-material-toko-furnitur\system\Database\BaseConnection.php(607): CodeIgniter\Database\BaseConnection->simpleQuery('INSERT INTO `da...')
#3 C:\Users\GABRIEL PANJAITAN\Downloads\CodeIgniter4-develop\TST-toko-material-toko-furnitur\system\Database\BaseBuilder.php(2301): CodeIgniter\Database\BaseConnection->query('INSERT INTO `da...', Array, false)
#4 C:\Users\GABRIEL PANJAITAN\Downloads\CodeIgniter4-develop\TST-toko-material-toko-furnitur\app\Models\M_PenilaianPerusahaan.php(15): CodeIgniter\Database\BaseBuilder->insert(Array)
#5 C:\Users\GABRIEL PANJAITAN\Downloads\CodeIgniter4-develop\TST-toko-material-toko-furnitur\app\Controllers\PenilaianPerusahaan.php(46): App\Models\M_PenilaianPerusahaan->tambah(Array)
#6 C:\Users\GABRIEL PANJAITAN\Downloads\CodeIgniter4-develop\TST-toko-material-toko-furnitur\system\CodeIgniter.php(942): App\Controllers\PenilaianPerusahaan->tambah()
#7 C:\Users\GABRIEL PANJAITAN\Downloads\CodeIgniter4-develop\TST-toko-material-toko-furnitur\system\CodeIgniter.php(502): CodeIgniter\CodeIgniter->runController(Object(App\Controllers\PenilaianPerusahaan))
#8 C:\Users\GABRIEL PANJAITAN\Downloads\CodeIgniter4-develop\TST-toko-material-toko-furnitur\system\CodeIgniter.php(361): CodeIgniter\CodeIgniter->handleRequest(NULL, Object(Config\Cache), false)
#9 C:\Users\GABRIEL PANJAITAN\Downloads\CodeIgniter4-develop\TST-toko-material-toko-furnitur\public\index.php(79): CodeIgniter\CodeIgniter->run()
#10 C:\Users\GABRIEL PANJAITAN\Downloads\CodeIgniter4-develop\TST-toko-material-toko-furnitur\system\Commands\Server\rewrite.php(47): require_once('C:\\Users\\GABRIE...')
#11 {main}
CRITICAL - 2023-12-13 22:45:21 --> You have an error in your SQL syntax; check the manual that corresponds to your MariaDB server version for the right syntax to use near '`Kayu`, `Merek` `Kayu`, `Tingkat` `Tekstur`, `Tingkat` `Ketahanan`, `Tingkat`...' at line 1
in SYSTEMPATH\Database\BaseConnection.php on line 647.
 1 SYSTEMPATH\Database\BaseBuilder.php(2301): CodeIgniter\Database\BaseConnection->query('INSERT INTO `data_penilaian_kayu_dari_perusahaan` (`Jenis` `Kayu`, `Merek` `Kayu`, `Tingkat` `Tekstur`, `Tingkat` `Ketahanan`, `Tingkat` `Keperawatan`, `Harga`, `Massa` `Jenis`, `Tipe Finishing` `Warna`, `Kelebihan`, `Kekurangan`) VALUES (:Jenis Kayu:, :Merek Kayu:, :Tingkat Tekstur:, :Tingkat Ketahanan:, :Tingkat Keperawatan:, :Harga:, :Massa Jenis:, :Tipe Finishing Warna:, :Kelebihan:, :Kekurangan:)', [...], false)
 2 APPPATH\Models\M_PenilaianPerusahaan.php(15): CodeIgniter\Database\BaseBuilder->insert([...])
 3 APPPATH\Controllers\PenilaianPerusahaan.php(46): App\Models\M_PenilaianPerusahaan->tambah([...])
 4 SYSTEMPATH\CodeIgniter.php(942): App\Controllers\PenilaianPerusahaan->tambah()
 5 SYSTEMPATH\CodeIgniter.php(502): CodeIgniter\CodeIgniter->runController(Object(App\Controllers\PenilaianPerusahaan))
 6 SYSTEMPATH\CodeIgniter.php(361): CodeIgniter\CodeIgniter->handleRequest(null, Object(Config\Cache), false)
 7 FCPATH\index.php(79): CodeIgniter\CodeIgniter->run()
 8 SYSTEMPATH\Commands\Server\rewrite.php(47): require_once('C:\\Users\\GABRIEL PANJAITAN\\Downloads\\CodeIgniter4-develop\\TST-toko-material-toko-furnitur\\public\\index.php')
ERROR - 2023-12-13 22:47:58 --> mysqli_sql_exception: You have an error in your SQL syntax; check the manual that corresponds to your MariaDB server version for the right syntax to use near '`Kayu`, `Merek` `Kayu`, `Tingkat_Tekstur`, `Tingkat_Ketahanan`, `Tingkat_Kepe...' at line 1 in C:\Users\GABRIEL PANJAITAN\Downloads\CodeIgniter4-develop\TST-toko-material-toko-furnitur\system\Database\MySQLi\Connection.php:306
Stack trace:
#0 C:\Users\GABRIEL PANJAITAN\Downloads\CodeIgniter4-develop\TST-toko-material-toko-furnitur\system\Database\MySQLi\Connection.php(306): mysqli->query('INSERT INTO `da...', 0)
#1 C:\Users\GABRIEL PANJAITAN\Downloads\CodeIgniter4-develop\TST-toko-material-toko-furnitur\system\Database\BaseConnection.php(693): CodeIgniter\Database\MySQLi\Connection->execute('INSERT INTO `da...')
#2 C:\Users\GABRIEL PANJAITAN\Downloads\CodeIgniter4-develop\TST-toko-material-toko-furnitur\system\Database\BaseConnection.php(607): CodeIgniter\Database\BaseConnection->simpleQuery('INSERT INTO `da...')
#3 C:\Users\GABRIEL PANJAITAN\Downloads\CodeIgniter4-develop\TST-toko-material-toko-furnitur\system\Database\BaseBuilder.php(2301): CodeIgniter\Database\BaseConnection->query('INSERT INTO `da...', Array, false)
#4 C:\Users\GABRIEL PANJAITAN\Downloads\CodeIgniter4-develop\TST-toko-material-toko-furnitur\app\Models\M_PenilaianPerusahaan.php(15): CodeIgniter\Database\BaseBuilder->insert(Array)
#5 C:\Users\GABRIEL PANJAITAN\Downloads\CodeIgniter4-develop\TST-toko-material-toko-furnitur\app\Controllers\PenilaianPerusahaan.php(46): App\Models\M_PenilaianPerusahaan->tambah(Array)
#6 C:\Users\GABRIEL PANJAITAN\Downloads\CodeIgniter4-develop\TST-toko-material-toko-furnitur\system\CodeIgniter.php(942): App\Controllers\PenilaianPerusahaan->tambah()
#7 C:\Users\GABRIEL PANJAITAN\Downloads\CodeIgniter4-develop\TST-toko-material-toko-furnitur\system\CodeIgniter.php(502): CodeIgniter\CodeIgniter->runController(Object(App\Controllers\PenilaianPerusahaan))
#8 C:\Users\GABRIEL PANJAITAN\Downloads\CodeIgniter4-develop\TST-toko-material-toko-furnitur\system\CodeIgniter.php(361): CodeIgniter\CodeIgniter->handleRequest(NULL, Object(Config\Cache), false)
#9 C:\Users\GABRIEL PANJAITAN\Downloads\CodeIgniter4-develop\TST-toko-material-toko-furnitur\public\index.php(79): CodeIgniter\CodeIgniter->run()
#10 C:\Users\GABRIEL PANJAITAN\Downloads\CodeIgniter4-develop\TST-toko-material-toko-furnitur\system\Commands\Server\rewrite.php(47): require_once('C:\\Users\\GABRIE...')
#11 {main}
CRITICAL - 2023-12-13 22:47:58 --> You have an error in your SQL syntax; check the manual that corresponds to your MariaDB server version for the right syntax to use near '`Kayu`, `Merek` `Kayu`, `Tingkat_Tekstur`, `Tingkat_Ketahanan`, `Tingkat_Kepe...' at line 1
in SYSTEMPATH\Database\BaseConnection.php on line 647.
 1 SYSTEMPATH\Database\BaseBuilder.php(2301): CodeIgniter\Database\BaseConnection->query('INSERT INTO `data_penilaian_kayu_dari_perusahaan` (`Jenis` `Kayu`, `Merek` `Kayu`, `Tingkat_Tekstur`, `Tingkat_Ketahanan`, `Tingkat_Keperawatan`, `Harga`, `Massa_Jenis`, `Tipe_Finishing_Warna`, `Kelebihan`, `Kekurangan`) VALUES (:Jenis Kayu:, :Merek Kayu:, :Tingkat_Tekstur:, :Tingkat_Ketahanan:, :Tingkat_Keperawatan:, :Harga:, :Massa_Jenis:, :Tipe_Finishing_Warna:, :Kelebihan:, :Kekurangan:)', [...], false)
 2 APPPATH\Models\M_PenilaianPerusahaan.php(15): CodeIgniter\Database\BaseBuilder->insert([...])
 3 APPPATH\Controllers\PenilaianPerusahaan.php(46): App\Models\M_PenilaianPerusahaan->tambah([...])
 4 SYSTEMPATH\CodeIgniter.php(942): App\Controllers\PenilaianPerusahaan->tambah()
 5 SYSTEMPATH\CodeIgniter.php(502): CodeIgniter\CodeIgniter->runController(Object(App\Controllers\PenilaianPerusahaan))
 6 SYSTEMPATH\CodeIgniter.php(361): CodeIgniter\CodeIgniter->handleRequest(null, Object(Config\Cache), false)
 7 FCPATH\index.php(79): CodeIgniter\CodeIgniter->run()
 8 SYSTEMPATH\Commands\Server\rewrite.php(47): require_once('C:\\Users\\GABRIEL PANJAITAN\\Downloads\\CodeIgniter4-develop\\TST-toko-material-toko-furnitur\\public\\index.php')
ERROR - 2023-12-13 22:52:08 --> mysqli_sql_exception: You have an error in your SQL syntax; check the manual that corresponds to your MariaDB server version for the right syntax to use near '`Kayu`, `Merek` `Kayu`, `Tingkat_Tekstur`, `Tingkat_Ketahanan`, `Tingkat_Kepe...' at line 1 in C:\Users\GABRIEL PANJAITAN\Downloads\CodeIgniter4-develop\TST-toko-material-toko-furnitur\system\Database\MySQLi\Connection.php:306
Stack trace:
#0 C:\Users\GABRIEL PANJAITAN\Downloads\CodeIgniter4-develop\TST-toko-material-toko-furnitur\system\Database\MySQLi\Connection.php(306): mysqli->query('INSERT INTO `da...', 0)
#1 C:\Users\GABRIEL PANJAITAN\Downloads\CodeIgniter4-develop\TST-toko-material-toko-furnitur\system\Database\BaseConnection.php(693): CodeIgniter\Database\MySQLi\Connection->execute('INSERT INTO `da...')
#2 C:\Users\GABRIEL PANJAITAN\Downloads\CodeIgniter4-develop\TST-toko-material-toko-furnitur\system\Database\BaseConnection.php(607): CodeIgniter\Database\BaseConnection->simpleQuery('INSERT INTO `da...')
#3 C:\Users\GABRIEL PANJAITAN\Downloads\CodeIgniter4-develop\TST-toko-material-toko-furnitur\system\Database\BaseBuilder.php(2301): CodeIgniter\Database\BaseConnection->query('INSERT INTO `da...', Array, false)
#4 C:\Users\GABRIEL PANJAITAN\Downloads\CodeIgniter4-develop\TST-toko-material-toko-furnitur\app\Models\M_PenilaianPerusahaan.php(15): CodeIgniter\Database\BaseBuilder->insert(Array)
#5 C:\Users\GABRIEL PANJAITAN\Downloads\CodeIgniter4-develop\TST-toko-material-toko-furnitur\app\Controllers\PenilaianPerusahaan.php(46): App\Models\M_PenilaianPerusahaan->tambah(Array)
#6 C:\Users\GABRIEL PANJAITAN\Downloads\CodeIgniter4-develop\TST-toko-material-toko-furnitur\system\CodeIgniter.php(942): App\Controllers\PenilaianPerusahaan->tambah()
#7 C:\Users\GABRIEL PANJAITAN\Downloads\CodeIgniter4-develop\TST-toko-material-toko-furnitur\system\CodeIgniter.php(502): CodeIgniter\CodeIgniter->runController(Object(App\Controllers\PenilaianPerusahaan))
#8 C:\Users\GABRIEL PANJAITAN\Downloads\CodeIgniter4-develop\TST-toko-material-toko-furnitur\system\CodeIgniter.php(361): CodeIgniter\CodeIgniter->handleRequest(NULL, Object(Config\Cache), false)
#9 C:\Users\GABRIEL PANJAITAN\Downloads\CodeIgniter4-develop\TST-toko-material-toko-furnitur\public\index.php(79): CodeIgniter\CodeIgniter->run()
#10 C:\Users\GABRIEL PANJAITAN\Downloads\CodeIgniter4-develop\TST-toko-material-toko-furnitur\system\Commands\Server\rewrite.php(47): require_once('C:\\Users\\GABRIE...')
#11 {main}
CRITICAL - 2023-12-13 22:52:08 --> You have an error in your SQL syntax; check the manual that corresponds to your MariaDB server version for the right syntax to use near '`Kayu`, `Merek` `Kayu`, `Tingkat_Tekstur`, `Tingkat_Ketahanan`, `Tingkat_Kepe...' at line 1
in SYSTEMPATH\Database\BaseConnection.php on line 647.
 1 SYSTEMPATH\Database\BaseBuilder.php(2301): CodeIgniter\Database\BaseConnection->query('INSERT INTO `data_penilaian_kayu_dari_perusahaan` (`Jenis` `Kayu`, `Merek` `Kayu`, `Tingkat_Tekstur`, `Tingkat_Ketahanan`, `Tingkat_Keperawatan`, `Harga`, `Massa_Jenis`, `Tipe_Finishing_Warna`, `Kelebihan`, `Kekurangan`) VALUES (:Jenis Kayu:, :Merek Kayu:, :Tingkat_Tekstur:, :Tingkat_Ketahanan:, :Tingkat_Keperawatan:, :Harga:, :Massa_Jenis:, :Tipe_Finishing_Warna:, :Kelebihan:, :Kekurangan:)', [...], false)
 2 APPPATH\Models\M_PenilaianPerusahaan.php(15): CodeIgniter\Database\BaseBuilder->insert([...])
 3 APPPATH\Controllers\PenilaianPerusahaan.php(46): App\Models\M_PenilaianPerusahaan->tambah([...])
 4 SYSTEMPATH\CodeIgniter.php(942): App\Controllers\PenilaianPerusahaan->tambah()
 5 SYSTEMPATH\CodeIgniter.php(502): CodeIgniter\CodeIgniter->runController(Object(App\Controllers\PenilaianPerusahaan))
 6 SYSTEMPATH\CodeIgniter.php(361): CodeIgniter\CodeIgniter->handleRequest(null, Object(Config\Cache), false)
 7 FCPATH\index.php(79): CodeIgniter\CodeIgniter->run()
 8 SYSTEMPATH\Commands\Server\rewrite.php(47): require_once('C:\\Users\\GABRIEL PANJAITAN\\Downloads\\CodeIgniter4-develop\\TST-toko-material-toko-furnitur\\public\\index.php')
ERROR - 2023-12-13 22:52:22 --> mysqli_sql_exception: You have an error in your SQL syntax; check the manual that corresponds to your MariaDB server version for the right syntax to use near '`Kayu`, `Merek` `Kayu`, `Tingkat_Tekstur`, `Tingkat_Ketahanan`, `Tingkat_Kepe...' at line 1 in C:\Users\GABRIEL PANJAITAN\Downloads\CodeIgniter4-develop\TST-toko-material-toko-furnitur\system\Database\MySQLi\Connection.php:306
Stack trace:
#0 C:\Users\GABRIEL PANJAITAN\Downloads\CodeIgniter4-develop\TST-toko-material-toko-furnitur\system\Database\MySQLi\Connection.php(306): mysqli->query('INSERT INTO `da...', 0)
#1 C:\Users\GABRIEL PANJAITAN\Downloads\CodeIgniter4-develop\TST-toko-material-toko-furnitur\system\Database\BaseConnection.php(693): CodeIgniter\Database\MySQLi\Connection->execute('INSERT INTO `da...')
#2 C:\Users\GABRIEL PANJAITAN\Downloads\CodeIgniter4-develop\TST-toko-material-toko-furnitur\system\Database\BaseConnection.php(607): CodeIgniter\Database\BaseConnection->simpleQuery('INSERT INTO `da...')
#3 C:\Users\GABRIEL PANJAITAN\Downloads\CodeIgniter4-develop\TST-toko-material-toko-furnitur\system\Database\BaseBuilder.php(2301): CodeIgniter\Database\BaseConnection->query('INSERT INTO `da...', Array, false)
#4 C:\Users\GABRIEL PANJAITAN\Downloads\CodeIgniter4-develop\TST-toko-material-toko-furnitur\app\Models\M_PenilaianPerusahaan.php(15): CodeIgniter\Database\BaseBuilder->insert(Array)
#5 C:\Users\GABRIEL PANJAITAN\Downloads\CodeIgniter4-develop\TST-toko-material-toko-furnitur\app\Controllers\PenilaianPerusahaan.php(46): App\Models\M_PenilaianPerusahaan->tambah(Array)
#6 C:\Users\GABRIEL PANJAITAN\Downloads\CodeIgniter4-develop\TST-toko-material-toko-furnitur\system\CodeIgniter.php(942): App\Controllers\PenilaianPerusahaan->tambah()
#7 C:\Users\GABRIEL PANJAITAN\Downloads\CodeIgniter4-develop\TST-toko-material-toko-furnitur\system\CodeIgniter.php(502): CodeIgniter\CodeIgniter->runController(Object(App\Controllers\PenilaianPerusahaan))
#8 C:\Users\GABRIEL PANJAITAN\Downloads\CodeIgniter4-develop\TST-toko-material-toko-furnitur\system\CodeIgniter.php(361): CodeIgniter\CodeIgniter->handleRequest(NULL, Object(Config\Cache), false)
#9 C:\Users\GABRIEL PANJAITAN\Downloads\CodeIgniter4-develop\TST-toko-material-toko-furnitur\public\index.php(79): CodeIgniter\CodeIgniter->run()
#10 C:\Users\GABRIEL PANJAITAN\Downloads\CodeIgniter4-develop\TST-toko-material-toko-furnitur\system\Commands\Server\rewrite.php(47): require_once('C:\\Users\\GABRIE...')
#11 {main}
CRITICAL - 2023-12-13 22:52:22 --> You have an error in your SQL syntax; check the manual that corresponds to your MariaDB server version for the right syntax to use near '`Kayu`, `Merek` `Kayu`, `Tingkat_Tekstur`, `Tingkat_Ketahanan`, `Tingkat_Kepe...' at line 1
in SYSTEMPATH\Database\BaseConnection.php on line 647.
 1 SYSTEMPATH\Database\BaseBuilder.php(2301): CodeIgniter\Database\BaseConnection->query('INSERT INTO `data_penilaian_kayu_dari_perusahaan` (`Jenis` `Kayu`, `Merek` `Kayu`, `Tingkat_Tekstur`, `Tingkat_Ketahanan`, `Tingkat_Keperawatan`, `Harga`, `Massa_Jenis`, `Tipe_Finishing_Warna`, `Kelebihan`, `Kekurangan`) VALUES (:Jenis Kayu:, :Merek Kayu:, :Tingkat_Tekstur:, :Tingkat_Ketahanan:, :Tingkat_Keperawatan:, :Harga:, :Massa_Jenis:, :Tipe_Finishing_Warna:, :Kelebihan:, :Kekurangan:)', [...], false)
 2 APPPATH\Models\M_PenilaianPerusahaan.php(15): CodeIgniter\Database\BaseBuilder->insert([...])
 3 APPPATH\Controllers\PenilaianPerusahaan.php(46): App\Models\M_PenilaianPerusahaan->tambah([...])
 4 SYSTEMPATH\CodeIgniter.php(942): App\Controllers\PenilaianPerusahaan->tambah()
 5 SYSTEMPATH\CodeIgniter.php(502): CodeIgniter\CodeIgniter->runController(Object(App\Controllers\PenilaianPerusahaan))
 6 SYSTEMPATH\CodeIgniter.php(361): CodeIgniter\CodeIgniter->handleRequest(null, Object(Config\Cache), false)
 7 FCPATH\index.php(79): CodeIgniter\CodeIgniter->run()
 8 SYSTEMPATH\Commands\Server\rewrite.php(47): require_once('C:\\Users\\GABRIEL PANJAITAN\\Downloads\\CodeIgniter4-develop\\TST-toko-material-toko-furnitur\\public\\index.php')
ERROR - 2023-12-13 23:04:07 --> mysqli_sql_exception: You have an error in your SQL syntax; check the manual that corresponds to your MariaDB server version for the right syntax to use near '`Kayu`, `Merek` `Kayu`, `Tingkat_Tekstur`, `Tingkat_Ketahanan`, `Tingkat_Kepe...' at line 1 in C:\Users\GABRIEL PANJAITAN\Downloads\CodeIgniter4-develop\TST-toko-material-toko-furnitur\system\Database\MySQLi\Connection.php:306
Stack trace:
#0 C:\Users\GABRIEL PANJAITAN\Downloads\CodeIgniter4-develop\TST-toko-material-toko-furnitur\system\Database\MySQLi\Connection.php(306): mysqli->query('INSERT INTO `da...', 0)
#1 C:\Users\GABRIEL PANJAITAN\Downloads\CodeIgniter4-develop\TST-toko-material-toko-furnitur\system\Database\BaseConnection.php(693): CodeIgniter\Database\MySQLi\Connection->execute('INSERT INTO `da...')
#2 C:\Users\GABRIEL PANJAITAN\Downloads\CodeIgniter4-develop\TST-toko-material-toko-furnitur\system\Database\BaseConnection.php(607): CodeIgniter\Database\BaseConnection->simpleQuery('INSERT INTO `da...')
#3 C:\Users\GABRIEL PANJAITAN\Downloads\CodeIgniter4-develop\TST-toko-material-toko-furnitur\system\Database\BaseBuilder.php(2301): CodeIgniter\Database\BaseConnection->query('INSERT INTO `da...', Array, false)
#4 C:\Users\GABRIEL PANJAITAN\Downloads\CodeIgniter4-develop\TST-toko-material-toko-furnitur\app\Models\M_PenilaianPerusahaan.php(15): CodeIgniter\Database\BaseBuilder->insert(Array)
#5 C:\Users\GABRIEL PANJAITAN\Downloads\CodeIgniter4-develop\TST-toko-material-toko-furnitur\app\Controllers\PenilaianPerusahaan.php(46): App\Models\M_PenilaianPerusahaan->tambah(Array)
#6 C:\Users\GABRIEL PANJAITAN\Downloads\CodeIgniter4-develop\TST-toko-material-toko-furnitur\system\CodeIgniter.php(942): App\Controllers\PenilaianPerusahaan->tambah()
#7 C:\Users\GABRIEL PANJAITAN\Downloads\CodeIgniter4-develop\TST-toko-material-toko-furnitur\system\CodeIgniter.php(502): CodeIgniter\CodeIgniter->runController(Object(App\Controllers\PenilaianPerusahaan))
#8 C:\Users\GABRIEL PANJAITAN\Downloads\CodeIgniter4-develop\TST-toko-material-toko-furnitur\system\CodeIgniter.php(361): CodeIgniter\CodeIgniter->handleRequest(NULL, Object(Config\Cache), false)
#9 C:\Users\GABRIEL PANJAITAN\Downloads\CodeIgniter4-develop\TST-toko-material-toko-furnitur\public\index.php(79): CodeIgniter\CodeIgniter->run()
#10 C:\Users\GABRIEL PANJAITAN\Downloads\CodeIgniter4-develop\TST-toko-material-toko-furnitur\system\Commands\Server\rewrite.php(47): require_once('C:\\Users\\GABRIE...')
#11 {main}
CRITICAL - 2023-12-13 23:04:07 --> You have an error in your SQL syntax; check the manual that corresponds to your MariaDB server version for the right syntax to use near '`Kayu`, `Merek` `Kayu`, `Tingkat_Tekstur`, `Tingkat_Ketahanan`, `Tingkat_Kepe...' at line 1
in SYSTEMPATH\Database\BaseConnection.php on line 647.
 1 SYSTEMPATH\Database\BaseBuilder.php(2301): CodeIgniter\Database\BaseConnection->query('INSERT INTO `data_penilaian_kayu_dari_perusahaan` (`Jenis` `Kayu`, `Merek` `Kayu`, `Tingkat_Tekstur`, `Tingkat_Ketahanan`, `Tingkat_Keperawatan`, `Harga`, `Massa_Jenis`, `Tipe_Finishing_Warna`, `Kelebihan`, `Kekurangan`) VALUES (:Jenis Kayu:, :Merek Kayu:, :Tingkat_Tekstur:, :Tingkat_Ketahanan:, :Tingkat_Keperawatan:, :Harga:, :Massa_Jenis:, :Tipe_Finishing_Warna:, :Kelebihan:, :Kekurangan:)', [...], false)
 2 APPPATH\Models\M_PenilaianPerusahaan.php(15): CodeIgniter\Database\BaseBuilder->insert([...])
 3 APPPATH\Controllers\PenilaianPerusahaan.php(46): App\Models\M_PenilaianPerusahaan->tambah([...])
 4 SYSTEMPATH\CodeIgniter.php(942): App\Controllers\PenilaianPerusahaan->tambah()
 5 SYSTEMPATH\CodeIgniter.php(502): CodeIgniter\CodeIgniter->runController(Object(App\Controllers\PenilaianPerusahaan))
 6 SYSTEMPATH\CodeIgniter.php(361): CodeIgniter\CodeIgniter->handleRequest(null, Object(Config\Cache), false)
 7 FCPATH\index.php(79): CodeIgniter\CodeIgniter->run()
 8 SYSTEMPATH\Commands\Server\rewrite.php(47): require_once('C:\\Users\\GABRIEL PANJAITAN\\Downloads\\CodeIgniter4-develop\\TST-toko-material-toko-furnitur\\public\\index.php')
ERROR - 2023-12-13 23:07:30 --> mysqli_sql_exception: You have an error in your SQL syntax; check the manual that corresponds to your MariaDB server version for the right syntax to use near '`Kayu`, `Merek` `Kayu`, `Tingkat_Tekstur`, `Tingkat_Ketahanan`, `Tingkat_Kepe...' at line 1 in C:\Users\GABRIEL PANJAITAN\Downloads\CodeIgniter4-develop\TST-toko-material-toko-furnitur\system\Database\MySQLi\Connection.php:306
Stack trace:
#0 C:\Users\GABRIEL PANJAITAN\Downloads\CodeIgniter4-develop\TST-toko-material-toko-furnitur\system\Database\MySQLi\Connection.php(306): mysqli->query('INSERT INTO `da...', 0)
#1 C:\Users\GABRIEL PANJAITAN\Downloads\CodeIgniter4-develop\TST-toko-material-toko-furnitur\system\Database\BaseConnection.php(693): CodeIgniter\Database\MySQLi\Connection->execute('INSERT INTO `da...')
#2 C:\Users\GABRIEL PANJAITAN\Downloads\CodeIgniter4-develop\TST-toko-material-toko-furnitur\system\Database\BaseConnection.php(607): CodeIgniter\Database\BaseConnection->simpleQuery('INSERT INTO `da...')
#3 C:\Users\GABRIEL PANJAITAN\Downloads\CodeIgniter4-develop\TST-toko-material-toko-furnitur\system\Database\BaseBuilder.php(2301): CodeIgniter\Database\BaseConnection->query('INSERT INTO `da...', Array, false)
#4 C:\Users\GABRIEL PANJAITAN\Downloads\CodeIgniter4-develop\TST-toko-material-toko-furnitur\app\Models\M_PenilaianPerusahaan.php(15): CodeIgniter\Database\BaseBuilder->insert(Array)
#5 C:\Users\GABRIEL PANJAITAN\Downloads\CodeIgniter4-develop\TST-toko-material-toko-furnitur\app\Controllers\PenilaianPerusahaan.php(46): App\Models\M_PenilaianPerusahaan->tambah(Array)
#6 C:\Users\GABRIEL PANJAITAN\Downloads\CodeIgniter4-develop\TST-toko-material-toko-furnitur\system\CodeIgniter.php(942): App\Controllers\PenilaianPerusahaan->tambah()
#7 C:\Users\GABRIEL PANJAITAN\Downloads\CodeIgniter4-develop\TST-toko-material-toko-furnitur\system\CodeIgniter.php(502): CodeIgniter\CodeIgniter->runController(Object(App\Controllers\PenilaianPerusahaan))
#8 C:\Users\GABRIEL PANJAITAN\Downloads\CodeIgniter4-develop\TST-toko-material-toko-furnitur\system\CodeIgniter.php(361): CodeIgniter\CodeIgniter->handleRequest(NULL, Object(Config\Cache), false)
#9 C:\Users\GABRIEL PANJAITAN\Downloads\CodeIgniter4-develop\TST-toko-material-toko-furnitur\public\index.php(79): CodeIgniter\CodeIgniter->run()
#10 C:\Users\GABRIEL PANJAITAN\Downloads\CodeIgniter4-develop\TST-toko-material-toko-furnitur\system\Commands\Server\rewrite.php(47): require_once('C:\\Users\\GABRIE...')
#11 {main}
CRITICAL - 2023-12-13 23:07:30 --> You have an error in your SQL syntax; check the manual that corresponds to your MariaDB server version for the right syntax to use near '`Kayu`, `Merek` `Kayu`, `Tingkat_Tekstur`, `Tingkat_Ketahanan`, `Tingkat_Kepe...' at line 1
in SYSTEMPATH\Database\BaseConnection.php on line 647.
 1 SYSTEMPATH\Database\BaseBuilder.php(2301): CodeIgniter\Database\BaseConnection->query('INSERT INTO `data_penilaian_kayu_dari_perusahaan` (`Jenis` `Kayu`, `Merek` `Kayu`, `Tingkat_Tekstur`, `Tingkat_Ketahanan`, `Tingkat_Keperawatan`, `Harga`, `Massa_Jenis`, `Tipe_Finishing_Warna`, `Kelebihan`, `Kekurangan`) VALUES (:Jenis Kayu:, :Merek Kayu:, :Tingkat_Tekstur:, :Tingkat_Ketahanan:, :Tingkat_Keperawatan:, :Harga:, :Massa_Jenis:, :Tipe_Finishing_Warna:, :Kelebihan:, :Kekurangan:)', [...], false)
 2 APPPATH\Models\M_PenilaianPerusahaan.php(15): CodeIgniter\Database\BaseBuilder->insert([...])
 3 APPPATH\Controllers\PenilaianPerusahaan.php(46): App\Models\M_PenilaianPerusahaan->tambah([...])
 4 SYSTEMPATH\CodeIgniter.php(942): App\Controllers\PenilaianPerusahaan->tambah()
 5 SYSTEMPATH\CodeIgniter.php(502): CodeIgniter\CodeIgniter->runController(Object(App\Controllers\PenilaianPerusahaan))
 6 SYSTEMPATH\CodeIgniter.php(361): CodeIgniter\CodeIgniter->handleRequest(null, Object(Config\Cache), false)
 7 FCPATH\index.php(79): CodeIgniter\CodeIgniter->run()
 8 SYSTEMPATH\Commands\Server\rewrite.php(47): require_once('C:\\Users\\GABRIEL PANJAITAN\\Downloads\\CodeIgniter4-develop\\TST-toko-material-toko-furnitur\\public\\index.php')
ERROR - 2023-12-13 23:12:01 --> mysqli_sql_exception: Column 'Jenis_Kayu' cannot be null in C:\Users\GABRIEL PANJAITAN\Downloads\CodeIgniter4-develop\TST-toko-material-toko-furnitur\system\Database\MySQLi\Connection.php:306
Stack trace:
#0 C:\Users\GABRIEL PANJAITAN\Downloads\CodeIgniter4-develop\TST-toko-material-toko-furnitur\system\Database\MySQLi\Connection.php(306): mysqli->query('INSERT INTO `da...', 0)
#1 C:\Users\GABRIEL PANJAITAN\Downloads\CodeIgniter4-develop\TST-toko-material-toko-furnitur\system\Database\BaseConnection.php(693): CodeIgniter\Database\MySQLi\Connection->execute('INSERT INTO `da...')
#2 C:\Users\GABRIEL PANJAITAN\Downloads\CodeIgniter4-develop\TST-toko-material-toko-furnitur\system\Database\BaseConnection.php(607): CodeIgniter\Database\BaseConnection->simpleQuery('INSERT INTO `da...')
#3 C:\Users\GABRIEL PANJAITAN\Downloads\CodeIgniter4-develop\TST-toko-material-toko-furnitur\system\Database\BaseBuilder.php(2301): CodeIgniter\Database\BaseConnection->query('INSERT INTO `da...', Array, false)
#4 C:\Users\GABRIEL PANJAITAN\Downloads\CodeIgniter4-develop\TST-toko-material-toko-furnitur\app\Models\M_PenilaianPerusahaan.php(15): CodeIgniter\Database\BaseBuilder->insert(Array)
#5 C:\Users\GABRIEL PANJAITAN\Downloads\CodeIgniter4-develop\TST-toko-material-toko-furnitur\app\Controllers\PenilaianPerusahaan.php(46): App\Models\M_PenilaianPerusahaan->tambah(Array)
#6 C:\Users\GABRIEL PANJAITAN\Downloads\CodeIgniter4-develop\TST-toko-material-toko-furnitur\system\CodeIgniter.php(942): App\Controllers\PenilaianPerusahaan->tambah()
#7 C:\Users\GABRIEL PANJAITAN\Downloads\CodeIgniter4-develop\TST-toko-material-toko-furnitur\system\CodeIgniter.php(502): CodeIgniter\CodeIgniter->runController(Object(App\Controllers\PenilaianPerusahaan))
#8 C:\Users\GABRIEL PANJAITAN\Downloads\CodeIgniter4-develop\TST-toko-material-toko-furnitur\system\CodeIgniter.php(361): CodeIgniter\CodeIgniter->handleRequest(NULL, Object(Config\Cache), false)
#9 C:\Users\GABRIEL PANJAITAN\Downloads\CodeIgniter4-develop\TST-toko-material-toko-furnitur\public\index.php(79): CodeIgniter\CodeIgniter->run()
#10 C:\Users\GABRIEL PANJAITAN\Downloads\CodeIgniter4-develop\TST-toko-material-toko-furnitur\system\Commands\Server\rewrite.php(47): require_once('C:\\Users\\GABRIE...')
#11 {main}
CRITICAL - 2023-12-13 23:12:01 --> Column 'Jenis_Kayu' cannot be null
in SYSTEMPATH\Database\BaseConnection.php on line 647.
 1 SYSTEMPATH\Database\BaseBuilder.php(2301): CodeIgniter\Database\BaseConnection->query('INSERT INTO `data_penilaian_kayu_dari_perusahaan` (`Jenis_Kayu`, `Merek_Kayu`, `Tingkat_Tekstur`, `Tingkat_Ketahanan`, `Tingkat_Keperawatan`, `Harga`, `Massa_Jenis`, `Tipe_Finishing_Warna`, `Kelebihan`, `Kekurangan`) VALUES (:Jenis_Kayu:, :Merek_Kayu:, :Tingkat_Tekstur:, :Tingkat_Ketahanan:, :Tingkat_Keperawatan:, :Harga:, :Massa_Jenis:, :Tipe_Finishing_Warna:, :Kelebihan:, :Kekurangan:)', [...], false)
 2 APPPATH\Models\M_PenilaianPerusahaan.php(15): CodeIgniter\Database\BaseBuilder->insert([...])
 3 APPPATH\Controllers\PenilaianPerusahaan.php(46): App\Models\M_PenilaianPerusahaan->tambah([...])
 4 SYSTEMPATH\CodeIgniter.php(942): App\Controllers\PenilaianPerusahaan->tambah()
 5 SYSTEMPATH\CodeIgniter.php(502): CodeIgniter\CodeIgniter->runController(Object(App\Controllers\PenilaianPerusahaan))
 6 SYSTEMPATH\CodeIgniter.php(361): CodeIgniter\CodeIgniter->handleRequest(null, Object(Config\Cache), false)
 7 FCPATH\index.php(79): CodeIgniter\CodeIgniter->run()
 8 SYSTEMPATH\Commands\Server\rewrite.php(47): require_once('C:\\Users\\GABRIEL PANJAITAN\\Downloads\\CodeIgniter4-develop\\TST-toko-material-toko-furnitur\\public\\index.php')
